This file contains any messages produced by compilers while
running configure, to aid debugging if configure makes a mistake.

It was created by libnl configure 3.9.0, which was
generated by GNU Autoconf 2.71.  Invocation command line was

  $ ./configure --target=aarch64-buildroot-linux-gnu --host=aarch64-buildroot-linux-gnu --build=x86_64-pc-linux-gnu --prefix=/usr --exec-prefix=/usr --sysconfdir=/etc --localstatedir=/var --program-prefix= --disable-gtk-doc --disable-gtk-doc-html --disable-doc --disable-docs --disable-documentation --with-xmlto=no --with-fop=no --disable-dependency-tracking --enable-ipv6 --disable-nls --disable-static --enable-shared --disable-cli --disable-unit-tests

## --------- ##
## Platform. ##
## --------- ##

hostname = archlinux
uname -m = x86_64
uname -r = 6.9.9-arch1-1
uname -s = Linux
uname -v = #1 SMP PREEMPT_DYNAMIC Fri, 12 Jul 2024 00:06:53 +0000

/usr/bin/uname -p = unknown
/bin/uname -X     = unknown

/bin/arch              = unknown
/usr/bin/arch -k       = unknown
/usr/convex/getsysinfo = unknown
/usr/bin/hostinfo      = unknown
/bin/machine           = unknown
/usr/bin/oslevel       = unknown
/bin/universe          = unknown

PATH: /home/erion/Projects/buildroot/output/host/bin/
PATH: /home/erion/Projects/buildroot/output/host/sbin/
PATH: /home/erion/Apps/miniconda3/condabin/
PATH: /opt/devkitpro/tools/bin/
PATH: /usr/local/sbin/
PATH: /usr/local/bin/
PATH: /usr/bin/
PATH: /var/lib/flatpak/exports/bin/
PATH: /usr/lib/jvm/default/bin/
PATH: /usr/bin/site_perl/
PATH: /usr/bin/vendor_perl/
PATH: /usr/bin/core_perl/


## ----------- ##
## Core tests. ##
## ----------- ##

configure:2459: looking for aux files: config.guess config.sub ltmain.sh compile ar-lib missing install-sh
configure:2472:  trying ./build-aux/
configure:2501:   ./build-aux/config.guess found
configure:2501:   ./build-aux/config.sub found
configure:2501:   ./build-aux/ltmain.sh found
configure:2501:   ./build-aux/compile found
configure:2501:   ./build-aux/ar-lib found
configure:2501:   ./build-aux/missing found
configure:2483:   ./build-aux/install-sh found
configure:2634: checking for a BSD-compatible install
configure:2707: result: /usr/bin/install -c
configure:2718: checking whether build environment is sane
configure:2773: result: yes
configure:2829: checking for aarch64-buildroot-linux-gnu-strip
configure:2861: result: /home/erion/Projects/buildroot/output/host/bin/aarch64-buildroot-linux-gnu-strip
configure:2932: checking for a race-free mkdir -p
configure:2976: result: /usr/bin/mkdir -p
configure:2983: checking for gawk
configure:3004: found /home/erion/Projects/buildroot/output/host/bin/gawk
configure:3015: result: gawk
configure:3026: checking whether make sets $(MAKE)
configure:3049: result: yes
configure:3079: checking whether make supports nested variables
configure:3097: result: yes
configure:3245: checking whether make supports nested variables
configure:3263: result: yes
configure:3287: checking whether make supports the include directive
configure:3302: make -f confmf.GNU && cat confinc.out
make[1]: Entering directory '/home/erion/Projects/buildroot/output/build/libnl-3.9.0'
make[1]: Leaving directory '/home/erion/Projects/buildroot/output/build/libnl-3.9.0'
this is the am__doit target
configure:3305: $? = 0
configure:3324: result: yes (GNU style)
configure:3355: checking for aarch64-buildroot-linux-gnu-gcc
configure:3387: result: /home/erion/Projects/buildroot/output/host/bin/aarch64-buildroot-linux-gnu-gcc
configure:3785: checking for C compiler version
configure:3794: /home/erion/Projects/buildroot/output/host/bin/aarch64-buildroot-linux-gnu-gcc --version >&5
aarch64-buildroot-linux-gnu-gcc.br_real (Buildroot 2024.02.2) 12.3.0
Copyright (C) 2022 Free Software Foundation, Inc.
This is free software; see the source for copying conditions.  There is NO
warranty; not even for MERCHANTABILITY or FITNESS FOR A PARTICULAR PURPOSE.

configure:3805: $? = 0
configure:3794: /home/erion/Projects/buildroot/output/host/bin/aarch64-buildroot-linux-gnu-gcc -v >&5
Using built-in specs.
COLLECT_GCC=/home/erion/Projects/buildroot/output/host/bin/aarch64-buildroot-linux-gnu-gcc.br_real
COLLECT_LTO_WRAPPER=/home/erion/Projects/buildroot/output/host/libexec/gcc/aarch64-buildroot-linux-gnu/12.3.0/lto-wrapper
Target: aarch64-buildroot-linux-gnu
Configured with: ./configure --prefix=/home/erion/Projects/buildroot/output/host --sysconfdir=/home/erion/Projects/buildroot/output/host/etc --enable-static --target=aarch64-buildroot-linux-gnu --with-sysroot=/home/erion/Projects/buildroot/output/host/aarch64-buildroot-linux-gnu/sysroot --enable-__cxa_atexit --with-gnu-ld --disable-libssp --disable-multilib --disable-decimal-float --enable-plugins --enable-lto --with-gmp=/home/erion/Projects/buildroot/output/host --with-mpc=/home/erion/Projects/buildroot/output/host --with-mpfr=/home/erion/Projects/buildroot/output/host --with-pkgversion='Buildroot 2024.02.2' --with-bugurl=http://bugs.buildroot.net/ --without-zstd --disable-libquadmath --disable-libquadmath-support --enable-tls --enable-threads --without-isl --without-cloog --with-abi=lp64 --with-cpu=cortex-a72 --enable-languages=c,c++ --with-build-time-tools=/home/erion/Projects/buildroot/output/host/aarch64-buildroot-linux-gnu/bin --enable-shared --disable-libgomp
Thread model: posix
Supported LTO compression algorithms: zlib
gcc version 12.3.0 (Buildroot 2024.02.2) 
COMPILER_PATH=/home/erion/Projects/buildroot/output/host/libexec/gcc/aarch64-buildroot-linux-gnu/12.3.0/:/home/erion/Projects/buildroot/output/host/libexec/gcc/aarch64-buildroot-linux-gnu/12.3.0/:/home/erion/Projects/buildroot/output/host/libexec/gcc/aarch64-buildroot-linux-gnu/:/home/erion/Projects/buildroot/output/host/lib/gcc/aarch64-buildroot-linux-gnu/12.3.0/:/home/erion/Projects/buildroot/output/host/lib/gcc/aarch64-buildroot-linux-gnu/:/home/erion/Projects/buildroot/output/host/lib/gcc/aarch64-buildroot-linux-gnu/12.3.0/../../../../aarch64-buildroot-linux-gnu/bin/
LIBRARY_PATH=/home/erion/Projects/buildroot/output/host/lib/gcc/aarch64-buildroot-linux-gnu/12.3.0/:/home/erion/Projects/buildroot/output/host/lib/gcc/aarch64-buildroot-linux-gnu/12.3.0/../../../../aarch64-buildroot-linux-gnu/lib/../lib64/:/home/erion/Projects/buildroot/output/host/aarch64-buildroot-linux-gnu/sysroot/lib/../lib64/:/home/erion/Projects/buildroot/output/host/aarch64-buildroot-linux-gnu/sysroot/usr/lib/../lib64/:/home/erion/Projects/buildroot/output/host/lib/gcc/aarch64-buildroot-linux-gnu/12.3.0/../../../../aarch64-buildroot-linux-gnu/lib/:/home/erion/Projects/buildroot/output/host/aarch64-buildroot-linux-gnu/sysroot/lib/:/home/erion/Projects/buildroot/output/host/aarch64-buildroot-linux-gnu/sysroot/usr/lib/
... rest of stderr output deleted ...
configure:3805: $? = 1
configure:3794: /home/erion/Projects/buildroot/output/host/bin/aarch64-buildroot-linux-gnu-gcc -V >&5
aarch64-buildroot-linux-gnu-gcc.br_real: error: unrecognized command-line option '-V'
configure:3805: $? = 1
configure:3794: /home/erion/Projects/buildroot/output/host/bin/aarch64-buildroot-linux-gnu-gcc -qversion >&5
aarch64-buildroot-linux-gnu-gcc.br_real: error: unrecognized command-line option '-qversion'; did you mean '--version'?
configure:3805: $? = 1
configure:3794: /home/erion/Projects/buildroot/output/host/bin/aarch64-buildroot-linux-gnu-gcc -version >&5
aarch64-buildroot-linux-gnu-gcc.br_real: error: unrecognized command-line option '-version'
configure:3805: $? = 1
configure:3825: checking whether the C compiler works
configure:3847: /home/erion/Projects/buildroot/output/host/bin/aarch64-buildroot-linux-gnu-gcc -D_LARGEFILE_SOURCE -D_LARGEFILE64_SOURCE -D_FILE_OFFSET_BITS=64  -O2 -g0 -D_FORTIFY_SOURCE=1 -D_LARGEFILE_SOURCE -D_LARGEFILE64_SOURCE -D_FILE_OFFSET_BITS=64  conftest.c  >&5
configure:3851: $? = 0
configure:3901: result: yes
configure:3904: checking for C compiler default output file name
configure:3906: result: a.out
configure:3912: checking for suffix of executables
configure:3919: /home/erion/Projects/buildroot/output/host/bin/aarch64-buildroot-linux-gnu-gcc -o conftest -D_LARGEFILE_SOURCE -D_LARGEFILE64_SOURCE -D_FILE_OFFSET_BITS=64  -O2 -g0 -D_FORTIFY_SOURCE=1 -D_LARGEFILE_SOURCE -D_LARGEFILE64_SOURCE -D_FILE_OFFSET_BITS=64  conftest.c  >&5
configure:3923: $? = 0
configure:3946: result: 
configure:3968: checking whether we are cross compiling
configure:4006: result: yes
configure:4011: checking for suffix of object files
configure:4034: /home/erion/Projects/buildroot/output/host/bin/aarch64-buildroot-linux-gnu-gcc -c -D_LARGEFILE_SOURCE -D_LARGEFILE64_SOURCE -D_FILE_OFFSET_BITS=64  -O2 -g0 -D_FORTIFY_SOURCE=1 -D_LARGEFILE_SOURCE -D_LARGEFILE64_SOURCE -D_FILE_OFFSET_BITS=64 conftest.c >&5
configure:4038: $? = 0
configure:4060: result: o
configure:4064: checking whether the compiler supports GNU C
configure:4084: /home/erion/Projects/buildroot/output/host/bin/aarch64-buildroot-linux-gnu-gcc -c -D_LARGEFILE_SOURCE -D_LARGEFILE64_SOURCE -D_FILE_OFFSET_BITS=64  -O2 -g0 -D_FORTIFY_SOURCE=1 -D_LARGEFILE_SOURCE -D_LARGEFILE64_SOURCE -D_FILE_OFFSET_BITS=64 conftest.c >&5
configure:4084: $? = 0
configure:4094: result: yes
configure:4105: checking whether /home/erion/Projects/buildroot/output/host/bin/aarch64-buildroot-linux-gnu-gcc accepts -g
configure:4126: /home/erion/Projects/buildroot/output/host/bin/aarch64-buildroot-linux-gnu-gcc -c -g -D_LARGEFILE_SOURCE -D_LARGEFILE64_SOURCE -D_FILE_OFFSET_BITS=64 conftest.c >&5
configure:4126: $? = 0
configure:4170: result: yes
configure:4190: checking for /home/erion/Projects/buildroot/output/host/bin/aarch64-buildroot-linux-gnu-gcc option to enable C11 features
configure:4205: /home/erion/Projects/buildroot/output/host/bin/aarch64-buildroot-linux-gnu-gcc  -c -D_LARGEFILE_SOURCE -D_LARGEFILE64_SOURCE -D_FILE_OFFSET_BITS=64  -O2 -g0 -D_FORTIFY_SOURCE=1 -D_LARGEFILE_SOURCE -D_LARGEFILE64_SOURCE -D_FILE_OFFSET_BITS=64 conftest.c >&5
configure:4205: $? = 0
configure:4223: result: none needed
configure:4339: checking whether /home/erion/Projects/buildroot/output/host/bin/aarch64-buildroot-linux-gnu-gcc understands -c and -o together
configure:4362: /home/erion/Projects/buildroot/output/host/bin/aarch64-buildroot-linux-gnu-gcc -c conftest.c -o conftest2.o
configure:4365: $? = 0
configure:4362: /home/erion/Projects/buildroot/output/host/bin/aarch64-buildroot-linux-gnu-gcc -c conftest.c -o conftest2.o
configure:4365: $? = 0
configure:4377: result: yes
configure:4396: checking dependency style of /home/erion/Projects/buildroot/output/host/bin/aarch64-buildroot-linux-gnu-gcc
configure:4508: result: none
configure:4530: checking for aarch64-buildroot-linux-gnu-ar
configure:4562: result: /home/erion/Projects/buildroot/output/host/bin/aarch64-buildroot-linux-gnu-gcc-ar
configure:4637: checking the archiver (/home/erion/Projects/buildroot/output/host/bin/aarch64-buildroot-linux-gnu-gcc-ar) interface
configure:4654: /home/erion/Projects/buildroot/output/host/bin/aarch64-buildroot-linux-gnu-gcc -c -D_LARGEFILE_SOURCE -D_LARGEFILE64_SOURCE -D_FILE_OFFSET_BITS=64  -O2 -g0 -D_FORTIFY_SOURCE=1 -D_LARGEFILE_SOURCE -D_LARGEFILE64_SOURCE -D_FILE_OFFSET_BITS=64 conftest.c >&5
configure:4654: $? = 0
configure:4657: /home/erion/Projects/buildroot/output/host/bin/aarch64-buildroot-linux-gnu-gcc-ar cru libconftest.a conftest.o >&5
configure:4660: $? = 0
configure:4688: result: ar
configure:4735: checking for aarch64-buildroot-linux-gnu-gcc
configure:4767: result: /home/erion/Projects/buildroot/output/host/bin/aarch64-buildroot-linux-gnu-gcc
configure:5165: checking for C compiler version
configure:5174: /home/erion/Projects/buildroot/output/host/bin/aarch64-buildroot-linux-gnu-gcc --version >&5
aarch64-buildroot-linux-gnu-gcc.br_real (Buildroot 2024.02.2) 12.3.0
Copyright (C) 2022 Free Software Foundation, Inc.
This is free software; see the source for copying conditions.  There is NO
warranty; not even for MERCHANTABILITY or FITNESS FOR A PARTICULAR PURPOSE.

configure:5185: $? = 0
configure:5174: /home/erion/Projects/buildroot/output/host/bin/aarch64-buildroot-linux-gnu-gcc -v >&5
Using built-in specs.
COLLECT_GCC=/home/erion/Projects/buildroot/output/host/bin/aarch64-buildroot-linux-gnu-gcc.br_real
COLLECT_LTO_WRAPPER=/home/erion/Projects/buildroot/output/host/libexec/gcc/aarch64-buildroot-linux-gnu/12.3.0/lto-wrapper
Target: aarch64-buildroot-linux-gnu
Configured with: ./configure --prefix=/home/erion/Projects/buildroot/output/host --sysconfdir=/home/erion/Projects/buildroot/output/host/etc --enable-static --target=aarch64-buildroot-linux-gnu --with-sysroot=/home/erion/Projects/buildroot/output/host/aarch64-buildroot-linux-gnu/sysroot --enable-__cxa_atexit --with-gnu-ld --disable-libssp --disable-multilib --disable-decimal-float --enable-plugins --enable-lto --with-gmp=/home/erion/Projects/buildroot/output/host --with-mpc=/home/erion/Projects/buildroot/output/host --with-mpfr=/home/erion/Projects/buildroot/output/host --with-pkgversion='Buildroot 2024.02.2' --with-bugurl=http://bugs.buildroot.net/ --without-zstd --disable-libquadmath --disable-libquadmath-support --enable-tls --enable-threads --without-isl --without-cloog --with-abi=lp64 --with-cpu=cortex-a72 --enable-languages=c,c++ --with-build-time-tools=/home/erion/Projects/buildroot/output/host/aarch64-buildroot-linux-gnu/bin --enable-shared --disable-libgomp
Thread model: posix
Supported LTO compression algorithms: zlib
gcc version 12.3.0 (Buildroot 2024.02.2) 
COMPILER_PATH=/home/erion/Projects/buildroot/output/host/libexec/gcc/aarch64-buildroot-linux-gnu/12.3.0/:/home/erion/Projects/buildroot/output/host/libexec/gcc/aarch64-buildroot-linux-gnu/12.3.0/:/home/erion/Projects/buildroot/output/host/libexec/gcc/aarch64-buildroot-linux-gnu/:/home/erion/Projects/buildroot/output/host/lib/gcc/aarch64-buildroot-linux-gnu/12.3.0/:/home/erion/Projects/buildroot/output/host/lib/gcc/aarch64-buildroot-linux-gnu/:/home/erion/Projects/buildroot/output/host/lib/gcc/aarch64-buildroot-linux-gnu/12.3.0/../../../../aarch64-buildroot-linux-gnu/bin/
LIBRARY_PATH=/home/erion/Projects/buildroot/output/host/lib/gcc/aarch64-buildroot-linux-gnu/12.3.0/:/home/erion/Projects/buildroot/output/host/lib/gcc/aarch64-buildroot-linux-gnu/12.3.0/../../../../aarch64-buildroot-linux-gnu/lib/../lib64/:/home/erion/Projects/buildroot/output/host/aarch64-buildroot-linux-gnu/sysroot/lib/../lib64/:/home/erion/Projects/buildroot/output/host/aarch64-buildroot-linux-gnu/sysroot/usr/lib/../lib64/:/home/erion/Projects/buildroot/output/host/lib/gcc/aarch64-buildroot-linux-gnu/12.3.0/../../../../aarch64-buildroot-linux-gnu/lib/:/home/erion/Projects/buildroot/output/host/aarch64-buildroot-linux-gnu/sysroot/lib/:/home/erion/Projects/buildroot/output/host/aarch64-buildroot-linux-gnu/sysroot/usr/lib/
... rest of stderr output deleted ...
configure:5185: $? = 1
configure:5174: /home/erion/Projects/buildroot/output/host/bin/aarch64-buildroot-linux-gnu-gcc -V >&5
aarch64-buildroot-linux-gnu-gcc.br_real: error: unrecognized command-line option '-V'
configure:5185: $? = 1
configure:5174: /home/erion/Projects/buildroot/output/host/bin/aarch64-buildroot-linux-gnu-gcc -qversion >&5
aarch64-buildroot-linux-gnu-gcc.br_real: error: unrecognized command-line option '-qversion'; did you mean '--version'?
configure:5185: $? = 1
configure:5174: /home/erion/Projects/buildroot/output/host/bin/aarch64-buildroot-linux-gnu-gcc -version >&5
aarch64-buildroot-linux-gnu-gcc.br_real: error: unrecognized command-line option '-version'
configure:5185: $? = 1
configure:5189: checking whether the compiler supports GNU C
configure:5219: result: yes
configure:5230: checking whether /home/erion/Projects/buildroot/output/host/bin/aarch64-buildroot-linux-gnu-gcc accepts -g
configure:5295: result: yes
configure:5315: checking for /home/erion/Projects/buildroot/output/host/bin/aarch64-buildroot-linux-gnu-gcc option to enable C11 features
configure:5348: result: none needed
configure:5464: checking whether /home/erion/Projects/buildroot/output/host/bin/aarch64-buildroot-linux-gnu-gcc understands -c and -o together
configure:5502: result: yes
configure:5521: checking dependency style of /home/erion/Projects/buildroot/output/host/bin/aarch64-buildroot-linux-gnu-gcc
configure:5633: result: none
configure:5682: checking build system type
configure:5697: result: x86_64-pc-linux-gnu
configure:5717: checking host system type
configure:5731: result: aarch64-buildroot-linux-gnu
configure:5772: checking how to print strings
configure:5799: result: printf
configure:5820: checking for a sed that does not truncate output
configure:5890: result: /usr/bin/sed
configure:5908: checking for grep that handles long lines and -e
configure:5972: result: /usr/bin/grep
configure:5977: checking for egrep
configure:6045: result: /usr/bin/grep -E
configure:6050: checking for fgrep
configure:6118: result: /usr/bin/grep -F
configure:6154: checking for ld used by /home/erion/Projects/buildroot/output/host/bin/aarch64-buildroot-linux-gnu-gcc
configure:6222: result: /home/erion/Projects/buildroot/output/host/bin/aarch64-buildroot-linux-gnu-ld
configure:6229: checking if the linker (/home/erion/Projects/buildroot/output/host/bin/aarch64-buildroot-linux-gnu-ld) is GNU ld
configure:6245: result: yes
configure:6257: checking for BSD- or MS-compatible name lister (nm)
configure:6312: result: /home/erion/Projects/buildroot/output/host/bin/aarch64-buildroot-linux-gnu-gcc-nm
configure:6452: checking the name lister (/home/erion/Projects/buildroot/output/host/bin/aarch64-buildroot-linux-gnu-gcc-nm) interface
configure:6460: /home/erion/Projects/buildroot/output/host/bin/aarch64-buildroot-linux-gnu-gcc -c -D_LARGEFILE_SOURCE -D_LARGEFILE64_SOURCE -D_FILE_OFFSET_BITS=64  -O2 -g0 -D_FORTIFY_SOURCE=1 -D_LARGEFILE_SOURCE -D_LARGEFILE64_SOURCE -D_FILE_OFFSET_BITS=64 conftest.c >&5
configure:6463: /home/erion/Projects/buildroot/output/host/bin/aarch64-buildroot-linux-gnu-gcc-nm "conftest.o"
configure:6466: output
0000000000000000 B some_variable
configure:6473: result: BSD nm
configure:6476: checking whether ln -s works
configure:6480: result: yes
configure:6488: checking the maximum length of command line arguments
configure:6620: result: 1572864
configure:6668: checking how to convert x86_64-pc-linux-gnu file names to aarch64-buildroot-linux-gnu format
configure:6709: result: func_convert_file_noop
configure:6716: checking how to convert x86_64-pc-linux-gnu file names to toolchain format
configure:6737: result: func_convert_file_noop
configure:6744: checking for /home/erion/Projects/buildroot/output/host/bin/aarch64-buildroot-linux-gnu-ld option to reload object files
configure:6752: result: -r
configure:6786: checking for aarch64-buildroot-linux-gnu-file
configure:6821: result: no
configure:6831: checking for file
configure:6852: found /usr/bin/file
configure:6863: result: file
configure:6875: WARNING: using cross tools not prefixed with host triplet
configure:6894: checking for aarch64-buildroot-linux-gnu-objdump
configure:6926: result: /home/erion/Projects/buildroot/output/host/bin/aarch64-buildroot-linux-gnu-objdump
configure:7003: checking how to recognize dependent libraries
configure:7204: result: pass_all
configure:7249: checking for aarch64-buildroot-linux-gnu-dlltool
configure:7284: result: no
configure:7294: checking for dlltool
configure:7329: result: no
configure:7359: checking how to associate runtime and link libraries
configure:7387: result: printf %s\n
configure:7403: checking for aarch64-buildroot-linux-gnu-ar
configure:7435: result: /home/erion/Projects/buildroot/output/host/bin/aarch64-buildroot-linux-gnu-gcc-ar
configure:7537: checking for archiver @FILE support
configure:7555: /home/erion/Projects/buildroot/output/host/bin/aarch64-buildroot-linux-gnu-gcc -c -D_LARGEFILE_SOURCE -D_LARGEFILE64_SOURCE -D_FILE_OFFSET_BITS=64  -O2 -g0 -D_FORTIFY_SOURCE=1 -D_LARGEFILE_SOURCE -D_LARGEFILE64_SOURCE -D_FILE_OFFSET_BITS=64 conftest.c >&5
configure:7555: $? = 0
configure:7559: /home/erion/Projects/buildroot/output/host/bin/aarch64-buildroot-linux-gnu-gcc-ar cr libconftest.a @conftest.lst >&5
configure:7562: $? = 0
configure:7567: /home/erion/Projects/buildroot/output/host/bin/aarch64-buildroot-linux-gnu-gcc-ar cr libconftest.a @conftest.lst >&5
/home/erion/Projects/buildroot/output/host/lib/gcc/aarch64-buildroot-linux-gnu/12.3.0/../../../../aarch64-buildroot-linux-gnu/bin/ar: conftest.o: No such file or directory
configure:7570: $? = 1
configure:7582: result: @
configure:7600: checking for aarch64-buildroot-linux-gnu-strip
configure:7632: result: /home/erion/Projects/buildroot/output/host/bin/aarch64-buildroot-linux-gnu-strip
configure:7709: checking for aarch64-buildroot-linux-gnu-ranlib
configure:7741: result: /home/erion/Projects/buildroot/output/host/bin/aarch64-buildroot-linux-gnu-gcc-ranlib
configure:7888: checking command to parse /home/erion/Projects/buildroot/output/host/bin/aarch64-buildroot-linux-gnu-gcc-nm output from /home/erion/Projects/buildroot/output/host/bin/aarch64-buildroot-linux-gnu-gcc object
configure:8042: /home/erion/Projects/buildroot/output/host/bin/aarch64-buildroot-linux-gnu-gcc -c -D_LARGEFILE_SOURCE -D_LARGEFILE64_SOURCE -D_FILE_OFFSET_BITS=64  -O2 -g0 -D_FORTIFY_SOURCE=1 -D_LARGEFILE_SOURCE -D_LARGEFILE64_SOURCE -D_FILE_OFFSET_BITS=64 conftest.c >&5
configure:8045: $? = 0
configure:8049: /home/erion/Projects/buildroot/output/host/bin/aarch64-buildroot-linux-gnu-gcc-nm conftest.o \| /usr/bin/sed -n -e 's/^.*[ ]\([ABCDGIRSTW][ABCDGIRSTW]*\)[ ][ ]*\([_A-Za-z][_A-Za-z0-9]*\)$/\1 \2 \2/p' | /usr/bin/sed '/ __gnu_lto/d' \> conftest.nm
configure:8052: $? = 0
configure:8118: /home/erion/Projects/buildroot/output/host/bin/aarch64-buildroot-linux-gnu-gcc -o conftest -D_LARGEFILE_SOURCE -D_LARGEFILE64_SOURCE -D_FILE_OFFSET_BITS=64  -O2 -g0 -D_FORTIFY_SOURCE=1 -D_LARGEFILE_SOURCE -D_LARGEFILE64_SOURCE -D_FILE_OFFSET_BITS=64  conftest.c conftstm.o >&5
configure:8121: $? = 0
configure:8159: result: ok
configure:8206: checking for sysroot
configure:8237: result: no
configure:8244: checking for a working dd
configure:8288: result: /usr/bin/dd
configure:8292: checking how to truncate binary pipes
configure:8308: result: /usr/bin/dd bs=4096 count=1
configure:8600: checking for aarch64-buildroot-linux-gnu-mt
configure:8635: result: no
configure:8645: checking for mt
configure:8680: result: no
configure:8700: checking if : is a manifest tool
configure:8707: : '-?'
configure:8715: result: no
configure:9440: checking for stdio.h
configure:9440: /home/erion/Projects/buildroot/output/host/bin/aarch64-buildroot-linux-gnu-gcc -c -D_LARGEFILE_SOURCE -D_LARGEFILE64_SOURCE -D_FILE_OFFSET_BITS=64  -O2 -g0 -D_FORTIFY_SOURCE=1 -D_LARGEFILE_SOURCE -D_LARGEFILE64_SOURCE -D_FILE_OFFSET_BITS=64 conftest.c >&5
configure:9440: $? = 0
configure:9440: result: yes
configure:9440: checking for stdlib.h
configure:9440: /home/erion/Projects/buildroot/output/host/bin/aarch64-buildroot-linux-gnu-gcc -c -D_LARGEFILE_SOURCE -D_LARGEFILE64_SOURCE -D_FILE_OFFSET_BITS=64  -O2 -g0 -D_FORTIFY_SOURCE=1 -D_LARGEFILE_SOURCE -D_LARGEFILE64_SOURCE -D_FILE_OFFSET_BITS=64 conftest.c >&5
configure:9440: $? = 0
configure:9440: result: yes
configure:9440: checking for string.h
configure:9440: /home/erion/Projects/buildroot/output/host/bin/aarch64-buildroot-linux-gnu-gcc -c -D_LARGEFILE_SOURCE -D_LARGEFILE64_SOURCE -D_FILE_OFFSET_BITS=64  -O2 -g0 -D_FORTIFY_SOURCE=1 -D_LARGEFILE_SOURCE -D_LARGEFILE64_SOURCE -D_FILE_OFFSET_BITS=64 conftest.c >&5
configure:9440: $? = 0
configure:9440: result: yes
configure:9440: checking for inttypes.h
configure:9440: /home/erion/Projects/buildroot/output/host/bin/aarch64-buildroot-linux-gnu-gcc -c -D_LARGEFILE_SOURCE -D_LARGEFILE64_SOURCE -D_FILE_OFFSET_BITS=64  -O2 -g0 -D_FORTIFY_SOURCE=1 -D_LARGEFILE_SOURCE -D_LARGEFILE64_SOURCE -D_FILE_OFFSET_BITS=64 conftest.c >&5
configure:9440: $? = 0
configure:9440: result: yes
configure:9440: checking for stdint.h
configure:9440: /home/erion/Projects/buildroot/output/host/bin/aarch64-buildroot-linux-gnu-gcc -c -D_LARGEFILE_SOURCE -D_LARGEFILE64_SOURCE -D_FILE_OFFSET_BITS=64  -O2 -g0 -D_FORTIFY_SOURCE=1 -D_LARGEFILE_SOURCE -D_LARGEFILE64_SOURCE -D_FILE_OFFSET_BITS=64 conftest.c >&5
configure:9440: $? = 0
configure:9440: result: yes
configure:9440: checking for strings.h
configure:9440: /home/erion/Projects/buildroot/output/host/bin/aarch64-buildroot-linux-gnu-gcc -c -D_LARGEFILE_SOURCE -D_LARGEFILE64_SOURCE -D_FILE_OFFSET_BITS=64  -O2 -g0 -D_FORTIFY_SOURCE=1 -D_LARGEFILE_SOURCE -D_LARGEFILE64_SOURCE -D_FILE_OFFSET_BITS=64 conftest.c >&5
configure:9440: $? = 0
configure:9440: result: yes
configure:9440: checking for sys/stat.h
configure:9440: /home/erion/Projects/buildroot/output/host/bin/aarch64-buildroot-linux-gnu-gcc -c -D_LARGEFILE_SOURCE -D_LARGEFILE64_SOURCE -D_FILE_OFFSET_BITS=64  -O2 -g0 -D_FORTIFY_SOURCE=1 -D_LARGEFILE_SOURCE -D_LARGEFILE64_SOURCE -D_FILE_OFFSET_BITS=64 conftest.c >&5
configure:9440: $? = 0
configure:9440: result: yes
configure:9440: checking for sys/types.h
configure:9440: /home/erion/Projects/buildroot/output/host/bin/aarch64-buildroot-linux-gnu-gcc -c -D_LARGEFILE_SOURCE -D_LARGEFILE64_SOURCE -D_FILE_OFFSET_BITS=64  -O2 -g0 -D_FORTIFY_SOURCE=1 -D_LARGEFILE_SOURCE -D_LARGEFILE64_SOURCE -D_FILE_OFFSET_BITS=64 conftest.c >&5
configure:9440: $? = 0
configure:9440: result: yes
configure:9440: checking for unistd.h
configure:9440: /home/erion/Projects/buildroot/output/host/bin/aarch64-buildroot-linux-gnu-gcc -c -D_LARGEFILE_SOURCE -D_LARGEFILE64_SOURCE -D_FILE_OFFSET_BITS=64  -O2 -g0 -D_FORTIFY_SOURCE=1 -D_LARGEFILE_SOURCE -D_LARGEFILE64_SOURCE -D_FILE_OFFSET_BITS=64 conftest.c >&5
configure:9440: $? = 0
configure:9440: result: yes
configure:9465: checking for dlfcn.h
configure:9465: /home/erion/Projects/buildroot/output/host/bin/aarch64-buildroot-linux-gnu-gcc -c -D_LARGEFILE_SOURCE -D_LARGEFILE64_SOURCE -D_FILE_OFFSET_BITS=64  -O2 -g0 -D_FORTIFY_SOURCE=1 -D_LARGEFILE_SOURCE -D_LARGEFILE64_SOURCE -D_FILE_OFFSET_BITS=64 conftest.c >&5
configure:9465: $? = 0
configure:9465: result: yes
configure:9724: checking for objdir
configure:9740: result: .libs
configure:10004: checking if /home/erion/Projects/buildroot/output/host/bin/aarch64-buildroot-linux-gnu-gcc supports -fno-rtti -fno-exceptions
configure:10023: /home/erion/Projects/buildroot/output/host/bin/aarch64-buildroot-linux-gnu-gcc -c -D_LARGEFILE_SOURCE -D_LARGEFILE64_SOURCE -D_FILE_OFFSET_BITS=64  -O2 -g0 -D_FORTIFY_SOURCE=1 -D_LARGEFILE_SOURCE -D_LARGEFILE64_SOURCE -D_FILE_OFFSET_BITS=64 -fno-rtti -fno-exceptions conftest.c >&5
cc1: warning: command-line option '-fno-rtti' is valid for C++/D/ObjC++ but not for C
configure:10027: $? = 0
configure:10040: result: no
configure:10398: checking for /home/erion/Projects/buildroot/output/host/bin/aarch64-buildroot-linux-gnu-gcc option to produce PIC
configure:10406: result: -fPIC -DPIC
configure:10414: checking if /home/erion/Projects/buildroot/output/host/bin/aarch64-buildroot-linux-gnu-gcc PIC flag -fPIC -DPIC works
configure:10433: /home/erion/Projects/buildroot/output/host/bin/aarch64-buildroot-linux-gnu-gcc -c -D_LARGEFILE_SOURCE -D_LARGEFILE64_SOURCE -D_FILE_OFFSET_BITS=64  -O2 -g0 -D_FORTIFY_SOURCE=1 -D_LARGEFILE_SOURCE -D_LARGEFILE64_SOURCE -D_FILE_OFFSET_BITS=64 -fPIC -DPIC -DPIC conftest.c >&5
configure:10437: $? = 0
configure:10450: result: yes
configure:10479: checking if /home/erion/Projects/buildroot/output/host/bin/aarch64-buildroot-linux-gnu-gcc static flag -static works
configure:10508: result: yes
configure:10523: checking if /home/erion/Projects/buildroot/output/host/bin/aarch64-buildroot-linux-gnu-gcc supports -c -o file.o
configure:10545: /home/erion/Projects/buildroot/output/host/bin/aarch64-buildroot-linux-gnu-gcc -c -D_LARGEFILE_SOURCE -D_LARGEFILE64_SOURCE -D_FILE_OFFSET_BITS=64  -O2 -g0 -D_FORTIFY_SOURCE=1 -D_LARGEFILE_SOURCE -D_LARGEFILE64_SOURCE -D_FILE_OFFSET_BITS=64 -o out/conftest2.o conftest.c >&5
configure:10549: $? = 0
configure:10571: result: yes
configure:10579: checking if /home/erion/Projects/buildroot/output/host/bin/aarch64-buildroot-linux-gnu-gcc supports -c -o file.o
configure:10627: result: yes
configure:10660: checking whether the /home/erion/Projects/buildroot/output/host/bin/aarch64-buildroot-linux-gnu-gcc linker (/home/erion/Projects/buildroot/output/host/bin/aarch64-buildroot-linux-gnu-ld) supports shared libraries
configure:11928: result: yes
configure:11965: checking whether -lc should be explicitly linked in
configure:11974: /home/erion/Projects/buildroot/output/host/bin/aarch64-buildroot-linux-gnu-gcc -c -D_LARGEFILE_SOURCE -D_LARGEFILE64_SOURCE -D_FILE_OFFSET_BITS=64  -O2 -g0 -D_FORTIFY_SOURCE=1 -D_LARGEFILE_SOURCE -D_LARGEFILE64_SOURCE -D_FILE_OFFSET_BITS=64 conftest.c >&5
configure:11977: $? = 0
configure:11992: /home/erion/Projects/buildroot/output/host/bin/aarch64-buildroot-linux-gnu-gcc -shared  -fPIC -DPIC conftest.o  -v -Wl,-soname -Wl,conftest -o conftest 2\>\&1 \| /usr/bin/grep  -lc  \>/dev/null 2\>\&1
configure:11995: $? = 0
configure:12009: result: no
configure:12169: checking dynamic linker characteristics
configure:12751: /home/erion/Projects/buildroot/output/host/bin/aarch64-buildroot-linux-gnu-gcc -o conftest -D_LARGEFILE_SOURCE -D_LARGEFILE64_SOURCE -D_FILE_OFFSET_BITS=64  -O2 -g0 -D_FORTIFY_SOURCE=1 -D_LARGEFILE_SOURCE -D_LARGEFILE64_SOURCE -D_FILE_OFFSET_BITS=64  -Wl,-rpath -Wl,/foo conftest.c  >&5
configure:12751: $? = 0
configure:12993: result: GNU/Linux ld.so
configure:13115: checking how to hardcode library paths into programs
configure:13140: result: immediate
configure:13692: checking whether stripping libraries is possible
configure:13701: result: yes
configure:13743: checking if libtool supports shared libraries
configure:13745: result: yes
configure:13748: checking whether to build shared libraries
configure:13773: result: yes
configure:13776: checking whether to build static libraries
configure:13780: result: no
configure:13822: checking for flex
configure:13843: found /home/erion/Projects/buildroot/output/host/bin/flex
configure:13854: result: flex
configure:13869: checking for bison
configure:13890: found /home/erion/Projects/buildroot/output/host/bin/bison
configure:13901: result: bison -y
configure:13913: checking for an ANSI C-conforming const
configure:13980: /home/erion/Projects/buildroot/output/host/bin/aarch64-buildroot-linux-gnu-gcc -c -D_LARGEFILE_SOURCE -D_LARGEFILE64_SOURCE -D_FILE_OFFSET_BITS=64  -O2 -g0 -D_FORTIFY_SOURCE=1 -D_LARGEFILE_SOURCE -D_LARGEFILE64_SOURCE -D_FILE_OFFSET_BITS=64 conftest.c >&5
configure:13980: $? = 0
configure:13988: result: yes
configure:13996: checking for inline
configure:14013: /home/erion/Projects/buildroot/output/host/bin/aarch64-buildroot-linux-gnu-gcc -c -D_LARGEFILE_SOURCE -D_LARGEFILE64_SOURCE -D_FILE_OFFSET_BITS=64  -O2 -g0 -D_FORTIFY_SOURCE=1 -D_LARGEFILE_SOURCE -D_LARGEFILE64_SOURCE -D_FILE_OFFSET_BITS=64 conftest.c >&5
configure:14013: $? = 0
configure:14022: result: inline
configure:14160: checking pkg-config is at least version 0.9.0
configure:14163: result: yes
configure:14173: checking for check >= 0.9.0
configure:14180: $PKG_CONFIG --exists --print-errors "check >= 0.9.0"
Package check was not found in the pkg-config search path.
Perhaps you should add the directory containing `check.pc'
to the PKG_CONFIG_PATH environment variable
Package 'check', required by 'virtual:world', not found
configure:14183: $? = 1
configure:14197: $PKG_CONFIG --exists --print-errors "check >= 0.9.0"
Package check was not found in the pkg-config search path.
Perhaps you should add the directory containing `check.pc'
to the PKG_CONFIG_PATH environment variable
Package 'check', required by 'virtual:world', not found
configure:14200: $? = 1
configure:14214: result: no
Package 'check', required by 'virtual:world', not found
configure:14230: WARNING: *** Disabling building of unit tests
configure:14304: checking for dlfcn.h
configure:14304: result: yes
configure:14333: checking for pthread_mutex_lock in -lpthread
configure:14356: /home/erion/Projects/buildroot/output/host/bin/aarch64-buildroot-linux-gnu-gcc -o conftest -D_LARGEFILE_SOURCE -D_LARGEFILE64_SOURCE -D_FILE_OFFSET_BITS=64  -O2 -g0 -D_FORTIFY_SOURCE=1 -D_LARGEFILE_SOURCE -D_LARGEFILE64_SOURCE -D_FILE_OFFSET_BITS=64  conftest.c -lpthread   >&5
configure:14356: $? = 0
configure:14366: result: yes
configure:14408: checking for strerror_l
configure:14408: /home/erion/Projects/buildroot/output/host/bin/aarch64-buildroot-linux-gnu-gcc -o conftest -D_LARGEFILE_SOURCE -D_LARGEFILE64_SOURCE -D_FILE_OFFSET_BITS=64  -O2 -g0 -D_FORTIFY_SOURCE=1 -D_LARGEFILE_SOURCE -D_LARGEFILE64_SOURCE -D_FILE_OFFSET_BITS=64  conftest.c -lpthread  >&5
configure:14408: $? = 0
configure:14408: result: yes
configure:14416: checking for /home/erion/Projects/buildroot/output/host/bin/aarch64-buildroot-linux-gnu-gcc options needed to detect all undeclared functions
configure:14438: /home/erion/Projects/buildroot/output/host/bin/aarch64-buildroot-linux-gnu-gcc -c -D_LARGEFILE_SOURCE -D_LARGEFILE64_SOURCE -D_FILE_OFFSET_BITS=64  -O2 -g0 -D_FORTIFY_SOURCE=1  -D_LARGEFILE_SOURCE -D_LARGEFILE64_SOURCE -D_FILE_OFFSET_BITS=64 conftest.c >&5
conftest.c: In function 'main':
conftest.c:31:8: error: 'strchr' undeclared (first use in this function)
   31 | (void) strchr;
      |        ^~~~~~
conftest.c:1:1: note: 'strchr' is defined in header '<string.h>'; did you forget to '#include <string.h>'?
    1 | /* confdefs.h */
conftest.c:31:8: note: each undeclared identifier is reported only once for each function it appears in
   31 | (void) strchr;
      |        ^~~~~~
configure:14438: $? = 1
configure: failed program was:
| /* confdefs.h */
| #define PACKAGE_NAME "libnl"
| #define PACKAGE_TARNAME "libnl"
| #define PACKAGE_VERSION "3.9.0"
| #define PACKAGE_STRING "libnl 3.9.0"
| #define PACKAGE_BUGREPORT ""
| #define PACKAGE_URL "http://www.infradead.org/~tgr/libnl/"
| #define PACKAGE "libnl"
| #define VERSION "3.9.0"
| #define HAVE_STDIO_H 1
| #define HAVE_STDLIB_H 1
| #define HAVE_STRING_H 1
| #define HAVE_INTTYPES_H 1
| #define HAVE_STDINT_H 1
| #define HAVE_STRINGS_H 1
| #define HAVE_SYS_STAT_H 1
| #define HAVE_SYS_TYPES_H 1
| #define HAVE_UNISTD_H 1
| #define STDC_HEADERS 1
| #define HAVE_DLFCN_H 1
| #define LT_OBJDIR ".libs/"
| #define HAVE_DLFCN_H 1
| #define HAVE_LIBPTHREAD 1
| #define NL_DEBUG 1
| #define HAVE_STRERROR_L 1
| /* end confdefs.h.  */
| 
| int
| main (void)
| {
| (void) strchr;
|   ;
|   return 0;
| }
configure:14465: /home/erion/Projects/buildroot/output/host/bin/aarch64-buildroot-linux-gnu-gcc -c -D_LARGEFILE_SOURCE -D_LARGEFILE64_SOURCE -D_FILE_OFFSET_BITS=64  -O2 -g0 -D_FORTIFY_SOURCE=1  -D_LARGEFILE_SOURCE -D_LARGEFILE64_SOURCE -D_FILE_OFFSET_BITS=64 conftest.c >&5
configure:14465: $? = 0
configure:14482: result: none needed
configure:14496: checking whether getprotobyname_r is declared
configure:14496: /home/erion/Projects/buildroot/output/host/bin/aarch64-buildroot-linux-gnu-gcc -c -D_LARGEFILE_SOURCE -D_LARGEFILE64_SOURCE -D_FILE_OFFSET_BITS=64  -O2 -g0 -D_FORTIFY_SOURCE=1  -D_LARGEFILE_SOURCE -D_LARGEFILE64_SOURCE -D_FILE_OFFSET_BITS=64 conftest.c >&5
configure:14496: $? = 0
configure:14496: result: yes
configure:14507: checking whether getprotobynumber_r is declared
configure:14507: /home/erion/Projects/buildroot/output/host/bin/aarch64-buildroot-linux-gnu-gcc -c -D_LARGEFILE_SOURCE -D_LARGEFILE64_SOURCE -D_FILE_OFFSET_BITS=64  -O2 -g0 -D_FORTIFY_SOURCE=1  -D_LARGEFILE_SOURCE -D_LARGEFILE64_SOURCE -D_FILE_OFFSET_BITS=64 conftest.c >&5
configure:14507: $? = 0
configure:14507: result: yes
configure:14639: checking that generated files are newer than configure
configure:14645: result: done
configure:14696: creating ./config.status

## ---------------------- ##
## Running config.status. ##
## ---------------------- ##

This file was extended by libnl config.status 3.9.0, which was
generated by GNU Autoconf 2.71.  Invocation command line was

  CONFIG_FILES    = 
  CONFIG_HEADERS  = 
  CONFIG_LINKS    = 
  CONFIG_COMMANDS = 
  $ ./config.status 

on archlinux

config.status:1126: creating Makefile
config.status:1126: creating libnl-3.0.pc
config.status:1126: creating libnl-route-3.0.pc
config.status:1126: creating libnl-genl-3.0.pc
config.status:1126: creating libnl-nf-3.0.pc
config.status:1126: creating libnl-cli-3.0.pc
config.status:1126: creating libnl-xfrm-3.0.pc
config.status:1126: creating libnl-idiag-3.0.pc
config.status:1126: creating python/setup.py
config.status:1126: creating include/netlink/version.h
config.status:1126: creating include/config.h
config.status:1355: executing depfiles commands
config.status:1355: executing libtool commands

## ---------------- ##
## Cache variables. ##
## ---------------- ##

ac_cv_build=x86_64-pc-linux-gnu
ac_cv_c_bigendian=no
ac_cv_c_compiler_gnu=yes
ac_cv_c_const=yes
ac_cv_c_inline=inline
ac_cv_c_undeclared_builtin_options='none needed'
ac_cv_env_CC_set=set
ac_cv_env_CC_value=/home/erion/Projects/buildroot/output/host/bin/aarch64-buildroot-linux-gnu-gcc
ac_cv_env_CFLAGS_set=set
ac_cv_env_CFLAGS_value='-D_LARGEFILE_SOURCE -D_LARGEFILE64_SOURCE -D_FILE_OFFSET_BITS=64  -O2 -g0 -D_FORTIFY_SOURCE=1'
ac_cv_env_CHECK_CFLAGS_set=
ac_cv_env_CHECK_CFLAGS_value=
ac_cv_env_CHECK_LIBS_set=
ac_cv_env_CHECK_LIBS_value=
ac_cv_env_CPPFLAGS_set=set
ac_cv_env_CPPFLAGS_value='-D_LARGEFILE_SOURCE -D_LARGEFILE64_SOURCE -D_FILE_OFFSET_BITS=64'
ac_cv_env_LDFLAGS_set=set
ac_cv_env_LDFLAGS_value=
ac_cv_env_LIBS_set=
ac_cv_env_LIBS_value=
ac_cv_env_LT_SYS_LIBRARY_PATH_set=
ac_cv_env_LT_SYS_LIBRARY_PATH_value=
ac_cv_env_PKG_CONFIG_LIBDIR_set=
ac_cv_env_PKG_CONFIG_LIBDIR_value=
ac_cv_env_PKG_CONFIG_PATH_set=
ac_cv_env_PKG_CONFIG_PATH_value=
ac_cv_env_PKG_CONFIG_set=set
ac_cv_env_PKG_CONFIG_value=/home/erion/Projects/buildroot/output/host/bin/pkg-config
ac_cv_env_build_alias_set=set
ac_cv_env_build_alias_value=x86_64-pc-linux-gnu
ac_cv_env_host_alias_set=set
ac_cv_env_host_alias_value=aarch64-buildroot-linux-gnu
ac_cv_env_target_alias_set=set
ac_cv_env_target_alias_value=aarch64-buildroot-linux-gnu
ac_cv_func_calloc_0_nonnull=yes
ac_cv_func_malloc_0_nonnull=yes
ac_cv_func_memcmp_working=yes
ac_cv_func_mmap_fixed_mapped=yes
ac_cv_func_realloc_0_nonnull=yes
ac_cv_func_strerror_l=yes
ac_cv_have_decl_getprotobyname_r=yes
ac_cv_have_decl_getprotobynumber_r=yes
ac_cv_have_decl_malloc=yes
ac_cv_header_dlfcn_h=yes
ac_cv_header_inttypes_h=yes
ac_cv_header_stdint_h=yes
ac_cv_header_stdio_h=yes
ac_cv_header_stdlib_h=yes
ac_cv_header_string_h=yes
ac_cv_header_strings_h=yes
ac_cv_header_sys_stat_h=yes
ac_cv_header_sys_types_h=yes
ac_cv_header_unistd_h=yes
ac_cv_host=aarch64-buildroot-linux-gnu
ac_cv_lbl_unaligned_fail=yes
ac_cv_lib_pthread_pthread_mutex_lock=yes
ac_cv_objext=o
ac_cv_path_EGREP='/usr/bin/grep -E'
ac_cv_path_FGREP='/usr/bin/grep -F'
ac_cv_path_GREP=/usr/bin/grep
ac_cv_path_SED=/usr/bin/sed
ac_cv_path_install='/usr/bin/install -c'
ac_cv_path_lt_DD=/usr/bin/dd
ac_cv_path_mkdir=/usr/bin/mkdir
ac_cv_prog_AR=/home/erion/Projects/buildroot/output/host/bin/aarch64-buildroot-linux-gnu-gcc-ar
ac_cv_prog_AWK=gawk
ac_cv_prog_CC=/home/erion/Projects/buildroot/output/host/bin/aarch64-buildroot-linux-gnu-gcc
ac_cv_prog_FLEX=flex
ac_cv_prog_OBJDUMP=/home/erion/Projects/buildroot/output/host/bin/aarch64-buildroot-linux-gnu-objdump
ac_cv_prog_RANLIB=/home/erion/Projects/buildroot/output/host/bin/aarch64-buildroot-linux-gnu-gcc-ranlib
ac_cv_prog_STRIP=/home/erion/Projects/buildroot/output/host/bin/aarch64-buildroot-linux-gnu-strip
ac_cv_prog_YACC='bison -y'
ac_cv_prog_ac_ct_FILECMD=file
ac_cv_prog_cc_c11=
ac_cv_prog_cc_g=yes
ac_cv_prog_cc_stdc=
ac_cv_prog_make_make_set=yes
am_cv_CC_dependencies_compiler_type=none
am_cv_ar_interface=ar
am_cv_make_support_nested_variables=yes
am_cv_prog_cc_c_o=yes
gl_cv_func_malloc_0_nonnull=yes
lt_cv_ar_at_file=@
lt_cv_archive_cmds_need_lc=no
lt_cv_deplibs_check_method=pass_all
lt_cv_file_magic_cmd='$MAGIC_CMD'
lt_cv_file_magic_test_file=
lt_cv_ld_reload_flag=-r
lt_cv_nm_interface='BSD nm'
lt_cv_objdir=.libs
lt_cv_path_LD=/home/erion/Projects/buildroot/output/host/bin/aarch64-buildroot-linux-gnu-ld
lt_cv_path_NM=/home/erion/Projects/buildroot/output/host/bin/aarch64-buildroot-linux-gnu-gcc-nm
lt_cv_path_mainfest_tool=no
lt_cv_prog_compiler_c_o=yes
lt_cv_prog_compiler_pic='-fPIC -DPIC'
lt_cv_prog_compiler_pic_works=yes
lt_cv_prog_compiler_rtti_exceptions=no
lt_cv_prog_compiler_static_works=yes
lt_cv_prog_gnu_ld=yes
lt_cv_sharedlib_from_linklib_cmd='printf %s\n'
lt_cv_shlibpath_overrides_runpath=no
lt_cv_sys_global_symbol_pipe='/usr/bin/sed -n -e '\''s/^.*[	 ]\([ABCDGIRSTW][ABCDGIRSTW]*\)[	 ][	 ]*\([_A-Za-z][_A-Za-z0-9]*\)$/\1 \2 \2/p'\'' | /usr/bin/sed '\''/ __gnu_lto/d'\'''
lt_cv_sys_global_symbol_to_c_name_address='/usr/bin/sed -n -e '\''s/^: \(.*\) .*$/  {"\1", (void *) 0},/p'\'' -e '\''s/^[ABCDGIRSTW][ABCDGIRSTW]* .* \(.*\)$/  {"\1", (void *) \&\1},/p'\'''
lt_cv_sys_global_symbol_to_c_name_address_lib_prefix='/usr/bin/sed -n -e '\''s/^: \(.*\) .*$/  {"\1", (void *) 0},/p'\'' -e '\''s/^[ABCDGIRSTW][ABCDGIRSTW]* .* \(lib.*\)$/  {"\1", (void *) \&\1},/p'\'' -e '\''s/^[ABCDGIRSTW][ABCDGIRSTW]* .* \(.*\)$/  {"lib\1", (void *) \&\1},/p'\'''
lt_cv_sys_global_symbol_to_cdecl='/usr/bin/sed -n -e '\''s/^T .* \(.*\)$/extern int \1();/p'\'' -e '\''s/^[ABCDGIRSTW][ABCDGIRSTW]* .* \(.*\)$/extern char \1;/p'\'''
lt_cv_sys_global_symbol_to_import=
lt_cv_sys_lib_search_path_spec=
lt_cv_sys_max_cmd_len=1572864
lt_cv_to_host_file_cmd=func_convert_file_noop
lt_cv_to_tool_file_cmd=func_convert_file_noop
lt_cv_truncate_bin='/usr/bin/dd bs=4096 count=1'

## ----------------- ##
## Output variables. ##
## ----------------- ##

ACLOCAL='${SHELL} '\''/home/erion/Projects/buildroot/output/build/libnl-3.9.0/build-aux/missing'\'' aclocal-1.16'
AMDEPBACKSLASH=''
AMDEP_FALSE=''
AMDEP_TRUE='#'
AMTAR='$${TAR-tar}'
AM_BACKSLASH='\'
AM_DEFAULT_V='$(AM_DEFAULT_VERBOSITY)'
AM_DEFAULT_VERBOSITY='0'
AM_V='$(V)'
AR='/home/erion/Projects/buildroot/output/host/bin/aarch64-buildroot-linux-gnu-gcc-ar'
AUTOCONF='${SHELL} '\''/home/erion/Projects/buildroot/output/build/libnl-3.9.0/build-aux/missing'\'' autoconf'
AUTOHEADER='${SHELL} '\''/home/erion/Projects/buildroot/output/build/libnl-3.9.0/build-aux/missing'\'' autoheader'
AUTOMAKE='${SHELL} '\''/home/erion/Projects/buildroot/output/build/libnl-3.9.0/build-aux/missing'\'' automake-1.16'
AWK='gawk'
CC='/home/erion/Projects/buildroot/output/host/bin/aarch64-buildroot-linux-gnu-gcc'
CCDEPMODE='depmode=none'
CFLAGS='-D_LARGEFILE_SOURCE -D_LARGEFILE64_SOURCE -D_FILE_OFFSET_BITS=64  -O2 -g0 -D_FORTIFY_SOURCE=1'
CHECK_CFLAGS=''
CHECK_LIBS=''
CPPFLAGS='-D_LARGEFILE_SOURCE -D_LARGEFILE64_SOURCE -D_FILE_OFFSET_BITS=64'
CSCOPE='cscope'
CTAGS='ctags'
CYGPATH_W='echo'
DEFS='-DHAVE_CONFIG_H'
DEPDIR='.deps'
DISABLE_PTHREADS_FALSE=''
DISABLE_PTHREADS_TRUE='#'
DLLTOOL='false'
DSYMUTIL=''
DUMPBIN=''
ECHO_C=''
ECHO_N='-n'
ECHO_T=''
EGREP='/usr/bin/grep -E'
ENABLE_CLI_FALSE=''
ENABLE_CLI_INSTALL_BIN_FALSE=''
ENABLE_CLI_INSTALL_BIN_TRUE='#'
ENABLE_CLI_INSTALL_SBIN_FALSE=''
ENABLE_CLI_INSTALL_SBIN_TRUE='#'
ENABLE_CLI_TRUE='#'
ENABLE_STATIC_FALSE=''
ENABLE_STATIC_TRUE='#'
ETAGS='etags'
EXEEXT=''
FGREP='/usr/bin/grep -F'
FILECMD='file'
FLEX='flex'
GREP='/usr/bin/grep'
INSTALL_DATA='${INSTALL} -m 644'
INSTALL_PROGRAM='${INSTALL}'
INSTALL_SCRIPT='${INSTALL}'
INSTALL_STRIP_PROGRAM='$(install_sh) -c -s'
LD='/home/erion/Projects/buildroot/output/host/bin/aarch64-buildroot-linux-gnu-ld'
LDFLAGS=''
LIBNL_VERSION='3.9.0'
LIBOBJS=''
LIBS='-lpthread '
LIBTOOL='$(SHELL) $(top_builddir)/libtool'
LIPO=''
LN_S='ln -s'
LTLIBOBJS=''
LT_AGE='26'
LT_CURRENT='226'
LT_REVISION='0'
LT_SYS_LIBRARY_PATH=''
MAJ_VERSION='3'
MAKEINFO='${SHELL} '\''/home/erion/Projects/buildroot/output/build/libnl-3.9.0/build-aux/missing'\'' makeinfo'
MANIFEST_TOOL=':'
MIC_VERSION='0'
MIN_VERSION='9'
MKDIR_P='/usr/bin/mkdir -p'
NM='/home/erion/Projects/buildroot/output/host/bin/aarch64-buildroot-linux-gnu-gcc-nm'
NMEDIT=''
OBJDUMP='/home/erion/Projects/buildroot/output/host/bin/aarch64-buildroot-linux-gnu-objdump'
OBJEXT='o'
OTOOL64=''
OTOOL=''
PACKAGE='libnl'
PACKAGE_BUGREPORT=''
PACKAGE_NAME='libnl'
PACKAGE_STRING='libnl 3.9.0'
PACKAGE_TARNAME='libnl'
PACKAGE_URL='http://www.infradead.org/~tgr/libnl/'
PACKAGE_VERSION='3.9.0'
PATH_SEPARATOR=':'
PKG_CONFIG='/home/erion/Projects/buildroot/output/host/bin/pkg-config'
PKG_CONFIG_LIBDIR=''
PKG_CONFIG_PATH=''
RANLIB='/home/erion/Projects/buildroot/output/host/bin/aarch64-buildroot-linux-gnu-gcc-ranlib'
SED='/usr/bin/sed'
SET_MAKE=''
SHELL='/bin/sh'
STRIP='/home/erion/Projects/buildroot/output/host/bin/aarch64-buildroot-linux-gnu-strip'
VERSION='3.9.0'
WITH_CHECK_FALSE=''
WITH_CHECK_TRUE='#'
YACC='bison -y'
ac_ct_AR=''
ac_ct_CC=''
ac_ct_DUMPBIN=''
am__EXEEXT_FALSE=''
am__EXEEXT_TRUE='#'
am__fastdepCC_FALSE=''
am__fastdepCC_TRUE='#'
am__include='include'
am__isrc=''
am__leading_dot='.'
am__nodep=''
am__quote=''
am__tar='$${TAR-tar} chof - "$$tardir"'
am__untar='$${TAR-tar} xf -'
bindir='${exec_prefix}/bin'
build='x86_64-pc-linux-gnu'
build_alias='x86_64-pc-linux-gnu'
build_cpu='x86_64'
build_os='linux-gnu'
build_vendor='pc'
datadir='${datarootdir}'
datarootdir='${prefix}/share'
docdir='${datarootdir}/doc/${PACKAGE_TARNAME}'
dvidir='${docdir}'
exec_prefix='/usr'
host='aarch64-buildroot-linux-gnu'
host_alias='aarch64-buildroot-linux-gnu'
host_cpu='aarch64'
host_os='linux-gnu'
host_vendor='buildroot'
htmldir='${docdir}'
includedir='${prefix}/include'
infodir='${datarootdir}/info'
install_sh='${SHELL} /home/erion/Projects/buildroot/output/build/libnl-3.9.0/build-aux/install-sh'
libdir='${exec_prefix}/lib'
libexecdir='${exec_prefix}/libexec'
localedir='${datarootdir}/locale'
localstatedir='/var'
mandir='${datarootdir}/man'
mkdir_p='$(MKDIR_P)'
oldincludedir='/usr/include'
pdfdir='${docdir}'
pkgconfigdir='${libdir}/pkgconfig'
prefix='/usr'
program_transform_name='s&^&&'
psdir='${docdir}'
runstatedir='${localstatedir}/run'
sbindir='${exec_prefix}/sbin'
sharedstatedir='${prefix}/com'
subdirs=' doc'
sysconfdir='/etc'
target_alias='aarch64-buildroot-linux-gnu'

## ----------- ##
## confdefs.h. ##
## ----------- ##

/* confdefs.h */
#define PACKAGE_NAME "libnl"
#define PACKAGE_TARNAME "libnl"
#define PACKAGE_VERSION "3.9.0"
#define PACKAGE_STRING "libnl 3.9.0"
#define PACKAGE_BUGREPORT ""
#define PACKAGE_URL "http://www.infradead.org/~tgr/libnl/"
#define PACKAGE "libnl"
#define VERSION "3.9.0"
#define HAVE_STDIO_H 1
#define HAVE_STDLIB_H 1
#define HAVE_STRING_H 1
#define HAVE_INTTYPES_H 1
#define HAVE_STDINT_H 1
#define HAVE_STRINGS_H 1
#define HAVE_SYS_STAT_H 1
#define HAVE_SYS_TYPES_H 1
#define HAVE_UNISTD_H 1
#define STDC_HEADERS 1
#define HAVE_DLFCN_H 1
#define LT_OBJDIR ".libs/"
#define HAVE_DLFCN_H 1
#define HAVE_LIBPTHREAD 1
#define NL_DEBUG 1
#define HAVE_STRERROR_L 1
#define HAVE_DECL_GETPROTOBYNAME_R 1
#define HAVE_DECL_GETPROTOBYNUMBER_R 1

configure: exit 0
