This file contains any messages produced by compilers while
running configure, to aid debugging if configure makes a mistake.

It was created by libctf configure 1.2.0, which was
generated by GNU Autoconf 2.69.  Invocation command line was

  $ /home/erion/Projects/buildroot/output/build/host-binutils-2.40/libctf/configure --srcdir=.././libctf --cache-file=./config.cache --with-gnu-as --with-gnu-ld --prefix=/home/erion/Projects/buildroot/output/host --sysconfdir=/home/erion/Projects/buildroot/output/host/etc --localstatedir=/home/erion/Projects/buildroot/output/host/var --enable-shared --disable-static --disable-gtk-doc --disable-gtk-doc-html --disable-doc --disable-docs --disable-documentation --disable-debug --with-xmlto=no --with-fop=no --disable-nls --disable-dependency-tracking --disable-multilib --disable-werror --disable-shared --enable-static --with-sysroot=/home/erion/Projects/buildroot/output/host/aarch64-buildroot-linux-gnu/sysroot --enable-poison-system-directories --without-debuginfod --enable-plugins --enable-lto --disable-sim --disable-gdb --without-zstd --disable-gprofng --program-transform-name=s&^&aarch64-buildroot-linux-gnu-& --disable-option-checking --disable-year2038 --build=x86_64-pc-linux-gnu --host=x86_64-pc-linux-gnu --target=aarch64-buildroot-linux-gnu

## --------- ##
## Platform. ##
## --------- ##

hostname = archlinux
uname -m = x86_64
uname -r = 6.9.9-arch1-1
uname -s = Linux
uname -v = #1 SMP PREEMPT_DYNAMIC Fri, 12 Jul 2024 00:06:53 +0000

/usr/bin/uname -p = unknown
/bin/uname -X     = unknown

/bin/arch              = unknown
/usr/bin/arch -k       = unknown
/usr/convex/getsysinfo = unknown
/usr/bin/hostinfo      = unknown
/bin/machine           = unknown
/usr/bin/oslevel       = unknown
/bin/universe          = unknown

PATH: /home/erion/Projects/buildroot/output/host/bin
PATH: /home/erion/Projects/buildroot/output/host/sbin
PATH: /home/erion/Apps/miniconda3/condabin
PATH: /opt/devkitpro/tools/bin
PATH: /usr/local/sbin
PATH: /usr/local/bin
PATH: /usr/bin
PATH: /var/lib/flatpak/exports/bin
PATH: /usr/lib/jvm/default/bin
PATH: /usr/bin/site_perl
PATH: /usr/bin/vendor_perl
PATH: /usr/bin/core_perl


## ----------- ##
## Core tests. ##
## ----------- ##

configure:2230: creating cache ./config.cache
configure:2344: checking build system type
configure:2358: result: x86_64-pc-linux-gnu
configure:2378: checking host system type
configure:2391: result: x86_64-pc-linux-gnu
configure:2411: checking target system type
configure:2424: result: aarch64-buildroot-linux-gnu
configure:2461: checking for x86_64-pc-linux-gnu-gcc
configure:2488: result: /usr/bin/gcc
configure:2757: checking for C compiler version
configure:2766: /usr/bin/gcc --version >&5
gcc (GCC) 14.1.1 20240522
Copyright (C) 2024 Free Software Foundation, Inc.
This is free software; see the source for copying conditions.  There is NO
warranty; not even for MERCHANTABILITY or FITNESS FOR A PARTICULAR PURPOSE.

configure:2777: $? = 0
configure:2766: /usr/bin/gcc -v >&5
Using built-in specs.
COLLECT_GCC=/usr/bin/gcc
COLLECT_LTO_WRAPPER=/usr/lib/gcc/x86_64-pc-linux-gnu/14.1.1/lto-wrapper
Target: x86_64-pc-linux-gnu
Configured with: /build/gcc/src/gcc/configure --enable-languages=ada,c,c++,d,fortran,go,lto,m2,objc,obj-c++,rust --enable-bootstrap --prefix=/usr --libdir=/usr/lib --libexecdir=/usr/lib --mandir=/usr/share/man --infodir=/usr/share/info --with-bugurl=https://gitlab.archlinux.org/archlinux/packaging/packages/gcc/-/issues --with-build-config=bootstrap-lto --with-linker-hash-style=gnu --with-system-zlib --enable-__cxa_atexit --enable-cet=auto --enable-checking=release --enable-clocale=gnu --enable-default-pie --enable-default-ssp --enable-gnu-indirect-function --enable-gnu-unique-object --enable-libstdcxx-backtrace --enable-link-serialization=1 --enable-linker-build-id --enable-lto --enable-multilib --enable-plugin --enable-shared --enable-threads=posix --disable-libssp --disable-libstdcxx-pch --disable-werror
Thread model: posix
Supported LTO compression algorithms: zlib zstd
gcc version 14.1.1 20240522 (GCC) 
configure:2777: $? = 0
configure:2766: /usr/bin/gcc -V >&5
gcc: error: unrecognized command-line option '-V'
gcc: fatal error: no input files
compilation terminated.
configure:2777: $? = 1
configure:2766: /usr/bin/gcc -qversion >&5
gcc: error: unrecognized command-line option '-qversion'; did you mean '--version'?
gcc: fatal error: no input files
compilation terminated.
configure:2777: $? = 1
configure:2797: checking whether the C compiler works
configure:2819: /usr/bin/gcc -O2 -I/home/erion/Projects/buildroot/output/host/include       -L/home/erion/Projects/buildroot/output/host/lib -Wl,-rpath,/home/erion/Projects/buildroot/output/host/lib conftest.c  >&5
configure:2823: $? = 0
configure:2871: result: yes
configure:2874: checking for C compiler default output file name
configure:2876: result: a.out
configure:2882: checking for suffix of executables
configure:2889: /usr/bin/gcc -o conftest -O2 -I/home/erion/Projects/buildroot/output/host/include       -L/home/erion/Projects/buildroot/output/host/lib -Wl,-rpath,/home/erion/Projects/buildroot/output/host/lib conftest.c  >&5
configure:2893: $? = 0
configure:2915: result: 
configure:2937: checking whether we are cross compiling
configure:2945: /usr/bin/gcc -o conftest -O2 -I/home/erion/Projects/buildroot/output/host/include       -L/home/erion/Projects/buildroot/output/host/lib -Wl,-rpath,/home/erion/Projects/buildroot/output/host/lib conftest.c  >&5
configure:2949: $? = 0
configure:2956: ./conftest
configure:2960: $? = 0
configure:2975: result: no
configure:2980: checking for suffix of object files
configure:3002: /usr/bin/gcc -c -O2 -I/home/erion/Projects/buildroot/output/host/include      conftest.c >&5
configure:3006: $? = 0
configure:3027: result: o
configure:3031: checking whether we are using the GNU C compiler
configure:3050: /usr/bin/gcc -c -O2 -I/home/erion/Projects/buildroot/output/host/include      conftest.c >&5
configure:3050: $? = 0
configure:3059: result: yes
configure:3068: checking whether /usr/bin/gcc accepts -g
configure:3088: /usr/bin/gcc -c -g  conftest.c >&5
configure:3088: $? = 0
configure:3129: result: yes
configure:3146: checking for /usr/bin/gcc option to accept ISO C89
configure:3209: /usr/bin/gcc  -c -O2 -I/home/erion/Projects/buildroot/output/host/include      conftest.c >&5
configure:3209: $? = 0
configure:3222: result: none needed
configure:3247: checking whether /usr/bin/gcc understands -c and -o together
configure:3269: /usr/bin/gcc -c conftest.c -o conftest2.o
configure:3272: $? = 0
configure:3269: /usr/bin/gcc -c conftest.c -o conftest2.o
configure:3272: $? = 0
configure:3284: result: yes
configure:3307: checking how to run the C preprocessor
configure:3338: /usr/bin/gcc -E  conftest.c
configure:3338: $? = 0
configure:3352: /usr/bin/gcc -E  conftest.c
conftest.c:9:10: fatal error: ac_nonexistent.h: No such file or directory
    9 | #include <ac_nonexistent.h>
      |          ^~~~~~~~~~~~~~~~~~
compilation terminated.
configure:3352: $? = 1
configure: failed program was:
| /* confdefs.h */
| #define PACKAGE_NAME "libctf"
| #define PACKAGE_TARNAME "libctf"
| #define PACKAGE_VERSION "1.2.0"
| #define PACKAGE_STRING "libctf 1.2.0"
| #define PACKAGE_BUGREPORT ""
| #define PACKAGE_URL ""
| /* end confdefs.h.  */
| #include <ac_nonexistent.h>
configure:3377: result: /usr/bin/gcc -E
configure:3397: /usr/bin/gcc -E  conftest.c
configure:3397: $? = 0
configure:3411: /usr/bin/gcc -E  conftest.c
conftest.c:9:10: fatal error: ac_nonexistent.h: No such file or directory
    9 | #include <ac_nonexistent.h>
      |          ^~~~~~~~~~~~~~~~~~
compilation terminated.
configure:3411: $? = 1
configure: failed program was:
| /* confdefs.h */
| #define PACKAGE_NAME "libctf"
| #define PACKAGE_TARNAME "libctf"
| #define PACKAGE_VERSION "1.2.0"
| #define PACKAGE_STRING "libctf 1.2.0"
| #define PACKAGE_BUGREPORT ""
| #define PACKAGE_URL ""
| /* end confdefs.h.  */
| #include <ac_nonexistent.h>
configure:3440: checking for grep that handles long lines and -e
configure:3498: result: /usr/bin/grep
configure:3503: checking for egrep
configure:3565: result: /usr/bin/grep -E
configure:3570: checking for ANSI C header files
configure:3590: /usr/bin/gcc -c -O2 -I/home/erion/Projects/buildroot/output/host/include      conftest.c >&5
configure:3590: $? = 0
configure:3663: /usr/bin/gcc -o conftest -O2 -I/home/erion/Projects/buildroot/output/host/include       -L/home/erion/Projects/buildroot/output/host/lib -Wl,-rpath,/home/erion/Projects/buildroot/output/host/lib conftest.c  >&5
configure:3663: $? = 0
configure:3663: ./conftest
configure:3663: $? = 0
configure:3674: result: yes
configure:3687: checking for sys/types.h
configure:3687: /usr/bin/gcc -c -O2 -I/home/erion/Projects/buildroot/output/host/include      conftest.c >&5
configure:3687: $? = 0
configure:3687: result: yes
configure:3687: checking for sys/stat.h
configure:3687: /usr/bin/gcc -c -O2 -I/home/erion/Projects/buildroot/output/host/include      conftest.c >&5
configure:3687: $? = 0
configure:3687: result: yes
configure:3687: checking for stdlib.h
configure:3687: /usr/bin/gcc -c -O2 -I/home/erion/Projects/buildroot/output/host/include      conftest.c >&5
configure:3687: $? = 0
configure:3687: result: yes
configure:3687: checking for string.h
configure:3687: /usr/bin/gcc -c -O2 -I/home/erion/Projects/buildroot/output/host/include      conftest.c >&5
configure:3687: $? = 0
configure:3687: result: yes
configure:3687: checking for memory.h
configure:3687: /usr/bin/gcc -c -O2 -I/home/erion/Projects/buildroot/output/host/include      conftest.c >&5
configure:3687: $? = 0
configure:3687: result: yes
configure:3687: checking for strings.h
configure:3687: /usr/bin/gcc -c -O2 -I/home/erion/Projects/buildroot/output/host/include      conftest.c >&5
configure:3687: $? = 0
configure:3687: result: yes
configure:3687: checking for inttypes.h
configure:3687: /usr/bin/gcc -c -O2 -I/home/erion/Projects/buildroot/output/host/include      conftest.c >&5
configure:3687: $? = 0
configure:3687: result: yes
configure:3687: checking for stdint.h
configure:3687: /usr/bin/gcc -c -O2 -I/home/erion/Projects/buildroot/output/host/include      conftest.c >&5
configure:3687: $? = 0
configure:3687: result: yes
configure:3687: checking for unistd.h
configure:3687: /usr/bin/gcc -c -O2 -I/home/erion/Projects/buildroot/output/host/include      conftest.c >&5
configure:3687: $? = 0
configure:3687: result: yes
configure:3700: checking minix/config.h usability
configure:3700: /usr/bin/gcc -c -O2 -I/home/erion/Projects/buildroot/output/host/include      conftest.c >&5
conftest.c:52:10: fatal error: minix/config.h: No such file or directory
   52 | #include <minix/config.h>
      |          ^~~~~~~~~~~~~~~~
compilation terminated.
configure:3700: $? = 1
configure: failed program was:
| /* confdefs.h */
| #define PACKAGE_NAME "libctf"
| #define PACKAGE_TARNAME "libctf"
| #define PACKAGE_VERSION "1.2.0"
| #define PACKAGE_STRING "libctf 1.2.0"
| #define PACKAGE_BUGREPORT ""
| #define PACKAGE_URL ""
| #define STDC_HEADERS 1
| #define HAVE_SYS_TYPES_H 1
| #define HAVE_SYS_STAT_H 1
| #define HAVE_STDLIB_H 1
| #define HAVE_STRING_H 1
| #define HAVE_MEMORY_H 1
| #define HAVE_STRINGS_H 1
| #define HAVE_INTTYPES_H 1
| #define HAVE_STDINT_H 1
| #define HAVE_UNISTD_H 1
| /* end confdefs.h.  */
| #include <stdio.h>
| #ifdef HAVE_SYS_TYPES_H
| # include <sys/types.h>
| #endif
| #ifdef HAVE_SYS_STAT_H
| # include <sys/stat.h>
| #endif
| #ifdef STDC_HEADERS
| # include <stdlib.h>
| # include <stddef.h>
| #else
| # ifdef HAVE_STDLIB_H
| #  include <stdlib.h>
| # endif
| #endif
| #ifdef HAVE_STRING_H
| # if !defined STDC_HEADERS && defined HAVE_MEMORY_H
| #  include <memory.h>
| # endif
| # include <string.h>
| #endif
| #ifdef HAVE_STRINGS_H
| # include <strings.h>
| #endif
| #ifdef HAVE_INTTYPES_H
| # include <inttypes.h>
| #endif
| #ifdef HAVE_STDINT_H
| # include <stdint.h>
| #endif
| #ifdef HAVE_UNISTD_H
| # include <unistd.h>
| #endif
| #include <minix/config.h>
configure:3700: result: no
configure:3700: checking minix/config.h presence
configure:3700: /usr/bin/gcc -E  conftest.c
conftest.c:19:10: fatal error: minix/config.h: No such file or directory
   19 | #include <minix/config.h>
      |          ^~~~~~~~~~~~~~~~
compilation terminated.
configure:3700: $? = 1
configure: failed program was:
| /* confdefs.h */
| #define PACKAGE_NAME "libctf"
| #define PACKAGE_TARNAME "libctf"
| #define PACKAGE_VERSION "1.2.0"
| #define PACKAGE_STRING "libctf 1.2.0"
| #define PACKAGE_BUGREPORT ""
| #define PACKAGE_URL ""
| #define STDC_HEADERS 1
| #define HAVE_SYS_TYPES_H 1
| #define HAVE_SYS_STAT_H 1
| #define HAVE_STDLIB_H 1
| #define HAVE_STRING_H 1
| #define HAVE_MEMORY_H 1
| #define HAVE_STRINGS_H 1
| #define HAVE_INTTYPES_H 1
| #define HAVE_STDINT_H 1
| #define HAVE_UNISTD_H 1
| /* end confdefs.h.  */
| #include <minix/config.h>
configure:3700: result: no
configure:3700: checking for minix/config.h
configure:3700: result: no
configure:3721: checking whether it is safe to define __EXTENSIONS__
configure:3739: /usr/bin/gcc -c -O2 -I/home/erion/Projects/buildroot/output/host/include      conftest.c >&5
configure:3739: $? = 0
configure:3746: result: yes
configure:3776: checking for a BSD-compatible install
configure:3844: result: /usr/bin/install -c
configure:3855: checking whether build environment is sane
configure:3910: result: yes
configure:4058: checking for a thread-safe mkdir -p
configure:4097: result: /usr/bin/mkdir -p
configure:4104: checking for gawk
configure:4131: result: gawk
configure:4142: checking whether /usr/bin/make sets $(MAKE)
configure:4164: result: yes
configure:4194: checking for style of include used by /usr/bin/make
configure:4222: result: GNU
configure:4256: checking whether /usr/bin/make supports nested variables
configure:4273: result: yes
configure:4358: checking dependency style of /usr/bin/gcc
configure:4469: result: none
configure:4538: checking whether /usr/bin/make supports nested variables
configure:4555: result: yes
configure:4568: checking whether /usr/bin/make sets $(MAKE)
configure:4590: result: yes
configure:4607: checking for x86_64-pc-linux-gnu-gcc
configure:4634: result: /usr/bin/gcc
configure:4903: checking for C compiler version
configure:4912: /usr/bin/gcc --version >&5
gcc (GCC) 14.1.1 20240522
Copyright (C) 2024 Free Software Foundation, Inc.
This is free software; see the source for copying conditions.  There is NO
warranty; not even for MERCHANTABILITY or FITNESS FOR A PARTICULAR PURPOSE.

configure:4923: $? = 0
configure:4912: /usr/bin/gcc -v >&5
Using built-in specs.
COLLECT_GCC=/usr/bin/gcc
COLLECT_LTO_WRAPPER=/usr/lib/gcc/x86_64-pc-linux-gnu/14.1.1/lto-wrapper
Target: x86_64-pc-linux-gnu
Configured with: /build/gcc/src/gcc/configure --enable-languages=ada,c,c++,d,fortran,go,lto,m2,objc,obj-c++,rust --enable-bootstrap --prefix=/usr --libdir=/usr/lib --libexecdir=/usr/lib --mandir=/usr/share/man --infodir=/usr/share/info --with-bugurl=https://gitlab.archlinux.org/archlinux/packaging/packages/gcc/-/issues --with-build-config=bootstrap-lto --with-linker-hash-style=gnu --with-system-zlib --enable-__cxa_atexit --enable-cet=auto --enable-checking=release --enable-clocale=gnu --enable-default-pie --enable-default-ssp --enable-gnu-indirect-function --enable-gnu-unique-object --enable-libstdcxx-backtrace --enable-link-serialization=1 --enable-linker-build-id --enable-lto --enable-multilib --enable-plugin --enable-shared --enable-threads=posix --disable-libssp --disable-libstdcxx-pch --disable-werror
Thread model: posix
Supported LTO compression algorithms: zlib zstd
gcc version 14.1.1 20240522 (GCC) 
configure:4923: $? = 0
configure:4912: /usr/bin/gcc -V >&5
gcc: error: unrecognized command-line option '-V'
gcc: fatal error: no input files
compilation terminated.
configure:4923: $? = 1
configure:4912: /usr/bin/gcc -qversion >&5
gcc: error: unrecognized command-line option '-qversion'; did you mean '--version'?
gcc: fatal error: no input files
compilation terminated.
configure:4923: $? = 1
configure:4927: checking whether we are using the GNU C compiler
configure:4955: result: yes
configure:4964: checking whether /usr/bin/gcc accepts -g
configure:5025: result: yes
configure:5042: checking for /usr/bin/gcc option to accept ISO C89
configure:5118: result: none needed
configure:5143: checking whether /usr/bin/gcc understands -c and -o together
configure:5180: result: yes
configure:5200: checking for x86_64-pc-linux-gnu-ranlib
configure:5227: result: /usr/bin/ranlib --plugin /usr/lib/gcc/x86_64-pc-linux-gnu/14.1.1/liblto_plugin.so
configure:5294: checking for x86_64-pc-linux-gnu-ar
configure:5321: result: /usr/bin/ar --plugin /usr/lib/gcc/x86_64-pc-linux-gnu/14.1.1/liblto_plugin.so
configure:5391: checking the archiver (/usr/bin/ar --plugin /usr/lib/gcc/x86_64-pc-linux-gnu/14.1.1/liblto_plugin.so) interface
configure:5407: /usr/bin/gcc -c -O2 -I/home/erion/Projects/buildroot/output/host/include      conftest.c >&5
configure:5407: $? = 0
configure:5409: /usr/bin/ar --plugin /usr/lib/gcc/x86_64-pc-linux-gnu/14.1.1/liblto_plugin.so cru libconftest.a conftest.o >&5
/usr/bin/ar: `u' modifier ignored since `D' is the default (see `U')
configure:5412: $? = 0
configure:5440: result: ar
configure:5473: checking whether NLS is requested
configure:5476: result: no
configure:5609: checking how to print strings
configure:5636: result: printf
configure:5657: checking for a sed that does not truncate output
configure:5721: result: /usr/bin/sed
configure:5739: checking for fgrep
configure:5801: result: /usr/bin/grep -F
configure:5836: checking for ld used by /usr/bin/gcc
configure:5903: result: /usr/bin/ld
configure:5910: checking if the linker (/usr/bin/ld) is GNU ld
configure:5925: result: yes
configure:5937: checking for BSD- or MS-compatible name lister (nm)
configure:5993: result: /usr/bin/nm -B
configure:6123: checking the name lister (/usr/bin/nm -B) interface
configure:6130: /usr/bin/gcc -c -O2 -I/home/erion/Projects/buildroot/output/host/include      conftest.c >&5
configure:6133: /usr/bin/nm -B "conftest.o"
configure:6136: output
0000000000000000 B some_variable
configure:6143: result: BSD nm
configure:6146: checking whether ln -s works
configure:6150: result: yes
configure:6158: checking the maximum length of command line arguments
configure:6283: result: 1572864
configure:6300: checking whether the shell understands some XSI constructs
configure:6310: result: yes
configure:6314: checking whether the shell understands "+="
configure:6320: result: yes
configure:6355: checking for /usr/bin/ld option to reload object files
configure:6362: result: -r
configure:6391: checking for x86_64-pc-linux-gnu-objdump
configure:6418: result: objdump
configure:6490: checking how to recognize dependent libraries
configure:6691: result: pass_all
configure:6724: checking for x86_64-pc-linux-gnu-ar
configure:6751: result: /usr/bin/ar --plugin /usr/lib/gcc/x86_64-pc-linux-gnu/14.1.1/liblto_plugin.so
configure:6842: checking for x86_64-pc-linux-gnu-strip
configure:6872: result: no
configure:6882: checking for strip
configure:6898: found /usr/bin/strip
configure:6909: result: strip
configure:6941: checking for x86_64-pc-linux-gnu-ranlib
configure:6968: result: /usr/bin/ranlib --plugin /usr/lib/gcc/x86_64-pc-linux-gnu/14.1.1/liblto_plugin.so
configure:7115: checking command to parse /usr/bin/nm -B output from /usr/bin/gcc object
configure:7233: /usr/bin/gcc -c -O2 -I/home/erion/Projects/buildroot/output/host/include      conftest.c >&5
configure:7236: $? = 0
configure:7240: /usr/bin/nm -B conftest.o \| sed -n -e 's/^.*[ ]\([ABCDGIRSTW][ABCDGIRSTW]*\)[ ][ ]*\([_A-Za-z][_A-Za-z0-9]*\)$/\1 \2 \2/p' \> conftest.nm
configure:7243: $? = 0
configure:7297: /usr/bin/gcc -o conftest -O2 -I/home/erion/Projects/buildroot/output/host/include       -L/home/erion/Projects/buildroot/output/host/lib -Wl,-rpath,/home/erion/Projects/buildroot/output/host/lib conftest.c conftstm.o >&5
configure:7300: $? = 0
configure:7338: result: ok
configure:7433: /usr/bin/gcc -c -O2 -I/home/erion/Projects/buildroot/output/host/include      conftest.c >&5
configure:7436: $? = 0
configure:8186: checking for dlfcn.h
configure:8186: /usr/bin/gcc -c -O2 -I/home/erion/Projects/buildroot/output/host/include      conftest.c >&5
configure:8186: $? = 0
configure:8186: result: yes
configure:8343: checking for objdir
configure:8358: result: .libs
configure:8629: checking if /usr/bin/gcc supports -fno-rtti -fno-exceptions
configure:8647: /usr/bin/gcc -c -O2 -I/home/erion/Projects/buildroot/output/host/include      -fno-rtti -fno-exceptions conftest.c >&5
cc1: warning: command-line option '-fno-rtti' is valid for C++/D/ObjC++ but not for C
configure:8651: $? = 0
configure:8664: result: no
configure:8684: checking for /usr/bin/gcc option to produce PIC
configure:8970: result: -fPIC -DPIC
configure:8982: checking if /usr/bin/gcc PIC flag -fPIC -DPIC works
configure:9000: /usr/bin/gcc -c -O2 -I/home/erion/Projects/buildroot/output/host/include      -fPIC -DPIC -DPIC conftest.c >&5
configure:9004: $? = 0
configure:9017: result: yes
configure:9041: checking if /usr/bin/gcc static flag -static works
configure:9069: result: yes
configure:9084: checking if /usr/bin/gcc supports -c -o file.o
configure:9105: /usr/bin/gcc -c -O2 -I/home/erion/Projects/buildroot/output/host/include      -o out/conftest2.o conftest.c >&5
configure:9109: $? = 0
configure:9131: result: yes
configure:9139: checking if /usr/bin/gcc supports -c -o file.o
configure:9186: result: yes
configure:9219: checking whether the /usr/bin/gcc linker (/usr/bin/ld -m elf_x86_64) supports shared libraries
configure:10290: result: yes
configure:10535: checking dynamic linker characteristics
configure:10976: /usr/bin/gcc -o conftest -O2 -I/home/erion/Projects/buildroot/output/host/include       -L/home/erion/Projects/buildroot/output/host/lib -Wl,-rpath,/home/erion/Projects/buildroot/output/host/lib -Wl,-rpath -Wl,/foo conftest.c  >&5
configure:10976: $? = 0
configure:11198: result: GNU/Linux ld.so
configure:11305: checking how to hardcode library paths into programs
configure:11330: result: immediate
configure:11870: checking whether stripping libraries is possible
configure:11875: result: yes
configure:11910: checking if libtool supports shared libraries
configure:11912: result: yes
configure:11915: checking whether to build shared libraries
configure:11936: result: no
configure:11939: checking whether to build static libraries
configure:11943: result: yes
configure:11985: checking for special C compiler options needed for large files
configure:12030: result: no
configure:12036: checking for _FILE_OFFSET_BITS value needed for large files
configure:12061: /usr/bin/gcc -c -O2 -I/home/erion/Projects/buildroot/output/host/include      conftest.c >&5
configure:12061: $? = 0
configure:12093: result: no
configure:12179: creating ./config.lt

## ------------------ ##
## Running config.lt. ##
## ------------------ ##
config.lt:615: creating libtool
configure:13544: checking for aclocal
configure:13571: result: ${SHELL} /home/erion/Projects/buildroot/output/build/host-binutils-2.40/missing aclocal-1.15
configure:13587: checking for autoconf
configure:13614: result: ${SHELL} /home/erion/Projects/buildroot/output/build/host-binutils-2.40/missing autoconf
configure:13630: checking for autoheader
configure:13657: result: ${SHELL} /home/erion/Projects/buildroot/output/build/host-binutils-2.40/missing autoheader
configure:13691: checking whether /usr/bin/gcc supports -W
configure:13708: /usr/bin/gcc -c -W  conftest.c >&5
configure:13708: $? = 0
configure:13717: result: yes
configure:13691: checking whether /usr/bin/gcc supports -Wall
configure:13708: /usr/bin/gcc -c -Wall  conftest.c >&5
configure:13708: $? = 0
configure:13717: result: yes
configure:13691: checking whether /usr/bin/gcc supports -Wnarrowing
configure:13708: /usr/bin/gcc -c -Wnarrowing  conftest.c >&5
configure:13708: $? = 0
configure:13717: result: yes
configure:13691: checking whether /usr/bin/gcc supports -Wwrite-strings
configure:13708: /usr/bin/gcc -c -Wwrite-strings  conftest.c >&5
configure:13708: $? = 0
configure:13717: result: yes
configure:13691: checking whether /usr/bin/gcc supports -Wmissing-format-attribute
configure:13708: /usr/bin/gcc -c -Wmissing-format-attribute  conftest.c >&5
configure:13708: $? = 0
configure:13717: result: yes
configure:13749: checking whether /usr/bin/gcc supports -Wstrict-prototypes
configure:13766: /usr/bin/gcc -c -Wstrict-prototypes  conftest.c >&5
conftest.c:30:1: warning: function declaration isn't a prototype [-Wstrict-prototypes]
   30 | main ()
      | ^~~~
configure:13766: $? = 0
configure:13775: result: yes
configure:13749: checking whether /usr/bin/gcc supports -Wmissing-prototypes
configure:13766: /usr/bin/gcc -c -Wmissing-prototypes  conftest.c >&5
configure:13766: $? = 0
configure:13775: result: yes
configure:13749: checking whether /usr/bin/gcc supports -Wold-style-definition
configure:13766: /usr/bin/gcc -c -Wold-style-definition  conftest.c >&5
conftest.c: In function 'main':
conftest.c:30:1: warning: old-style function definition [-Wold-style-definition]
   30 | main ()
      | ^~~~
configure:13766: $? = 0
configure:13775: result: yes
configure:13799: checking whether /usr/bin/gcc supports -pedantic -Wlong-long
configure:13817: /usr/bin/gcc -c -pedantic -Wlong-long  conftest.c >&5
configure:13817: $? = 0
configure:13825: result: yes
configure:13869: checking whether to enable maintainer-specific portions of Makefiles
configure:13878: result: no
configure:13906: checking whether to install libbfd
configure:13919: result: no
configure:13964: checking whether /usr/bin/gcc supports -Wall
configure:13990: result: yes
configure:14011: checking for stdlib.h
configure:14011: result: yes
configure:14011: checking for unistd.h
configure:14011: result: yes
configure:14011: checking for sys/param.h
configure:14011: /usr/bin/gcc -c -O2 -I/home/erion/Projects/buildroot/output/host/include      conftest.c >&5
configure:14011: $? = 0
configure:14011: result: yes
configure:14031: checking for getpagesize
configure:14031: /usr/bin/gcc -o conftest -O2 -I/home/erion/Projects/buildroot/output/host/include       -L/home/erion/Projects/buildroot/output/host/lib -Wl,-rpath,/home/erion/Projects/buildroot/output/host/lib conftest.c  >&5
configure:14031: $? = 0
configure:14031: result: yes
configure:14040: checking for working mmap
configure:14187: /usr/bin/gcc -o conftest -O2 -I/home/erion/Projects/buildroot/output/host/include       -L/home/erion/Projects/buildroot/output/host/lib -Wl,-rpath,/home/erion/Projects/buildroot/output/host/lib conftest.c  >&5
configure:14187: $? = 0
configure:14187: ./conftest
configure:14187: $? = 0
configure:14197: result: yes
configure:14207: checking for library containing dlsym
configure:14238: /usr/bin/gcc -o conftest -O2 -I/home/erion/Projects/buildroot/output/host/include       -L/home/erion/Projects/buildroot/output/host/lib -Wl,-rpath,/home/erion/Projects/buildroot/output/host/lib conftest.c  >&5
configure:14238: $? = 0
configure:14255: result: none required
configure:14321: checking for ELF support in BFD
configure:14341: ./libtool --quiet --mode=link /usr/bin/gcc -o conftest -I./../include -I../bfd -I./../bfd -O2 -I/home/erion/Projects/buildroot/output/host/include      -L../bfd -L../libiberty  -L/home/erion/Projects/buildroot/output/host/lib -Wl,-rpath,/home/erion/Projects/buildroot/output/host/lib conftest.c -lbfd -liberty   >&5
configure:14341: $? = 0
configure:14349: result: yes
configure:14362: checking whether byte ordering is bigendian
configure:14377: /usr/bin/gcc -c -O2 -I/home/erion/Projects/buildroot/output/host/include      conftest.c >&5
conftest.c:35:16: error: unknown type name 'not'
   35 |                not a universal capable compiler
      |                ^~~
conftest.c:35:22: error: expected '=', ',', ';', 'asm' or '__attribute__' before 'universal'
   35 |                not a universal capable compiler
      |                      ^~~~~~~~~
conftest.c:35:22: error: unknown type name 'universal'
configure:14377: $? = 1
configure: failed program was:
| /* confdefs.h */
| #define PACKAGE_NAME "libctf"
| #define PACKAGE_TARNAME "libctf"
| #define PACKAGE_VERSION "1.2.0"
| #define PACKAGE_STRING "libctf 1.2.0"
| #define PACKAGE_BUGREPORT ""
| #define PACKAGE_URL ""
| #define STDC_HEADERS 1
| #define HAVE_SYS_TYPES_H 1
| #define HAVE_SYS_STAT_H 1
| #define HAVE_STDLIB_H 1
| #define HAVE_STRING_H 1
| #define HAVE_MEMORY_H 1
| #define HAVE_STRINGS_H 1
| #define HAVE_INTTYPES_H 1
| #define HAVE_STDINT_H 1
| #define HAVE_UNISTD_H 1
| #define __EXTENSIONS__ 1
| #define _ALL_SOURCE 1
| #define _GNU_SOURCE 1
| #define _POSIX_PTHREAD_SEMANTICS 1
| #define _TANDEM_SOURCE 1
| #define PACKAGE "libctf"
| #define VERSION "1.2.0"
| #define HAVE_DLFCN_H 1
| #define LT_OBJDIR ".libs/"
| #define HAVE_STDLIB_H 1
| #define HAVE_UNISTD_H 1
| #define HAVE_SYS_PARAM_H 1
| #define HAVE_GETPAGESIZE 1
| #define HAVE_MMAP 1
| #define HAVE_BFD_ELF 1
| /* end confdefs.h.  */
| #ifndef __APPLE_CC__
| 	       not a universal capable compiler
| 	     #endif
| 	     typedef int dummy;
| 
configure:14422: /usr/bin/gcc -c -O2 -I/home/erion/Projects/buildroot/output/host/include      conftest.c >&5
configure:14422: $? = 0
configure:14440: /usr/bin/gcc -c -O2 -I/home/erion/Projects/buildroot/output/host/include      conftest.c >&5
conftest.c: In function 'main':
conftest.c:41:18: error: unknown type name 'not'; did you mean 'ino_t'?
   41 |                  not big endian
      |                  ^~~
      |                  ino_t
conftest.c:41:26: error: expected '=', ',', ';', 'asm' or '__attribute__' before 'endian'
   41 |                  not big endian
      |                          ^~~~~~
configure:14440: $? = 1
configure: failed program was:
| /* confdefs.h */
| #define PACKAGE_NAME "libctf"
| #define PACKAGE_TARNAME "libctf"
| #define PACKAGE_VERSION "1.2.0"
| #define PACKAGE_STRING "libctf 1.2.0"
| #define PACKAGE_BUGREPORT ""
| #define PACKAGE_URL ""
| #define STDC_HEADERS 1
| #define HAVE_SYS_TYPES_H 1
| #define HAVE_SYS_STAT_H 1
| #define HAVE_STDLIB_H 1
| #define HAVE_STRING_H 1
| #define HAVE_MEMORY_H 1
| #define HAVE_STRINGS_H 1
| #define HAVE_INTTYPES_H 1
| #define HAVE_STDINT_H 1
| #define HAVE_UNISTD_H 1
| #define __EXTENSIONS__ 1
| #define _ALL_SOURCE 1
| #define _GNU_SOURCE 1
| #define _POSIX_PTHREAD_SEMANTICS 1
| #define _TANDEM_SOURCE 1
| #define PACKAGE "libctf"
| #define VERSION "1.2.0"
| #define HAVE_DLFCN_H 1
| #define LT_OBJDIR ".libs/"
| #define HAVE_STDLIB_H 1
| #define HAVE_UNISTD_H 1
| #define HAVE_SYS_PARAM_H 1
| #define HAVE_GETPAGESIZE 1
| #define HAVE_MMAP 1
| #define HAVE_BFD_ELF 1
| /* end confdefs.h.  */
| #include <sys/types.h>
| 		#include <sys/param.h>
| 
| int
| main ()
| {
| #if BYTE_ORDER != BIG_ENDIAN
| 		 not big endian
| 		#endif
| 
|   ;
|   return 0;
| }
configure:14568: result: no
configure:14589: checking byteswap.h usability
configure:14589: /usr/bin/gcc -c -O2 -I/home/erion/Projects/buildroot/output/host/include      conftest.c >&5
configure:14589: $? = 0
configure:14589: result: yes
configure:14589: checking byteswap.h presence
configure:14589: /usr/bin/gcc -E  conftest.c
configure:14589: $? = 0
configure:14589: result: yes
configure:14589: checking for byteswap.h
configure:14589: result: yes
configure:14589: checking endian.h usability
configure:14589: /usr/bin/gcc -c -O2 -I/home/erion/Projects/buildroot/output/host/include      conftest.c >&5
configure:14589: $? = 0
configure:14589: result: yes
configure:14589: checking endian.h presence
configure:14589: /usr/bin/gcc -E  conftest.c
configure:14589: $? = 0
configure:14589: result: yes
configure:14589: checking for endian.h
configure:14589: result: yes
configure:14601: checking for pread
configure:14601: /usr/bin/gcc -o conftest -O2 -I/home/erion/Projects/buildroot/output/host/include       -L/home/erion/Projects/buildroot/output/host/lib -Wl,-rpath,/home/erion/Projects/buildroot/output/host/lib conftest.c  >&5
configure:14601: $? = 0
configure:14601: result: yes
configure:14611: checking whether bswap_16 is declared
configure:14611: /usr/bin/gcc -c -O2 -I/home/erion/Projects/buildroot/output/host/include      conftest.c >&5
configure:14611: $? = 0
configure:14611: result: yes
configure:14622: checking whether bswap_32 is declared
configure:14622: /usr/bin/gcc -c -O2 -I/home/erion/Projects/buildroot/output/host/include      conftest.c >&5
configure:14622: $? = 0
configure:14622: result: yes
configure:14633: checking whether bswap_64 is declared
configure:14633: /usr/bin/gcc -c -O2 -I/home/erion/Projects/buildroot/output/host/include      conftest.c >&5
configure:14633: $? = 0
configure:14633: result: yes
configure:14645: checking whether asprintf is declared
configure:14645: /usr/bin/gcc -c -O2 -I/home/erion/Projects/buildroot/output/host/include      conftest.c >&5
configure:14645: $? = 0
configure:14645: result: yes
configure:14655: checking whether vasprintf is declared
configure:14655: /usr/bin/gcc -c -O2 -I/home/erion/Projects/buildroot/output/host/include      conftest.c >&5
configure:14655: $? = 0
configure:14655: result: yes
configure:14665: checking whether stpcpy is declared
configure:14665: /usr/bin/gcc -c -O2 -I/home/erion/Projects/buildroot/output/host/include      conftest.c >&5
configure:14665: $? = 0
configure:14665: result: yes
configure:14683: checking for qsort_r
configure:14683: /usr/bin/gcc -o conftest -O2 -I/home/erion/Projects/buildroot/output/host/include       -L/home/erion/Projects/buildroot/output/host/lib -Wl,-rpath,/home/erion/Projects/buildroot/output/host/lib conftest.c  >&5
configure:14683: $? = 0
configure:14683: result: yes
configure:14696: checking for qsort_r signature
configure:14722: /usr/bin/gcc -o conftest -O2 -I/home/erion/Projects/buildroot/output/host/include       -L/home/erion/Projects/buildroot/output/host/lib -Wl,-rpath,/home/erion/Projects/buildroot/output/host/lib conftest.c  >&5
configure:14722: $? = 0
configure:14756: result: GNU
configure:14779: checking for O_CLOEXEC
configure:14799: /usr/bin/gcc -o conftest -O2 -I/home/erion/Projects/buildroot/output/host/include       -L/home/erion/Projects/buildroot/output/host/lib -Wl,-rpath,/home/erion/Projects/buildroot/output/host/lib conftest.c  >&5
configure:14799: $? = 0
configure:14807: result: yes
configure:14822: checking for makeinfo
configure:14849: result: true --split-size=5000000
configure:14877: WARNING:
*** Makeinfo is too old. Info documentation will not be built.
configure:14927: checking for expect
configure:14960: result: no
configure:14965: checking for Tcl supporting try/catch
configure:14976: result: no
configure:14989: checking for linker versioning flags
configure:15004: /usr/bin/gcc -o conftest -O2 -I/home/erion/Projects/buildroot/output/host/include     -fPIC   -L/home/erion/Projects/buildroot/output/host/lib -Wl,-rpath,/home/erion/Projects/buildroot/output/host/lib -shared -Wl,--version-script=conftest.ver conftest.c  >&5
configure:15004: $? = 0
configure:15033: result: -Wl,--version-script='./libctf.ver'
configure:15114: updating cache ./config.cache
configure:15158: checking that generated files are newer than configure
configure:15164: result: done
configure:15212: creating ./config.status

## ---------------------- ##
## Running config.status. ##
## ---------------------- ##

This file was extended by libctf config.status 1.2.0, which was
generated by GNU Autoconf 2.69.  Invocation command line was

  CONFIG_FILES    = 
  CONFIG_HEADERS  = 
  CONFIG_LINKS    = 
  CONFIG_COMMANDS = 
  $ ./config.status 

on archlinux

config.status:1137: creating Makefile
config.status:1137: creating config.h
config.status:1366: executing depfiles commands
config.status:1366: executing libtool commands

## ---------------- ##
## Cache variables. ##
## ---------------- ##

ac_cv_build=x86_64-pc-linux-gnu
ac_cv_c_bigendian=no
ac_cv_c_compiler_gnu=yes
ac_cv_env_CC_set=set
ac_cv_env_CC_value=/usr/bin/gcc
ac_cv_env_CFLAGS_set=set
ac_cv_env_CFLAGS_value='-O2 -I/home/erion/Projects/buildroot/output/host/include    '
ac_cv_env_CPPFLAGS_set=
ac_cv_env_CPPFLAGS_value=
ac_cv_env_CPP_set=
ac_cv_env_CPP_value=
ac_cv_env_LDFLAGS_set=set
ac_cv_env_LDFLAGS_value=' -L/home/erion/Projects/buildroot/output/host/lib -Wl,-rpath,/home/erion/Projects/buildroot/output/host/lib'
ac_cv_env_LIBS_set=
ac_cv_env_LIBS_value=
ac_cv_env_build_alias_set=set
ac_cv_env_build_alias_value=x86_64-pc-linux-gnu
ac_cv_env_host_alias_set=set
ac_cv_env_host_alias_value=x86_64-pc-linux-gnu
ac_cv_env_target_alias_set=set
ac_cv_env_target_alias_value=aarch64-buildroot-linux-gnu
ac_cv_func_getpagesize=yes
ac_cv_func_mmap_fixed_mapped=yes
ac_cv_func_pread=yes
ac_cv_func_qsort_r=yes
ac_cv_have_decl_asprintf=yes
ac_cv_have_decl_bswap_16=yes
ac_cv_have_decl_bswap_32=yes
ac_cv_have_decl_bswap_64=yes
ac_cv_have_decl_stpcpy=yes
ac_cv_have_decl_vasprintf=yes
ac_cv_header_byteswap_h=yes
ac_cv_header_dlfcn_h=yes
ac_cv_header_endian_h=yes
ac_cv_header_inttypes_h=yes
ac_cv_header_memory_h=yes
ac_cv_header_minix_config_h=no
ac_cv_header_stdc=yes
ac_cv_header_stdint_h=yes
ac_cv_header_stdlib_h=yes
ac_cv_header_string_h=yes
ac_cv_header_strings_h=yes
ac_cv_header_sys_param_h=yes
ac_cv_header_sys_stat_h=yes
ac_cv_header_sys_types_h=yes
ac_cv_header_unistd_h=yes
ac_cv_host=x86_64-pc-linux-gnu
ac_cv_libctf_bfd_elf=yes
ac_cv_libctf_macro_O_CLOEXEC=yes
ac_cv_libctf_qsort_r_signature=GNU
ac_cv_libctf_tcl_try=no
ac_cv_libctf_version_script='-Wl,--version-script='\''./libctf.ver'\'''
ac_cv_objext=o
ac_cv_path_EGREP='/usr/bin/grep -E'
ac_cv_path_FGREP='/usr/bin/grep -F'
ac_cv_path_GREP=/usr/bin/grep
ac_cv_path_SED=/usr/bin/sed
ac_cv_path_mkdir=/usr/bin/mkdir
ac_cv_prog_ACLOCAL='${SHELL} /home/erion/Projects/buildroot/output/build/host-binutils-2.40/missing aclocal-1.15'
ac_cv_prog_AR='/usr/bin/ar --plugin /usr/lib/gcc/x86_64-pc-linux-gnu/14.1.1/liblto_plugin.so'
ac_cv_prog_AUTOCONF='${SHELL} /home/erion/Projects/buildroot/output/build/host-binutils-2.40/missing autoconf'
ac_cv_prog_AUTOHEADER='${SHELL} /home/erion/Projects/buildroot/output/build/host-binutils-2.40/missing autoheader'
ac_cv_prog_AWK=gawk
ac_cv_prog_CC=/usr/bin/gcc
ac_cv_prog_CPP='/usr/bin/gcc -E'
ac_cv_prog_MAKEINFO='true --split-size=5000000'
ac_cv_prog_OBJDUMP=objdump
ac_cv_prog_RANLIB='/usr/bin/ranlib --plugin /usr/lib/gcc/x86_64-pc-linux-gnu/14.1.1/liblto_plugin.so'
ac_cv_prog_ac_ct_STRIP=strip
ac_cv_prog_cc_c89=
ac_cv_prog_cc_g=yes
ac_cv_prog_make__usr_bin_make_set=yes
ac_cv_safe_to_define___extensions__=yes
ac_cv_search_dlsym='none required'
ac_cv_sys_file_offset_bits=no
ac_cv_sys_largefile_CC=no
ac_cv_target=aarch64-buildroot-linux-gnu
acx_cv_prog_cc_pedantic__Wlong_long=yes
acx_cv_prog_cc_warning__W=yes
acx_cv_prog_cc_warning__Wall=yes
acx_cv_prog_cc_warning__Wmissing_format_attribute=yes
acx_cv_prog_cc_warning__Wmissing_prototypes=yes
acx_cv_prog_cc_warning__Wnarrowing=yes
acx_cv_prog_cc_warning__Wold_style_definition=yes
acx_cv_prog_cc_warning__Wstrict_prototypes=yes
acx_cv_prog_cc_warning__Wwrite_strings=yes
am_cv_CC_dependencies_compiler_type=none
am_cv_ar_interface=ar
am_cv_make_support_nested_variables=yes
am_cv_prog_cc_c_o=yes
lt_cv_deplibs_check_method=pass_all
lt_cv_file_magic_cmd='$MAGIC_CMD'
lt_cv_file_magic_test_file=
lt_cv_ld_reload_flag=-r
lt_cv_nm_interface='BSD nm'
lt_cv_objdir=.libs
lt_cv_path_LD=/usr/bin/ld
lt_cv_path_NM='/usr/bin/nm -B'
lt_cv_prog_compiler_c_o=yes
lt_cv_prog_compiler_pic_works=yes
lt_cv_prog_compiler_rtti_exceptions=no
lt_cv_prog_compiler_static_works=yes
lt_cv_prog_gnu_ld=yes
lt_cv_shlibpath_overrides_runpath=yes
lt_cv_sys_global_symbol_pipe='sed -n -e '\''s/^.*[	 ]\([ABCDGIRSTW][ABCDGIRSTW]*\)[	 ][	 ]*\([_A-Za-z][_A-Za-z0-9]*\)$/\1 \2 \2/p'\'''
lt_cv_sys_global_symbol_to_c_name_address='sed -n -e '\''s/^: \([^ ]*\) $/  {\"\1\", (void *) 0},/p'\'' -e '\''s/^[ABCDGIRSTW]* \([^ ]*\) \([^ ]*\)$/  {"\2", (void *) \&\2},/p'\'''
lt_cv_sys_global_symbol_to_c_name_address_lib_prefix='sed -n -e '\''s/^: \([^ ]*\) $/  {\"\1\", (void *) 0},/p'\'' -e '\''s/^[ABCDGIRSTW]* \([^ ]*\) \(lib[^ ]*\)$/  {"\2", (void *) \&\2},/p'\'' -e '\''s/^[ABCDGIRSTW]* \([^ ]*\) \([^ ]*\)$/  {"lib\2", (void *) \&\2},/p'\'''
lt_cv_sys_global_symbol_to_cdecl='sed -n -e '\''s/^T .* \(.*\)$/extern int \1();/p'\'' -e '\''s/^[ABCDGIRSTW]* .* \(.*\)$/extern char \1;/p'\'''
lt_cv_sys_max_cmd_len=1572864

## ----------------- ##
## Output variables. ##
## ----------------- ##

ACLOCAL='${SHELL} /home/erion/Projects/buildroot/output/build/host-binutils-2.40/missing aclocal-1.15'
AMDEPBACKSLASH=''
AMDEP_FALSE=''
AMDEP_TRUE='#'
AMTAR='$${TAR-tar}'
AM_BACKSLASH='\'
AM_DEFAULT_V='$(AM_DEFAULT_VERBOSITY)'
AM_DEFAULT_VERBOSITY='0'
AM_V='$(V)'
AR='/usr/bin/ar --plugin /usr/lib/gcc/x86_64-pc-linux-gnu/14.1.1/liblto_plugin.so --plugin /usr/lib/gcc/x86_64-pc-linux-gnu/14.1.1/liblto_plugin.so'
AUTOCONF='${SHELL} /home/erion/Projects/buildroot/output/build/host-binutils-2.40/missing autoconf'
AUTOHEADER='${SHELL} /home/erion/Projects/buildroot/output/build/host-binutils-2.40/missing autoheader'
AUTOMAKE='${SHELL} /home/erion/Projects/buildroot/output/build/host-binutils-2.40/missing automake-1.15'
AWK='gawk'
BUILD_INFO_FALSE=''
BUILD_INFO_TRUE='#'
CATALOGS=''
CATOBJEXT=''
CC='/usr/bin/gcc'
CCDEPMODE='depmode=none'
CFLAGS='-O2 -I/home/erion/Projects/buildroot/output/host/include    '
CPP='/usr/bin/gcc -E'
CPPFLAGS=''
CTF_LIBADD='-L/home/erion/Projects/buildroot/output/build/host-binutils-2.40/libctf/../libiberty -liberty '
CYGPATH_W='echo'
DATADIRNAME=''
DEFS='-DHAVE_CONFIG_H'
DEPDIR='.deps'
DSYMUTIL='dsymutil'
DUMPBIN=''
ECHO_C=''
ECHO_N='-n'
ECHO_T=''
EGREP='/usr/bin/grep -E'
ENABLE_LIBCTF_HASH_DEBUGGING_FALSE=''
ENABLE_LIBCTF_HASH_DEBUGGING_TRUE='#'
EXEEXT=''
EXPECT=''
FGREP='/usr/bin/grep -F'
GENCAT=''
GMSGFMT='/usr/bin/msgfmt'
GREP='/usr/bin/grep'
INCINTL=''
INSTALL_DATA='/usr/bin/install -c -m 644'
INSTALL_LIBBFD_FALSE=''
INSTALL_LIBBFD_TRUE='#'
INSTALL_PROGRAM='/usr/bin/install -c'
INSTALL_SCRIPT='/usr/bin/install -c'
INSTALL_STRIP_PROGRAM='$(install_sh) -c -s'
INSTOBJEXT=''
LD='/usr/bin/ld -m elf_x86_64'
LDFLAGS=' -L/home/erion/Projects/buildroot/output/host/lib -Wl,-rpath,/home/erion/Projects/buildroot/output/host/lib'
LIBINTL=''
LIBINTL_DEP=''
LIBOBJS=''
LIBS=''
LIBTOOL='$(SHELL) $(top_builddir)/libtool'
LIPO=''
LN_S='ln -s'
LTLIBOBJS=''
MAINT='#'
MAINTAINER_MODE_FALSE=''
MAINTAINER_MODE_TRUE='#'
MAKEINFO='true --split-size=5000000'
MKDIR_P='/usr/bin/mkdir -p'
NEED_CTF_QSORT_R_FALSE=''
NEED_CTF_QSORT_R_TRUE='#'
NM='/usr/bin/nm -B'
NMEDIT=''
OBJDUMP='objdump'
OBJEXT='o'
OTOOL64=''
OTOOL='otool'
PACKAGE='libctf'
PACKAGE_BUGREPORT=''
PACKAGE_NAME='libctf'
PACKAGE_STRING='libctf 1.2.0'
PACKAGE_TARNAME='libctf'
PACKAGE_URL=''
PACKAGE_VERSION='1.2.0'
PATH_SEPARATOR=':'
POSUB=''
RANLIB='/usr/bin/ranlib --plugin /usr/lib/gcc/x86_64-pc-linux-gnu/14.1.1/liblto_plugin.so --plugin /usr/lib/gcc/x86_64-pc-linux-gnu/14.1.1/liblto_plugin.so'
SED='/usr/bin/sed'
SET_MAKE=''
SHARED_LDFLAGS=''
SHELL='/bin/sh'
STRIP='strip'
TCL_TRY_FALSE=''
TCL_TRY_TRUE='#'
USE_NLS='no'
VERSION='1.2.0'
VERSION_FLAGS='-Wl,--version-script='\''./libctf.ver'\'''
VERSION_FLAGS_NOBFD='-Wl,--version-script='\''./libctf.ver'\'''
WARN_PEDANTIC='-pedantic -Wno-long-long'
WERROR=''
XGETTEXT='/usr/bin/xgettext'
ac_ct_AR=''
ac_ct_CC=''
ac_ct_DUMPBIN=''
ac_libctf_warn_cflags='-Wall'
am__EXEEXT_FALSE=''
am__EXEEXT_TRUE='#'
am__fastdepCC_FALSE=''
am__fastdepCC_TRUE='#'
am__include='include'
am__isrc=''
am__leading_dot='.'
am__nodep=''
am__quote=''
am__tar='$${TAR-tar} chof - "$$tardir"'
am__untar='$${TAR-tar} xf -'
bfdincludedir='$(exec_prefix)/$(host_noncanonical)/$(target_noncanonical)/include'
bfdlibdir='$(exec_prefix)/$(host_noncanonical)/$(target_noncanonical)/lib'
bindir='${exec_prefix}/bin'
build='x86_64-pc-linux-gnu'
build_alias='x86_64-pc-linux-gnu'
build_cpu='x86_64'
build_os='linux-gnu'
build_vendor='pc'
c_warn='-Wstrict-prototypes -Wmissing-prototypes -Wold-style-definition'
datadir='${datarootdir}'
datarootdir='${prefix}/share'
docdir='${datarootdir}/doc/${PACKAGE_TARNAME}'
dvidir='${docdir}'
exec_prefix='${prefix}'
host='x86_64-pc-linux-gnu'
host_alias='x86_64-pc-linux-gnu'
host_cpu='x86_64'
host_noncanonical='x86_64-pc-linux-gnu'
host_os='linux-gnu'
host_vendor='pc'
htmldir='${docdir}'
includedir='${prefix}/include'
infodir='${datarootdir}/info'
install_sh='${SHELL} /home/erion/Projects/buildroot/output/build/host-binutils-2.40/install-sh'
libdir='${exec_prefix}/lib'
libexecdir='${exec_prefix}/libexec'
localedir='${datarootdir}/locale'
localstatedir='/home/erion/Projects/buildroot/output/host/var'
mandir='${datarootdir}/man'
mkdir_p='$(MKDIR_P)'
oldincludedir='/usr/include'
pdfdir='${docdir}'
prefix='/home/erion/Projects/buildroot/output/host'
program_transform_name='s&^&aarch64-buildroot-linux-gnu-&'
psdir='${docdir}'
sbindir='${exec_prefix}/sbin'
sharedstatedir='${prefix}/com'
sysconfdir='/home/erion/Projects/buildroot/output/host/etc'
target='aarch64-buildroot-linux-gnu'
target_alias='aarch64-buildroot-linux-gnu'
target_cpu='aarch64'
target_noncanonical='aarch64-buildroot-linux-gnu'
target_os='linux-gnu'
target_vendor='buildroot'
warn='-W -Wall -Wno-narrowing -Wwrite-strings -Wmissing-format-attribute'
zlibdir='-L$(top_builddir)/../zlib'
zlibinc='-I$(top_srcdir)/../zlib'

## ----------- ##
## confdefs.h. ##
## ----------- ##

/* confdefs.h */
#define PACKAGE_NAME "libctf"
#define PACKAGE_TARNAME "libctf"
#define PACKAGE_VERSION "1.2.0"
#define PACKAGE_STRING "libctf 1.2.0"
#define PACKAGE_BUGREPORT ""
#define PACKAGE_URL ""
#define STDC_HEADERS 1
#define HAVE_SYS_TYPES_H 1
#define HAVE_SYS_STAT_H 1
#define HAVE_STDLIB_H 1
#define HAVE_STRING_H 1
#define HAVE_MEMORY_H 1
#define HAVE_STRINGS_H 1
#define HAVE_INTTYPES_H 1
#define HAVE_STDINT_H 1
#define HAVE_UNISTD_H 1
#define __EXTENSIONS__ 1
#define _ALL_SOURCE 1
#define _GNU_SOURCE 1
#define _POSIX_PTHREAD_SEMANTICS 1
#define _TANDEM_SOURCE 1
#define PACKAGE "libctf"
#define VERSION "1.2.0"
#define HAVE_DLFCN_H 1
#define LT_OBJDIR ".libs/"
#define HAVE_STDLIB_H 1
#define HAVE_UNISTD_H 1
#define HAVE_SYS_PARAM_H 1
#define HAVE_GETPAGESIZE 1
#define HAVE_MMAP 1
#define HAVE_BFD_ELF 1
#define HAVE_BYTESWAP_H 1
#define HAVE_ENDIAN_H 1
#define HAVE_PREAD 1
#define HAVE_DECL_BSWAP_16 1
#define HAVE_DECL_BSWAP_32 1
#define HAVE_DECL_BSWAP_64 1
#define HAVE_DECL_ASPRINTF 1
#define HAVE_DECL_VASPRINTF 1
#define HAVE_DECL_STPCPY 1
#define HAVE_QSORT_R 1
#define HAVE_QSORT_R_ARG_LAST 1
#define HAVE_O_CLOEXEC 1

configure: exit 0
