This file contains any messages produced by compilers while
running configure, to aid debugging if configure makes a mistake.

It was created by acl configure 2.3.2, which was
generated by GNU Autoconf 2.72.  Invocation command line was

  $ ./configure --prefix=/home/erion/Projects/buildroot/output/host --sysconfdir=/home/erion/Projects/buildroot/output/host/etc --localstatedir=/home/erion/Projects/buildroot/output/host/var --enable-shared --disable-static --disable-gtk-doc --disable-gtk-doc-html --disable-doc --disable-docs --disable-documentation --disable-debug --with-xmlto=no --with-fop=no --disable-nls --disable-dependency-tracking

## --------- ##
## Platform. ##
## --------- ##

hostname = archlinux
uname -m = x86_64
uname -r = 6.9.9-arch1-1
uname -s = Linux
uname -v = #1 SMP PREEMPT_DYNAMIC Fri, 12 Jul 2024 00:06:53 +0000

/usr/bin/uname -p = unknown
/bin/uname -X     = unknown

/bin/arch              = unknown
/usr/bin/arch -k       = unknown
/usr/convex/getsysinfo = unknown
/usr/bin/hostinfo      = unknown
/bin/machine           = unknown
/usr/bin/oslevel       = unknown
/bin/universe          = unknown

PATH: /home/erion/Projects/buildroot/output/host/bin/
PATH: /home/erion/Projects/buildroot/output/host/sbin/
PATH: /home/erion/Apps/miniconda3/condabin/
PATH: /opt/devkitpro/tools/bin/
PATH: /usr/local/sbin/
PATH: /usr/local/bin/
PATH: /usr/bin/
PATH: /var/lib/flatpak/exports/bin/
PATH: /usr/lib/jvm/default/bin/
PATH: /usr/bin/site_perl/
PATH: /usr/bin/vendor_perl/
PATH: /usr/bin/core_perl/


## ----------- ##
## Core tests. ##
## ----------- ##

configure:2500: looking for aux files: config.rpath config.guess config.sub ltmain.sh ar-lib compile missing install-sh
configure:2513:  trying ./build-aux/
configure:2542:   ./build-aux/config.rpath found
configure:2542:   ./build-aux/config.guess found
configure:2542:   ./build-aux/config.sub found
configure:2542:   ./build-aux/ltmain.sh found
configure:2542:   ./build-aux/ar-lib found
configure:2542:   ./build-aux/compile found
configure:2542:   ./build-aux/missing found
configure:2524:   ./build-aux/install-sh found
configure:2678: checking for a BSD-compatible install
configure:2752: result: /usr/bin/install -c
configure:2763: checking whether build environment is sane
configure:2818: result: yes
configure:2979: checking for a race-free mkdir -p
configure:3022: result: /usr/bin/mkdir -p
configure:3029: checking for gawk
configure:3050: found /usr/bin/gawk
configure:3062: result: gawk
configure:3073: checking whether make sets $(MAKE)
configure:3097: result: yes
configure:3127: checking whether make supports nested variables
configure:3146: result: yes
configure:3294: checking whether make supports nested variables
configure:3313: result: yes
configure:3388: checking for gcc
configure:3421: result: /usr/bin/gcc
configure:3780: checking for C compiler version
configure:3789: /usr/bin/gcc --version >&5
gcc (GCC) 14.1.1 20240522
Copyright (C) 2024 Free Software Foundation, Inc.
This is free software; see the source for copying conditions.  There is NO
warranty; not even for MERCHANTABILITY or FITNESS FOR A PARTICULAR PURPOSE.

configure:3800: $? = 0
configure:3789: /usr/bin/gcc -v >&5
Using built-in specs.
COLLECT_GCC=/usr/bin/gcc
COLLECT_LTO_WRAPPER=/usr/lib/gcc/x86_64-pc-linux-gnu/14.1.1/lto-wrapper
Target: x86_64-pc-linux-gnu
Configured with: /build/gcc/src/gcc/configure --enable-languages=ada,c,c++,d,fortran,go,lto,m2,objc,obj-c++,rust --enable-bootstrap --prefix=/usr --libdir=/usr/lib --libexecdir=/usr/lib --mandir=/usr/share/man --infodir=/usr/share/info --with-bugurl=https://gitlab.archlinux.org/archlinux/packaging/packages/gcc/-/issues --with-build-config=bootstrap-lto --with-linker-hash-style=gnu --with-system-zlib --enable-__cxa_atexit --enable-cet=auto --enable-checking=release --enable-clocale=gnu --enable-default-pie --enable-default-ssp --enable-gnu-indirect-function --enable-gnu-unique-object --enable-libstdcxx-backtrace --enable-link-serialization=1 --enable-linker-build-id --enable-lto --enable-multilib --enable-plugin --enable-shared --enable-threads=posix --disable-libssp --disable-libstdcxx-pch --disable-werror
Thread model: posix
Supported LTO compression algorithms: zlib zstd
gcc version 14.1.1 20240522 (GCC) 
configure:3800: $? = 0
configure:3789: /usr/bin/gcc -V >&5
gcc: error: unrecognized command-line option '-V'
gcc: fatal error: no input files
compilation terminated.
configure:3800: $? = 1
configure:3789: /usr/bin/gcc -qversion >&5
gcc: error: unrecognized command-line option '-qversion'; did you mean '--version'?
gcc: fatal error: no input files
compilation terminated.
configure:3800: $? = 1
configure:3789: /usr/bin/gcc -version >&5
gcc: error: unrecognized command-line option '-version'
gcc: fatal error: no input files
compilation terminated.
configure:3800: $? = 1
configure:3820: checking whether the C compiler works
configure:3842: /usr/bin/gcc -O2 -I/home/erion/Projects/buildroot/output/host/include -I/home/erion/Projects/buildroot/output/host/include -L/home/erion/Projects/buildroot/output/host/lib -Wl,-rpath,/home/erion/Projects/buildroot/output/host/lib conftest.c  >&5
configure:3846: $? = 0
configure:3897: result: yes
configure:3901: checking for C compiler default output file name
configure:3903: result: a.out
configure:3909: checking for suffix of executables
configure:3916: /usr/bin/gcc -o conftest -O2 -I/home/erion/Projects/buildroot/output/host/include -I/home/erion/Projects/buildroot/output/host/include -L/home/erion/Projects/buildroot/output/host/lib -Wl,-rpath,/home/erion/Projects/buildroot/output/host/lib conftest.c  >&5
configure:3920: $? = 0
configure:3944: result: 
configure:3968: checking whether we are cross compiling
configure:3976: /usr/bin/gcc -o conftest -O2 -I/home/erion/Projects/buildroot/output/host/include -I/home/erion/Projects/buildroot/output/host/include -L/home/erion/Projects/buildroot/output/host/lib -Wl,-rpath,/home/erion/Projects/buildroot/output/host/lib conftest.c  >&5
configure:3980: $? = 0
configure:3987: ./conftest
configure:3991: $? = 0
configure:4006: result: no
configure:4012: checking for suffix of object files
configure:4035: /usr/bin/gcc -c -O2 -I/home/erion/Projects/buildroot/output/host/include -I/home/erion/Projects/buildroot/output/host/include conftest.c >&5
configure:4039: $? = 0
configure:4063: result: o
configure:4067: checking whether the compiler supports GNU C
configure:4087: /usr/bin/gcc -c -O2 -I/home/erion/Projects/buildroot/output/host/include -I/home/erion/Projects/buildroot/output/host/include conftest.c >&5
configure:4087: $? = 0
configure:4099: result: yes
configure:4110: checking whether /usr/bin/gcc accepts -g
configure:4131: /usr/bin/gcc -c -g -I/home/erion/Projects/buildroot/output/host/include conftest.c >&5
configure:4131: $? = 0
configure:4178: result: yes
configure:4198: checking for /usr/bin/gcc option to enable C11 features
configure:4213: /usr/bin/gcc  -c -O2 -I/home/erion/Projects/buildroot/output/host/include -I/home/erion/Projects/buildroot/output/host/include conftest.c >&5
configure:4213: $? = 0
configure:4232: result: none needed
configure:4356: checking whether /usr/bin/gcc understands -c and -o together
configure:4379: /usr/bin/gcc -c conftest.c -o conftest2.o
configure:4382: $? = 0
configure:4379: /usr/bin/gcc -c conftest.c -o conftest2.o
configure:4382: $? = 0
configure:4395: result: yes
configure:4415: checking whether make supports the include directive
configure:4430: make -f confmf.GNU && cat confinc.out
make[1]: Entering directory '/home/erion/Projects/buildroot/output/build/host-acl-2.3.2'
make[1]: Leaving directory '/home/erion/Projects/buildroot/output/build/host-acl-2.3.2'
this is the am__doit target
configure:4433: $? = 0
configure:4452: result: yes (GNU style)
configure:4478: checking dependency style of /usr/bin/gcc
configure:4591: result: none
configure:4612: checking for stdio.h
configure:4612: /usr/bin/gcc -c -O2 -I/home/erion/Projects/buildroot/output/host/include -I/home/erion/Projects/buildroot/output/host/include conftest.c >&5
configure:4612: $? = 0
configure:4612: result: yes
configure:4612: checking for stdlib.h
configure:4612: /usr/bin/gcc -c -O2 -I/home/erion/Projects/buildroot/output/host/include -I/home/erion/Projects/buildroot/output/host/include conftest.c >&5
configure:4612: $? = 0
configure:4612: result: yes
configure:4612: checking for string.h
configure:4612: /usr/bin/gcc -c -O2 -I/home/erion/Projects/buildroot/output/host/include -I/home/erion/Projects/buildroot/output/host/include conftest.c >&5
configure:4612: $? = 0
configure:4612: result: yes
configure:4612: checking for inttypes.h
configure:4612: /usr/bin/gcc -c -O2 -I/home/erion/Projects/buildroot/output/host/include -I/home/erion/Projects/buildroot/output/host/include conftest.c >&5
configure:4612: $? = 0
configure:4612: result: yes
configure:4612: checking for stdint.h
configure:4612: /usr/bin/gcc -c -O2 -I/home/erion/Projects/buildroot/output/host/include -I/home/erion/Projects/buildroot/output/host/include conftest.c >&5
configure:4612: $? = 0
configure:4612: result: yes
configure:4612: checking for strings.h
configure:4612: /usr/bin/gcc -c -O2 -I/home/erion/Projects/buildroot/output/host/include -I/home/erion/Projects/buildroot/output/host/include conftest.c >&5
configure:4612: $? = 0
configure:4612: result: yes
configure:4612: checking for sys/stat.h
configure:4612: /usr/bin/gcc -c -O2 -I/home/erion/Projects/buildroot/output/host/include -I/home/erion/Projects/buildroot/output/host/include conftest.c >&5
configure:4612: $? = 0
configure:4612: result: yes
configure:4612: checking for sys/types.h
configure:4612: /usr/bin/gcc -c -O2 -I/home/erion/Projects/buildroot/output/host/include -I/home/erion/Projects/buildroot/output/host/include conftest.c >&5
configure:4612: $? = 0
configure:4612: result: yes
configure:4612: checking for unistd.h
configure:4612: /usr/bin/gcc -c -O2 -I/home/erion/Projects/buildroot/output/host/include -I/home/erion/Projects/buildroot/output/host/include conftest.c >&5
configure:4612: $? = 0
configure:4612: result: yes
configure:4612: checking for wchar.h
configure:4612: /usr/bin/gcc -c -O2 -I/home/erion/Projects/buildroot/output/host/include -I/home/erion/Projects/buildroot/output/host/include conftest.c >&5
configure:4612: $? = 0
configure:4612: result: yes
configure:4612: checking for minix/config.h
configure:4612: /usr/bin/gcc -c -O2 -I/home/erion/Projects/buildroot/output/host/include -I/home/erion/Projects/buildroot/output/host/include conftest.c >&5
conftest.c:49:10: fatal error: minix/config.h: No such file or directory
   49 | #include <minix/config.h>
      |          ^~~~~~~~~~~~~~~~
compilation terminated.
configure:4612: $? = 1
configure: failed program was:
| /* confdefs.h */
| #define PACKAGE_NAME "acl"
| #define PACKAGE_TARNAME "acl"
| #define PACKAGE_VERSION "2.3.2"
| #define PACKAGE_STRING "acl 2.3.2"
| #define PACKAGE_BUGREPORT "acl-devel@nongnu.org"
| #define PACKAGE_URL ""
| #define PACKAGE "acl"
| #define VERSION "2.3.2"
| #define HAVE_STDIO_H 1
| #define HAVE_STDLIB_H 1
| #define HAVE_STRING_H 1
| #define HAVE_INTTYPES_H 1
| #define HAVE_STDINT_H 1
| #define HAVE_STRINGS_H 1
| #define HAVE_SYS_STAT_H 1
| #define HAVE_SYS_TYPES_H 1
| #define HAVE_UNISTD_H 1
| #define HAVE_WCHAR_H 1
| /* end confdefs.h.  */
| #include <stddef.h>
| #ifdef HAVE_STDIO_H
| # include <stdio.h>
| #endif
| #ifdef HAVE_STDLIB_H
| # include <stdlib.h>
| #endif
| #ifdef HAVE_STRING_H
| # include <string.h>
| #endif
| #ifdef HAVE_INTTYPES_H
| # include <inttypes.h>
| #endif
| #ifdef HAVE_STDINT_H
| # include <stdint.h>
| #endif
| #ifdef HAVE_STRINGS_H
| # include <strings.h>
| #endif
| #ifdef HAVE_SYS_TYPES_H
| # include <sys/types.h>
| #endif
| #ifdef HAVE_SYS_STAT_H
| # include <sys/stat.h>
| #endif
| #ifdef HAVE_UNISTD_H
| # include <unistd.h>
| #endif
| #include <minix/config.h>
configure:4612: result: no
configure:4643: checking whether it is safe to define __EXTENSIONS__
configure:4662: /usr/bin/gcc -c -O2 -I/home/erion/Projects/buildroot/output/host/include -I/home/erion/Projects/buildroot/output/host/include conftest.c >&5
configure:4662: $? = 0
configure:4672: result: yes
configure:4675: checking whether _XOPEN_SOURCE should be defined
configure:4697: /usr/bin/gcc -c -O2 -I/home/erion/Projects/buildroot/output/host/include -I/home/erion/Projects/buildroot/output/host/include conftest.c >&5
configure:4697: $? = 0
configure:4726: result: no
configure:4785: checking whether __attribute__((visibility())) is supported
configure:4808: result: yes
configure:4824: checking whether byte ordering is bigendian
configure:4840: /usr/bin/gcc -c -O2 -I/home/erion/Projects/buildroot/output/host/include -fvisibility=hidden -I/home/erion/Projects/buildroot/output/host/include conftest.c >&5
conftest.c:42:16: error: unknown type name 'not'
   42 |                not a universal capable compiler
      |                ^~~
conftest.c:42:22: error: expected '=', ',', ';', 'asm' or '__attribute__' before 'universal'
   42 |                not a universal capable compiler
      |                      ^~~~~~~~~
conftest.c:42:22: error: unknown type name 'universal'
configure:4840: $? = 1
configure: failed program was:
| /* confdefs.h */
| #define PACKAGE_NAME "acl"
| #define PACKAGE_TARNAME "acl"
| #define PACKAGE_VERSION "2.3.2"
| #define PACKAGE_STRING "acl 2.3.2"
| #define PACKAGE_BUGREPORT "acl-devel@nongnu.org"
| #define PACKAGE_URL ""
| #define PACKAGE "acl"
| #define VERSION "2.3.2"
| #define HAVE_STDIO_H 1
| #define HAVE_STDLIB_H 1
| #define HAVE_STRING_H 1
| #define HAVE_INTTYPES_H 1
| #define HAVE_STDINT_H 1
| #define HAVE_STRINGS_H 1
| #define HAVE_SYS_STAT_H 1
| #define HAVE_SYS_TYPES_H 1
| #define HAVE_UNISTD_H 1
| #define HAVE_WCHAR_H 1
| #define STDC_HEADERS 1
| #define _ALL_SOURCE 1
| #define _DARWIN_C_SOURCE 1
| #define _GNU_SOURCE 1
| #define _HPUX_ALT_XOPEN_SOCKET_API 1
| #define _NETBSD_SOURCE 1
| #define _OPENBSD_SOURCE 1
| #define _POSIX_PTHREAD_SEMANTICS 1
| #define __STDC_WANT_IEC_60559_ATTRIBS_EXT__ 1
| #define __STDC_WANT_IEC_60559_BFP_EXT__ 1
| #define __STDC_WANT_IEC_60559_DFP_EXT__ 1
| #define __STDC_WANT_IEC_60559_EXT__ 1
| #define __STDC_WANT_IEC_60559_FUNCS_EXT__ 1
| #define __STDC_WANT_IEC_60559_TYPES_EXT__ 1
| #define __STDC_WANT_LIB_EXT2__ 1
| #define __STDC_WANT_MATH_SPEC_FUNCS__ 1
| #define _TANDEM_SOURCE 1
| #define __EXTENSIONS__ 1
| #define HAVE_VISIBILITY_ATTRIBUTE /**/
| #define EXPORT __attribute__ ((visibility ("default"))) extern
| /* end confdefs.h.  */
| #ifndef __APPLE_CC__
| 	       not a universal capable compiler
| 	     #endif
| 	     typedef int dummy;
| 
configure:4886: /usr/bin/gcc -c -O2 -I/home/erion/Projects/buildroot/output/host/include -fvisibility=hidden -I/home/erion/Projects/buildroot/output/host/include conftest.c >&5
configure:4886: $? = 0
configure:4905: /usr/bin/gcc -c -O2 -I/home/erion/Projects/buildroot/output/host/include -fvisibility=hidden -I/home/erion/Projects/buildroot/output/host/include conftest.c >&5
conftest.c: In function 'main':
conftest.c:48:18: error: unknown type name 'not'; did you mean 'ino_t'?
   48 |                  not big endian
      |                  ^~~
      |                  ino_t
conftest.c:48:26: error: expected '=', ',', ';', 'asm' or '__attribute__' before 'endian'
   48 |                  not big endian
      |                          ^~~~~~
configure:4905: $? = 1
configure: failed program was:
| /* confdefs.h */
| #define PACKAGE_NAME "acl"
| #define PACKAGE_TARNAME "acl"
| #define PACKAGE_VERSION "2.3.2"
| #define PACKAGE_STRING "acl 2.3.2"
| #define PACKAGE_BUGREPORT "acl-devel@nongnu.org"
| #define PACKAGE_URL ""
| #define PACKAGE "acl"
| #define VERSION "2.3.2"
| #define HAVE_STDIO_H 1
| #define HAVE_STDLIB_H 1
| #define HAVE_STRING_H 1
| #define HAVE_INTTYPES_H 1
| #define HAVE_STDINT_H 1
| #define HAVE_STRINGS_H 1
| #define HAVE_SYS_STAT_H 1
| #define HAVE_SYS_TYPES_H 1
| #define HAVE_UNISTD_H 1
| #define HAVE_WCHAR_H 1
| #define STDC_HEADERS 1
| #define _ALL_SOURCE 1
| #define _DARWIN_C_SOURCE 1
| #define _GNU_SOURCE 1
| #define _HPUX_ALT_XOPEN_SOCKET_API 1
| #define _NETBSD_SOURCE 1
| #define _OPENBSD_SOURCE 1
| #define _POSIX_PTHREAD_SEMANTICS 1
| #define __STDC_WANT_IEC_60559_ATTRIBS_EXT__ 1
| #define __STDC_WANT_IEC_60559_BFP_EXT__ 1
| #define __STDC_WANT_IEC_60559_DFP_EXT__ 1
| #define __STDC_WANT_IEC_60559_EXT__ 1
| #define __STDC_WANT_IEC_60559_FUNCS_EXT__ 1
| #define __STDC_WANT_IEC_60559_TYPES_EXT__ 1
| #define __STDC_WANT_LIB_EXT2__ 1
| #define __STDC_WANT_MATH_SPEC_FUNCS__ 1
| #define _TANDEM_SOURCE 1
| #define __EXTENSIONS__ 1
| #define HAVE_VISIBILITY_ATTRIBUTE /**/
| #define EXPORT __attribute__ ((visibility ("default"))) extern
| /* end confdefs.h.  */
| #include <sys/types.h>
| 		#include <sys/param.h>
| 
| int
| main (void)
| {
| #if BYTE_ORDER != BIG_ENDIAN
| 		 not big endian
| 		#endif
| 
|   ;
|   return 0;
| }
configure:5046: result: no
configure:5071: checking for /usr/bin/gcc option to enable large file support
configure:5106: /usr/bin/gcc -c -O2 -I/home/erion/Projects/buildroot/output/host/include -fvisibility=hidden -I/home/erion/Projects/buildroot/output/host/include conftest.c >&5
configure:5106: $? = 0
configure:5112: /usr/bin/gcc -DFTYPE=ino_t -c -O2 -I/home/erion/Projects/buildroot/output/host/include -fvisibility=hidden -I/home/erion/Projects/buildroot/output/host/include conftest.c >&5
configure:5112: $? = 0
configure:5137: result: none needed
configure:5355: checking the archiver (/usr/bin/ar) interface
configure:5372: /usr/bin/gcc -c -O2 -I/home/erion/Projects/buildroot/output/host/include -fvisibility=hidden -I/home/erion/Projects/buildroot/output/host/include conftest.c >&5
configure:5372: $? = 0
configure:5375: /usr/bin/ar cru libconftest.a conftest.o >&5
/usr/bin/ar: `u' modifier ignored since `D' is the default (see `U')
configure:5378: $? = 0
configure:5407: result: ar
configure:5459: checking build system type
configure:5475: result: x86_64-pc-linux-gnu
configure:5495: checking host system type
configure:5510: result: x86_64-pc-linux-gnu
configure:5551: checking how to print strings
configure:5578: result: printf
configure:5599: checking for a sed that does not truncate output
configure:5671: result: /usr/bin/sed
configure:5689: checking for grep that handles long lines and -e
configure:5755: result: /usr/bin/grep
configure:5760: checking for egrep
configure:5830: result: /usr/bin/grep -E
configure:5837: checking for fgrep
configure:5907: result: /usr/bin/grep -F
configure:5944: checking for ld used by /usr/bin/gcc
configure:6013: result: /usr/bin/ld
configure:6020: checking if the linker (/usr/bin/ld) is GNU ld
configure:6037: result: yes
configure:6049: checking for BSD- or MS-compatible name lister (nm)
configure:6105: result: /usr/bin/nm
configure:6247: checking the name lister (/usr/bin/nm) interface
configure:6255: /usr/bin/gcc -c -O2 -I/home/erion/Projects/buildroot/output/host/include -fvisibility=hidden -I/home/erion/Projects/buildroot/output/host/include conftest.c >&5
configure:6258: /usr/bin/nm "conftest.o"
configure:6261: output
0000000000000000 B some_variable
configure:6269: result: BSD nm
configure:6272: checking whether ln -s works
configure:6276: result: yes
configure:6284: checking the maximum length of command line arguments
configure:6417: result: 1572864
configure:6465: checking how to convert x86_64-pc-linux-gnu file names to x86_64-pc-linux-gnu format
configure:6507: result: func_convert_file_noop
configure:6514: checking how to convert x86_64-pc-linux-gnu file names to toolchain format
configure:6536: result: func_convert_file_noop
configure:6543: checking for /usr/bin/ld option to reload object files
configure:6552: result: -r
configure:6632: checking for file
configure:6653: found /usr/bin/file
configure:6665: result: file
configure:6742: checking for objdump
configure:6763: found /usr/bin/objdump
configure:6775: result: objdump
configure:6807: checking how to recognize dependent libraries
configure:7009: result: pass_all
configure:7100: checking for dlltool
configure:7136: result: no
configure:7166: checking how to associate runtime and link libraries
configure:7195: result: printf %s\n
configure:7347: checking for archiver @FILE support
configure:7365: /usr/bin/gcc -c -O2 -I/home/erion/Projects/buildroot/output/host/include -fvisibility=hidden -I/home/erion/Projects/buildroot/output/host/include conftest.c >&5
configure:7365: $? = 0
configure:7369: /usr/bin/ar cr libconftest.a @conftest.lst >&5
configure:7372: $? = 0
configure:7377: /usr/bin/ar cr libconftest.a @conftest.lst >&5
/usr/bin/ar: conftest.o: No such file or directory
configure:7380: $? = 1
configure:7393: result: @
configure:7457: checking for strip
configure:7478: found /usr/bin/strip
configure:7490: result: strip
configure:7568: checking for ranlib
configure:7601: result: /usr/bin/ranlib
configure:7703: checking command to parse /usr/bin/nm output from /usr/bin/gcc object
configure:7857: /usr/bin/gcc -c -O2 -I/home/erion/Projects/buildroot/output/host/include -fvisibility=hidden -I/home/erion/Projects/buildroot/output/host/include conftest.c >&5
configure:7860: $? = 0
configure:7864: /usr/bin/nm conftest.o \| /usr/bin/sed -n -e 's/^.*[ ]\([ABCDGIRSTW][ABCDGIRSTW]*\)[ ][ ]*\([_A-Za-z][_A-Za-z0-9]*\)$/\1 \2 \2/p' | /usr/bin/sed '/ __gnu_lto/d' \> conftest.nm
configure:7867: $? = 0
configure:7933: /usr/bin/gcc -o conftest -O2 -I/home/erion/Projects/buildroot/output/host/include -fvisibility=hidden -I/home/erion/Projects/buildroot/output/host/include -L/home/erion/Projects/buildroot/output/host/lib -Wl,-rpath,/home/erion/Projects/buildroot/output/host/lib conftest.c conftstm.o >&5
configure:7936: $? = 0
configure:7975: result: ok
configure:8022: checking for sysroot
configure:8054: result: no
configure:8061: checking for a working dd
configure:8106: result: /usr/bin/dd
configure:8110: checking how to truncate binary pipes
configure:8127: result: /usr/bin/dd bs=4096 count=1
configure:8264: /usr/bin/gcc -c -O2 -I/home/erion/Projects/buildroot/output/host/include -fvisibility=hidden -I/home/erion/Projects/buildroot/output/host/include conftest.c >&5
configure:8267: $? = 0
configure:8467: checking for mt
configure:8503: result: no
configure:8523: checking if : is a manifest tool
configure:8530: : '-?'
configure:8539: result: no
configure:9274: checking for dlfcn.h
configure:9274: /usr/bin/gcc -c -O2 -I/home/erion/Projects/buildroot/output/host/include -fvisibility=hidden -I/home/erion/Projects/buildroot/output/host/include conftest.c >&5
configure:9274: $? = 0
configure:9274: result: yes
configure:9539: checking for objdir
configure:9556: result: .libs
configure:9822: checking if /usr/bin/gcc supports -fno-rtti -fno-exceptions
configure:9841: /usr/bin/gcc -c -O2 -I/home/erion/Projects/buildroot/output/host/include -fvisibility=hidden -I/home/erion/Projects/buildroot/output/host/include -fno-rtti -fno-exceptions conftest.c >&5
cc1: warning: command-line option '-fno-rtti' is valid for C++/D/ObjC++ but not for C
configure:9845: $? = 0
configure:9859: result: no
configure:10217: checking for /usr/bin/gcc option to produce PIC
configure:10226: result: -fPIC -DPIC
configure:10234: checking if /usr/bin/gcc PIC flag -fPIC -DPIC works
configure:10253: /usr/bin/gcc -c -O2 -I/home/erion/Projects/buildroot/output/host/include -fvisibility=hidden -I/home/erion/Projects/buildroot/output/host/include -fPIC -DPIC -DPIC conftest.c >&5
configure:10257: $? = 0
configure:10271: result: yes
configure:10300: checking if /usr/bin/gcc static flag -static works
configure:10330: result: yes
configure:10345: checking if /usr/bin/gcc supports -c -o file.o
configure:10367: /usr/bin/gcc -c -O2 -I/home/erion/Projects/buildroot/output/host/include -fvisibility=hidden -I/home/erion/Projects/buildroot/output/host/include -o out/conftest2.o conftest.c >&5
configure:10371: $? = 0
configure:10394: result: yes
configure:10402: checking if /usr/bin/gcc supports -c -o file.o
configure:10451: result: yes
configure:10484: checking whether the /usr/bin/gcc linker (/usr/bin/ld -m elf_x86_64) supports shared libraries
configure:11757: result: yes
configure:11794: checking whether -lc should be explicitly linked in
configure:11803: /usr/bin/gcc -c -O2 -I/home/erion/Projects/buildroot/output/host/include -fvisibility=hidden -I/home/erion/Projects/buildroot/output/host/include conftest.c >&5
configure:11806: $? = 0
configure:11821: /usr/bin/gcc -shared  -fPIC -DPIC conftest.o  -v -Wl,-soname -Wl,conftest -o conftest 2\>\&1 \| /usr/bin/grep  -lc  \>/dev/null 2\>\&1
configure:11824: $? = 0
configure:11839: result: no
configure:11999: checking dynamic linker characteristics
configure:12594: /usr/bin/gcc -o conftest -O2 -I/home/erion/Projects/buildroot/output/host/include -fvisibility=hidden -I/home/erion/Projects/buildroot/output/host/include -L/home/erion/Projects/buildroot/output/host/lib -Wl,-rpath,/home/erion/Projects/buildroot/output/host/lib -Wl,-rpath -Wl,/foo conftest.c  >&5
configure:12594: $? = 0
configure:12834: result: GNU/Linux ld.so
configure:12956: checking how to hardcode library paths into programs
configure:12981: result: immediate
configure:13581: checking whether stripping libraries is possible
configure:13590: result: yes
configure:13632: checking if libtool supports shared libraries
configure:13634: result: yes
configure:13637: checking whether to build shared libraries
configure:13662: result: yes
configure:13665: checking whether to build static libraries
configure:13669: result: no
configure:13710: checking whether NLS is requested
configure:13721: result: no
configure:13761: checking for msgfmt
configure: trying /usr/bin/msgfmt...
0 translated messages.
configure:13795: result: /usr/bin/msgfmt
configure:13804: checking for gmsgfmt
configure:13841: result: /usr/bin/msgfmt
configure:13886: checking for xgettext
configure: trying /usr/bin/xgettext...
/usr/bin/xgettext: warning: file '/dev/null' extension '' is unknown; will try C
configure:13920: result: /usr/bin/xgettext
configure:13965: checking for msgmerge
configure: trying /usr/bin/msgmerge...
configure:13998: result: /usr/bin/msgmerge
configure:14064: checking for ld
configure:14197: result: /usr/bin/ld -m elf_x86_64
configure:14204: checking if the linker (/usr/bin/ld -m elf_x86_64) is GNU ld
configure:14221: result: yes
configure:14229: checking for shared library run path origin
configure:14244: result: done
configure:14267: checking 32-bit host C ABI
configure:14334: /usr/bin/gcc -c -O2 -I/home/erion/Projects/buildroot/output/host/include -fvisibility=hidden -I/home/erion/Projects/buildroot/output/host/include conftest.c >&5
configure:14334: $? = 0
configure:14540: result: no
configure:14550: checking how to run the C preprocessor
configure:14621: result: /usr/bin/cpp
configure:14635: /usr/bin/cpp -I/home/erion/Projects/buildroot/output/host/include conftest.c
configure:14635: $? = 0
configure:14651: /usr/bin/cpp -I/home/erion/Projects/buildroot/output/host/include conftest.c
conftest.c:43:10: fatal error: ac_nonexistent.h: No such file or directory
   43 | #include <ac_nonexistent.h>
      |          ^~~~~~~~~~~~~~~~~~
compilation terminated.
configure:14651: $? = 1
configure: failed program was:
| /* confdefs.h */
| #define PACKAGE_NAME "acl"
| #define PACKAGE_TARNAME "acl"
| #define PACKAGE_VERSION "2.3.2"
| #define PACKAGE_STRING "acl 2.3.2"
| #define PACKAGE_BUGREPORT "acl-devel@nongnu.org"
| #define PACKAGE_URL ""
| #define PACKAGE "acl"
| #define VERSION "2.3.2"
| #define HAVE_STDIO_H 1
| #define HAVE_STDLIB_H 1
| #define HAVE_STRING_H 1
| #define HAVE_INTTYPES_H 1
| #define HAVE_STDINT_H 1
| #define HAVE_STRINGS_H 1
| #define HAVE_SYS_STAT_H 1
| #define HAVE_SYS_TYPES_H 1
| #define HAVE_UNISTD_H 1
| #define HAVE_WCHAR_H 1
| #define STDC_HEADERS 1
| #define _ALL_SOURCE 1
| #define _DARWIN_C_SOURCE 1
| #define _GNU_SOURCE 1
| #define _HPUX_ALT_XOPEN_SOCKET_API 1
| #define _NETBSD_SOURCE 1
| #define _OPENBSD_SOURCE 1
| #define _POSIX_PTHREAD_SEMANTICS 1
| #define __STDC_WANT_IEC_60559_ATTRIBS_EXT__ 1
| #define __STDC_WANT_IEC_60559_BFP_EXT__ 1
| #define __STDC_WANT_IEC_60559_DFP_EXT__ 1
| #define __STDC_WANT_IEC_60559_EXT__ 1
| #define __STDC_WANT_IEC_60559_FUNCS_EXT__ 1
| #define __STDC_WANT_IEC_60559_TYPES_EXT__ 1
| #define __STDC_WANT_LIB_EXT2__ 1
| #define __STDC_WANT_MATH_SPEC_FUNCS__ 1
| #define _TANDEM_SOURCE 1
| #define __EXTENSIONS__ 1
| #define HAVE_VISIBILITY_ATTRIBUTE /**/
| #define EXPORT __attribute__ ((visibility ("default"))) extern
| #define HAVE_DLFCN_H 1
| #define LT_OBJDIR ".libs/"
| /* end confdefs.h.  */
| #include <ac_nonexistent.h>
configure:14684: checking for egrep -e
configure:14814: result: /usr/bin/grep -E
configure:14822: checking for ELF binary format
configure:14848: result: yes
configure:14900: checking for the common suffixes of directories in the library search path
configure:14970: result: lib,lib,lib64
configure:15504: checking for CFPreferencesCopyAppValue
configure:15523: /usr/bin/gcc -o conftest -O2 -I/home/erion/Projects/buildroot/output/host/include -fvisibility=hidden -I/home/erion/Projects/buildroot/output/host/include -L/home/erion/Projects/buildroot/output/host/lib -Wl,-rpath,/home/erion/Projects/buildroot/output/host/lib conftest.c  -Wl,-framework -Wl,CoreFoundation >&5
conftest.c:43:10: fatal error: CoreFoundation/CFPreferences.h: No such file or directory
   43 | #include <CoreFoundation/CFPreferences.h>
      |          ^~~~~~~~~~~~~~~~~~~~~~~~~~~~~~~~
compilation terminated.
configure:15523: $? = 1
configure: failed program was:
| /* confdefs.h */
| #define PACKAGE_NAME "acl"
| #define PACKAGE_TARNAME "acl"
| #define PACKAGE_VERSION "2.3.2"
| #define PACKAGE_STRING "acl 2.3.2"
| #define PACKAGE_BUGREPORT "acl-devel@nongnu.org"
| #define PACKAGE_URL ""
| #define PACKAGE "acl"
| #define VERSION "2.3.2"
| #define HAVE_STDIO_H 1
| #define HAVE_STDLIB_H 1
| #define HAVE_STRING_H 1
| #define HAVE_INTTYPES_H 1
| #define HAVE_STDINT_H 1
| #define HAVE_STRINGS_H 1
| #define HAVE_SYS_STAT_H 1
| #define HAVE_SYS_TYPES_H 1
| #define HAVE_UNISTD_H 1
| #define HAVE_WCHAR_H 1
| #define STDC_HEADERS 1
| #define _ALL_SOURCE 1
| #define _DARWIN_C_SOURCE 1
| #define _GNU_SOURCE 1
| #define _HPUX_ALT_XOPEN_SOCKET_API 1
| #define _NETBSD_SOURCE 1
| #define _OPENBSD_SOURCE 1
| #define _POSIX_PTHREAD_SEMANTICS 1
| #define __STDC_WANT_IEC_60559_ATTRIBS_EXT__ 1
| #define __STDC_WANT_IEC_60559_BFP_EXT__ 1
| #define __STDC_WANT_IEC_60559_DFP_EXT__ 1
| #define __STDC_WANT_IEC_60559_EXT__ 1
| #define __STDC_WANT_IEC_60559_FUNCS_EXT__ 1
| #define __STDC_WANT_IEC_60559_TYPES_EXT__ 1
| #define __STDC_WANT_LIB_EXT2__ 1
| #define __STDC_WANT_MATH_SPEC_FUNCS__ 1
| #define _TANDEM_SOURCE 1
| #define __EXTENSIONS__ 1
| #define HAVE_VISIBILITY_ATTRIBUTE /**/
| #define EXPORT __attribute__ ((visibility ("default"))) extern
| #define HAVE_DLFCN_H 1
| #define LT_OBJDIR ".libs/"
| /* end confdefs.h.  */
| #include <CoreFoundation/CFPreferences.h>
| int
| main (void)
| {
| CFPreferencesCopyAppValue(NULL, NULL)
|   ;
|   return 0;
| }
configure:15535: result: no
configure:15542: checking for CFLocaleCopyPreferredLanguages
configure:15561: /usr/bin/gcc -o conftest -O2 -I/home/erion/Projects/buildroot/output/host/include -fvisibility=hidden -I/home/erion/Projects/buildroot/output/host/include -L/home/erion/Projects/buildroot/output/host/lib -Wl,-rpath,/home/erion/Projects/buildroot/output/host/lib conftest.c  -Wl,-framework -Wl,CoreFoundation >&5
conftest.c:43:10: fatal error: CoreFoundation/CFLocale.h: No such file or directory
   43 | #include <CoreFoundation/CFLocale.h>
      |          ^~~~~~~~~~~~~~~~~~~~~~~~~~~
compilation terminated.
configure:15561: $? = 1
configure: failed program was:
| /* confdefs.h */
| #define PACKAGE_NAME "acl"
| #define PACKAGE_TARNAME "acl"
| #define PACKAGE_VERSION "2.3.2"
| #define PACKAGE_STRING "acl 2.3.2"
| #define PACKAGE_BUGREPORT "acl-devel@nongnu.org"
| #define PACKAGE_URL ""
| #define PACKAGE "acl"
| #define VERSION "2.3.2"
| #define HAVE_STDIO_H 1
| #define HAVE_STDLIB_H 1
| #define HAVE_STRING_H 1
| #define HAVE_INTTYPES_H 1
| #define HAVE_STDINT_H 1
| #define HAVE_STRINGS_H 1
| #define HAVE_SYS_STAT_H 1
| #define HAVE_SYS_TYPES_H 1
| #define HAVE_UNISTD_H 1
| #define HAVE_WCHAR_H 1
| #define STDC_HEADERS 1
| #define _ALL_SOURCE 1
| #define _DARWIN_C_SOURCE 1
| #define _GNU_SOURCE 1
| #define _HPUX_ALT_XOPEN_SOCKET_API 1
| #define _NETBSD_SOURCE 1
| #define _OPENBSD_SOURCE 1
| #define _POSIX_PTHREAD_SEMANTICS 1
| #define __STDC_WANT_IEC_60559_ATTRIBS_EXT__ 1
| #define __STDC_WANT_IEC_60559_BFP_EXT__ 1
| #define __STDC_WANT_IEC_60559_DFP_EXT__ 1
| #define __STDC_WANT_IEC_60559_EXT__ 1
| #define __STDC_WANT_IEC_60559_FUNCS_EXT__ 1
| #define __STDC_WANT_IEC_60559_TYPES_EXT__ 1
| #define __STDC_WANT_LIB_EXT2__ 1
| #define __STDC_WANT_MATH_SPEC_FUNCS__ 1
| #define _TANDEM_SOURCE 1
| #define __EXTENSIONS__ 1
| #define HAVE_VISIBILITY_ATTRIBUTE /**/
| #define EXPORT __attribute__ ((visibility ("default"))) extern
| #define HAVE_DLFCN_H 1
| #define LT_OBJDIR ".libs/"
| /* end confdefs.h.  */
| #include <CoreFoundation/CFLocale.h>
| int
| main (void)
| {
| CFLocaleCopyPreferredLanguages();
|   ;
|   return 0;
| }
configure:15573: result: no
configure:16576: checking whether to use NLS
configure:16578: result: no
configure:16710: checking for attr/error_context.h
configure:16710: /usr/bin/gcc -c -O2 -I/home/erion/Projects/buildroot/output/host/include -fvisibility=hidden -I/home/erion/Projects/buildroot/output/host/include -DNDEBUG conftest.c >&5
configure:16710: $? = 0
configure:16710: result: yes
configure:16725: checking for getxattr in -lattr
configure:16754: /usr/bin/gcc -o conftest -O2 -I/home/erion/Projects/buildroot/output/host/include -fvisibility=hidden -I/home/erion/Projects/buildroot/output/host/include -DNDEBUG -L/home/erion/Projects/buildroot/output/host/lib -Wl,-rpath,/home/erion/Projects/buildroot/output/host/lib conftest.c -lattr   >&5
configure:16754: $? = 0
configure:16766: result: yes
configure:16898: checking that generated files are newer than configure
configure:16904: result: done
configure:16934: creating ./config.status

## ---------------------- ##
## Running config.status. ##
## ---------------------- ##

This file was extended by acl config.status 2.3.2, which was
generated by GNU Autoconf 2.72.  Invocation command line was

  CONFIG_FILES    = 
  CONFIG_HEADERS  = 
  CONFIG_LINKS    = 
  CONFIG_COMMANDS = 
  $ ./config.status 

on archlinux

config.status:1140: creating libacl.pc
config.status:1140: creating Makefile
config.status:1140: creating po/Makefile.in
config.status:1140: creating include/config.h
config.status:1369: executing depfiles commands
config.status:1369: executing libtool commands
config.status:1369: executing po-directories commands
config.status:1369: executing include/acl commands
config.status:1369: executing include/sys commands
configure:19213: WARNING: unrecognized options: --disable-gtk-doc, --disable-gtk-doc-html, --disable-doc, --disable-docs, --disable-documentation, --with-xmlto, --with-fop

## ---------------- ##
## Cache variables. ##
## ---------------- ##

ac_cv_build=x86_64-pc-linux-gnu
ac_cv_c_bigendian=no
ac_cv_c_compiler_gnu=yes
ac_cv_env_CC_set=set
ac_cv_env_CC_value=/usr/bin/gcc
ac_cv_env_CFLAGS_set=set
ac_cv_env_CFLAGS_value='-O2 -I/home/erion/Projects/buildroot/output/host/include'
ac_cv_env_CPPFLAGS_set=set
ac_cv_env_CPPFLAGS_value=-I/home/erion/Projects/buildroot/output/host/include
ac_cv_env_CPP_set=set
ac_cv_env_CPP_value=/usr/bin/cpp
ac_cv_env_LDFLAGS_set=set
ac_cv_env_LDFLAGS_value='-L/home/erion/Projects/buildroot/output/host/lib -Wl,-rpath,/home/erion/Projects/buildroot/output/host/lib'
ac_cv_env_LIBS_set=
ac_cv_env_LIBS_value=
ac_cv_env_LT_SYS_LIBRARY_PATH_set=
ac_cv_env_LT_SYS_LIBRARY_PATH_value=
ac_cv_env_build_alias_set=
ac_cv_env_build_alias_value=
ac_cv_env_host_alias_set=
ac_cv_env_host_alias_value=
ac_cv_env_target_alias_set=
ac_cv_env_target_alias_value=
ac_cv_header_attr_error_context_h=yes
ac_cv_header_dlfcn_h=yes
ac_cv_header_inttypes_h=yes
ac_cv_header_minix_config_h=no
ac_cv_header_stdint_h=yes
ac_cv_header_stdio_h=yes
ac_cv_header_stdlib_h=yes
ac_cv_header_string_h=yes
ac_cv_header_strings_h=yes
ac_cv_header_sys_stat_h=yes
ac_cv_header_sys_types_h=yes
ac_cv_header_unistd_h=yes
ac_cv_header_wchar_h=yes
ac_cv_host=x86_64-pc-linux-gnu
ac_cv_lib_attr_getxattr=yes
ac_cv_objext=o
ac_cv_path_EGREP='/usr/bin/grep -E'
ac_cv_path_EGREP_TRADITIONAL='/usr/bin/grep -E'
ac_cv_path_FGREP='/usr/bin/grep -F'
ac_cv_path_GMSGFMT=/usr/bin/msgfmt
ac_cv_path_GREP=/usr/bin/grep
ac_cv_path_MSGFMT=/usr/bin/msgfmt
ac_cv_path_MSGMERGE=/usr/bin/msgmerge
ac_cv_path_SED=/usr/bin/sed
ac_cv_path_XGETTEXT=/usr/bin/xgettext
ac_cv_path_install='/usr/bin/install -c'
ac_cv_path_lt_DD=/usr/bin/dd
ac_cv_path_mkdir=/usr/bin/mkdir
ac_cv_prog_AWK=gawk
ac_cv_prog_CPP=/usr/bin/cpp
ac_cv_prog_ac_ct_CC=/usr/bin/gcc
ac_cv_prog_ac_ct_FILECMD=file
ac_cv_prog_ac_ct_OBJDUMP=objdump
ac_cv_prog_ac_ct_RANLIB=/usr/bin/ranlib
ac_cv_prog_ac_ct_STRIP=strip
ac_cv_prog_cc_c11=
ac_cv_prog_cc_g=yes
ac_cv_prog_cc_stdc=
ac_cv_prog_make_make_set=yes
ac_cv_safe_to_define___extensions__=yes
ac_cv_should_define__xopen_source=no
ac_cv_sys_largefile_opts='none needed'
acl_cv_hardcode_direct=no
acl_cv_hardcode_libdir_flag_spec='${wl}-rpath ${wl}$libdir'
acl_cv_hardcode_libdir_separator=
acl_cv_hardcode_minus_L=no
acl_cv_libdirstems=lib,lib,lib64
acl_cv_libext=a
acl_cv_libname_spec='lib$name'
acl_cv_library_names_spec='$libname$shrext'
acl_cv_prog_gnu_ld=yes
acl_cv_rpath=done
acl_cv_shlibext=so
acl_cv_wl=-Wl,
am_cv_CC_dependencies_compiler_type=none
am_cv_ar_interface=ar
am_cv_make_support_nested_variables=yes
am_cv_prog_cc_c_o=yes
gl_cv_elf=yes
gl_cv_host_cpu_c_abi_32bit=no
gt_cv_func_CFLocaleCopyPreferredLanguages=no
gt_cv_func_CFPreferencesCopyAppValue=no
libc_cv_visibility_attribute=yes
lt_cv_ar_at_file=@
lt_cv_archive_cmds_need_lc=no
lt_cv_deplibs_check_method=pass_all
lt_cv_file_magic_cmd='$MAGIC_CMD'
lt_cv_file_magic_test_file=
lt_cv_ld_reload_flag=-r
lt_cv_nm_interface='BSD nm'
lt_cv_objdir=.libs
lt_cv_path_LD=/usr/bin/ld
lt_cv_path_NM=/usr/bin/nm
lt_cv_path_mainfest_tool=no
lt_cv_prog_compiler_c_o=yes
lt_cv_prog_compiler_pic='-fPIC -DPIC'
lt_cv_prog_compiler_pic_works=yes
lt_cv_prog_compiler_rtti_exceptions=no
lt_cv_prog_compiler_static_works=yes
lt_cv_prog_gnu_ld=yes
lt_cv_sharedlib_from_linklib_cmd='printf %s\n'
lt_cv_shlibpath_overrides_runpath=yes
lt_cv_sys_global_symbol_pipe='/usr/bin/sed -n -e '\''s/^.*[	 ]\([ABCDGIRSTW][ABCDGIRSTW]*\)[	 ][	 ]*\([_A-Za-z][_A-Za-z0-9]*\)$/\1 \2 \2/p'\'' | /usr/bin/sed '\''/ __gnu_lto/d'\'''
lt_cv_sys_global_symbol_to_c_name_address='/usr/bin/sed -n -e '\''s/^: \(.*\) .*$/  {"\1", (void *) 0},/p'\'' -e '\''s/^[ABCDGIRSTW][ABCDGIRSTW]* .* \(.*\)$/  {"\1", (void *) \&\1},/p'\'''
lt_cv_sys_global_symbol_to_c_name_address_lib_prefix='/usr/bin/sed -n -e '\''s/^: \(.*\) .*$/  {"\1", (void *) 0},/p'\'' -e '\''s/^[ABCDGIRSTW][ABCDGIRSTW]* .* \(lib.*\)$/  {"\1", (void *) \&\1},/p'\'' -e '\''s/^[ABCDGIRSTW][ABCDGIRSTW]* .* \(.*\)$/  {"lib\1", (void *) \&\1},/p'\'''
lt_cv_sys_global_symbol_to_cdecl='/usr/bin/sed -n -e '\''s/^T .* \(.*\)$/extern int \1();/p'\'' -e '\''s/^[ABCDGIRSTW][ABCDGIRSTW]* .* \(.*\)$/extern char \1;/p'\'''
lt_cv_sys_global_symbol_to_import=
lt_cv_sys_max_cmd_len=1572864
lt_cv_to_host_file_cmd=func_convert_file_noop
lt_cv_to_tool_file_cmd=func_convert_file_noop
lt_cv_truncate_bin='/usr/bin/dd bs=4096 count=1'

## ----------------- ##
## Output variables. ##
## ----------------- ##

ACLOCAL='${SHELL} '\''/home/erion/Projects/buildroot/output/build/host-acl-2.3.2/build-aux/missing'\'' aclocal-1.16'
AMDEPBACKSLASH=''
AMDEP_FALSE=''
AMDEP_TRUE='#'
AMTAR='$${TAR-tar}'
AM_BACKSLASH='\'
AM_DEFAULT_V='$(AM_DEFAULT_VERBOSITY)'
AM_DEFAULT_VERBOSITY='0'
AM_V='$(V)'
AR='/usr/bin/ar'
AUTOCONF='${SHELL} '\''/home/erion/Projects/buildroot/output/build/host-acl-2.3.2/build-aux/missing'\'' autoconf'
AUTOHEADER='${SHELL} '\''/home/erion/Projects/buildroot/output/build/host-acl-2.3.2/build-aux/missing'\'' autoheader'
AUTOMAKE='${SHELL} '\''/home/erion/Projects/buildroot/output/build/host-acl-2.3.2/build-aux/missing'\'' automake-1.16'
AWK='gawk'
CC='/usr/bin/gcc'
CCDEPMODE='depmode=none'
CFLAGS='-O2 -I/home/erion/Projects/buildroot/output/host/include -fvisibility=hidden'
CPP='/usr/bin/cpp'
CPPFLAGS='-I/home/erion/Projects/buildroot/output/host/include -DNDEBUG'
CSCOPE='cscope'
CTAGS='ctags'
CYGPATH_W='echo'
DEFS='-DHAVE_CONFIG_H'
DEPDIR='.deps'
DLLTOOL='false'
DSYMUTIL=''
DUMPBIN=''
ECHO_C=''
ECHO_N='-n'
ECHO_T=''
EGREP='/usr/bin/grep -E'
ETAGS='etags'
EXEEXT=''
FGREP='/usr/bin/grep -F'
FILECMD='file'
GETTEXT_MACRO_VERSION='0.20'
GMSGFMT='/usr/bin/msgfmt'
GMSGFMT_015='/usr/bin/msgfmt'
GREP='/usr/bin/grep'
INSTALL_DATA='${INSTALL} -m 644'
INSTALL_PROGRAM='${INSTALL}'
INSTALL_SCRIPT='${INSTALL}'
INSTALL_STRIP_PROGRAM='$(install_sh) -c -s'
INTLLIBS=''
INTL_MACOSX_LIBS=''
LD='/usr/bin/ld -m elf_x86_64'
LDFLAGS='-L/home/erion/Projects/buildroot/output/host/lib -Wl,-rpath,/home/erion/Projects/buildroot/output/host/lib'
LIBICONV='-liconv'
LIBINTL=''
LIBOBJS=''
LIBS='-lattr '
LIBTOOL='$(SHELL) $(top_builddir)/libtool'
LIPO=''
LN_S='ln -s'
LTLIBICONV='-liconv'
LTLIBINTL=''
LTLIBOBJS=''
LT_REVISION='2302'
LT_SYS_LIBRARY_PATH=''
MAKEINFO='${SHELL} '\''/home/erion/Projects/buildroot/output/build/host-acl-2.3.2/build-aux/missing'\'' makeinfo'
MANIFEST_TOOL=':'
MKDIR_P='/usr/bin/mkdir -p'
MSGFMT='/usr/bin/msgfmt'
MSGMERGE='/usr/bin/msgmerge'
MSGMERGE_FOR_MSGFMT_OPTION='--for-msgfmt'
NM='/usr/bin/nm'
NMEDIT=''
OBJDUMP='objdump'
OBJEXT='o'
OTOOL64=''
OTOOL=''
PACKAGE='acl'
PACKAGE_BUGREPORT='acl-devel@nongnu.org'
PACKAGE_NAME='acl'
PACKAGE_STRING='acl 2.3.2'
PACKAGE_TARNAME='acl'
PACKAGE_URL=''
PACKAGE_VERSION='2.3.2'
PATH_SEPARATOR=':'
POSUB=''
RANLIB='/usr/bin/ranlib'
SED='/usr/bin/sed'
SET_MAKE=''
SHELL='/bin/sh'
STRIP='strip'
USE_NLS='no'
VERSION='2.3.2'
XGETTEXT='/usr/bin/xgettext'
XGETTEXT_015='/usr/bin/xgettext'
XGETTEXT_EXTRA_OPTIONS=''
ac_ct_AR=''
ac_ct_CC='/usr/bin/gcc'
ac_ct_DUMPBIN=''
am__EXEEXT_FALSE=''
am__EXEEXT_TRUE='#'
am__fastdepCC_FALSE=''
am__fastdepCC_TRUE='#'
am__include='include'
am__isrc=''
am__leading_dot='.'
am__nodep=''
am__quote=''
am__tar='$${TAR-tar} chof - "$$tardir"'
am__untar='$${TAR-tar} xf -'
bindir='${exec_prefix}/bin'
build='x86_64-pc-linux-gnu'
build_alias=''
build_cpu='x86_64'
build_os='linux-gnu'
build_vendor='pc'
datadir='${datarootdir}'
datarootdir='${prefix}/share'
docdir='${datarootdir}/doc/${PACKAGE_TARNAME}'
dvidir='${docdir}'
exec_prefix='${prefix}'
host='x86_64-pc-linux-gnu'
host_alias=''
host_cpu='x86_64'
host_os='linux-gnu'
host_vendor='pc'
htmldir='${docdir}'
includedir='${prefix}/include'
infodir='${datarootdir}/info'
install_sh='${SHELL} /home/erion/Projects/buildroot/output/build/host-acl-2.3.2/build-aux/install-sh'
libattr='-lattr'
libdir='${exec_prefix}/lib'
libexecdir='${exec_prefix}/libexec'
localedir='${datarootdir}/locale'
localedir_c='"/home/erion/Projects/buildroot/output/host/share/locale"'
localedir_c_make='\"$(localedir)\"'
localstatedir='/home/erion/Projects/buildroot/output/host/var'
mandir='${datarootdir}/man'
mkdir_p='$(MKDIR_P)'
oldincludedir='/usr/include'
pdfdir='${docdir}'
prefix='/home/erion/Projects/buildroot/output/host'
program_transform_name='s,x,x,'
psdir='${docdir}'
runstatedir='${localstatedir}/run'
sbindir='${exec_prefix}/sbin'
sharedstatedir='${prefix}/com'
sysconfdir='/home/erion/Projects/buildroot/output/host/etc'
target_alias=''

## ----------- ##
## confdefs.h. ##
## ----------- ##

/* confdefs.h */
#define PACKAGE_NAME "acl"
#define PACKAGE_TARNAME "acl"
#define PACKAGE_VERSION "2.3.2"
#define PACKAGE_STRING "acl 2.3.2"
#define PACKAGE_BUGREPORT "acl-devel@nongnu.org"
#define PACKAGE_URL ""
#define PACKAGE "acl"
#define VERSION "2.3.2"
#define HAVE_STDIO_H 1
#define HAVE_STDLIB_H 1
#define HAVE_STRING_H 1
#define HAVE_INTTYPES_H 1
#define HAVE_STDINT_H 1
#define HAVE_STRINGS_H 1
#define HAVE_SYS_STAT_H 1
#define HAVE_SYS_TYPES_H 1
#define HAVE_UNISTD_H 1
#define HAVE_WCHAR_H 1
#define STDC_HEADERS 1
#define _ALL_SOURCE 1
#define _DARWIN_C_SOURCE 1
#define _GNU_SOURCE 1
#define _HPUX_ALT_XOPEN_SOCKET_API 1
#define _NETBSD_SOURCE 1
#define _OPENBSD_SOURCE 1
#define _POSIX_PTHREAD_SEMANTICS 1
#define __STDC_WANT_IEC_60559_ATTRIBS_EXT__ 1
#define __STDC_WANT_IEC_60559_BFP_EXT__ 1
#define __STDC_WANT_IEC_60559_DFP_EXT__ 1
#define __STDC_WANT_IEC_60559_EXT__ 1
#define __STDC_WANT_IEC_60559_FUNCS_EXT__ 1
#define __STDC_WANT_IEC_60559_TYPES_EXT__ 1
#define __STDC_WANT_LIB_EXT2__ 1
#define __STDC_WANT_MATH_SPEC_FUNCS__ 1
#define _TANDEM_SOURCE 1
#define __EXTENSIONS__ 1
#define HAVE_VISIBILITY_ATTRIBUTE /**/
#define EXPORT __attribute__ ((visibility ("default"))) extern
#define HAVE_DLFCN_H 1
#define LT_OBJDIR ".libs/"
#define HAVE_ATTR_ERROR_CONTEXT_H 1
#define HAVE_LIBATTR 1

configure: exit 0
