This file contains any messages produced by compilers while
running configure, to aid debugging if configure makes a mistake.

It was created by zlib configure 1.1.4, which was
generated by GNU Autoconf 2.69.  Invocation command line was

  $ /home/erion/Projects/buildroot/output/build/host-binutils-2.40/zlib/configure --srcdir=.././zlib --cache-file=./config.cache --with-gnu-as --with-gnu-ld --prefix=/home/erion/Projects/buildroot/output/host --sysconfdir=/home/erion/Projects/buildroot/output/host/etc --localstatedir=/home/erion/Projects/buildroot/output/host/var --enable-shared --disable-static --disable-gtk-doc --disable-gtk-doc-html --disable-doc --disable-docs --disable-documentation --disable-debug --with-xmlto=no --with-fop=no --disable-nls --disable-dependency-tracking --disable-multilib --disable-werror --disable-shared --enable-static --with-sysroot=/home/erion/Projects/buildroot/output/host/aarch64-buildroot-linux-gnu/sysroot --enable-poison-system-directories --without-debuginfod --enable-plugins --enable-lto --disable-sim --disable-gdb --without-zstd --disable-gprofng --program-transform-name=s&^&aarch64-buildroot-linux-gnu-& --disable-option-checking --disable-year2038 --build=x86_64-pc-linux-gnu --host=x86_64-pc-linux-gnu --target=aarch64-buildroot-linux-gnu

## --------- ##
## Platform. ##
## --------- ##

hostname = archlinux
uname -m = x86_64
uname -r = 6.9.9-arch1-1
uname -s = Linux
uname -v = #1 SMP PREEMPT_DYNAMIC Fri, 12 Jul 2024 00:06:53 +0000

/usr/bin/uname -p = unknown
/bin/uname -X     = unknown

/bin/arch              = unknown
/usr/bin/arch -k       = unknown
/usr/convex/getsysinfo = unknown
/usr/bin/hostinfo      = unknown
/bin/machine           = unknown
/usr/bin/oslevel       = unknown
/bin/universe          = unknown

PATH: /home/erion/Projects/buildroot/output/host/bin
PATH: /home/erion/Projects/buildroot/output/host/sbin
PATH: /home/erion/Apps/miniconda3/condabin
PATH: /opt/devkitpro/tools/bin
PATH: /usr/local/sbin
PATH: /usr/local/bin
PATH: /usr/bin
PATH: /var/lib/flatpak/exports/bin
PATH: /usr/lib/jvm/default/bin
PATH: /usr/bin/site_perl
PATH: /usr/bin/vendor_perl
PATH: /usr/bin/core_perl


## ----------- ##
## Core tests. ##
## ----------- ##

configure:2151: creating cache ./config.cache
configure:2305: checking build system type
configure:2319: result: x86_64-pc-linux-gnu
configure:2339: checking host system type
configure:2352: result: x86_64-pc-linux-gnu
configure:2372: checking target system type
configure:2385: result: aarch64-buildroot-linux-gnu
configure:2433: checking for a BSD-compatible install
configure:2501: result: /usr/bin/install -c
configure:2512: checking whether build environment is sane
configure:2567: result: yes
configure:2718: checking for a thread-safe mkdir -p
configure:2757: result: /usr/bin/mkdir -p
configure:2764: checking for gawk
configure:2791: result: gawk
configure:2802: checking whether /usr/bin/make sets $(MAKE)
configure:2824: result: yes
configure:2853: checking whether /usr/bin/make supports nested variables
configure:2870: result: yes
configure:3007: checking whether /usr/bin/make supports nested variables
configure:3024: result: yes
configure:3037: checking whether to enable maintainer-specific portions of Makefiles
configure:3046: result: no
configure:3117: checking for x86_64-pc-linux-gnu-gcc
configure:3144: result: /usr/bin/gcc
configure:3413: checking for C compiler version
configure:3422: /usr/bin/gcc --version >&5
gcc (GCC) 14.1.1 20240522
Copyright (C) 2024 Free Software Foundation, Inc.
This is free software; see the source for copying conditions.  There is NO
warranty; not even for MERCHANTABILITY or FITNESS FOR A PARTICULAR PURPOSE.

configure:3433: $? = 0
configure:3422: /usr/bin/gcc -v >&5
Using built-in specs.
COLLECT_GCC=/usr/bin/gcc
COLLECT_LTO_WRAPPER=/usr/lib/gcc/x86_64-pc-linux-gnu/14.1.1/lto-wrapper
Target: x86_64-pc-linux-gnu
Configured with: /build/gcc/src/gcc/configure --enable-languages=ada,c,c++,d,fortran,go,lto,m2,objc,obj-c++,rust --enable-bootstrap --prefix=/usr --libdir=/usr/lib --libexecdir=/usr/lib --mandir=/usr/share/man --infodir=/usr/share/info --with-bugurl=https://gitlab.archlinux.org/archlinux/packaging/packages/gcc/-/issues --with-build-config=bootstrap-lto --with-linker-hash-style=gnu --with-system-zlib --enable-__cxa_atexit --enable-cet=auto --enable-checking=release --enable-clocale=gnu --enable-default-pie --enable-default-ssp --enable-gnu-indirect-function --enable-gnu-unique-object --enable-libstdcxx-backtrace --enable-link-serialization=1 --enable-linker-build-id --enable-lto --enable-multilib --enable-plugin --enable-shared --enable-threads=posix --disable-libssp --disable-libstdcxx-pch --disable-werror
Thread model: posix
Supported LTO compression algorithms: zlib zstd
gcc version 14.1.1 20240522 (GCC) 
configure:3433: $? = 0
configure:3422: /usr/bin/gcc -V >&5
gcc: error: unrecognized command-line option '-V'
gcc: fatal error: no input files
compilation terminated.
configure:3433: $? = 1
configure:3422: /usr/bin/gcc -qversion >&5
gcc: error: unrecognized command-line option '-qversion'; did you mean '--version'?
gcc: fatal error: no input files
compilation terminated.
configure:3433: $? = 1
configure:3449: /usr/bin/gcc -o conftest -O2 -I/home/erion/Projects/buildroot/output/host/include       -L/home/erion/Projects/buildroot/output/host/lib -Wl,-rpath,/home/erion/Projects/buildroot/output/host/lib conftest.c  >&5
configure:3452: $? = 0
configure:3481: checking whether the C compiler works
configure:3503: /usr/bin/gcc -O2 -I/home/erion/Projects/buildroot/output/host/include       -L/home/erion/Projects/buildroot/output/host/lib -Wl,-rpath,/home/erion/Projects/buildroot/output/host/lib conftest.c  >&5
configure:3507: $? = 0
configure:3555: result: yes
configure:3558: checking for C compiler default output file name
configure:3560: result: a.out
configure:3566: checking for suffix of executables
configure:3573: /usr/bin/gcc -o conftest -O2 -I/home/erion/Projects/buildroot/output/host/include       -L/home/erion/Projects/buildroot/output/host/lib -Wl,-rpath,/home/erion/Projects/buildroot/output/host/lib conftest.c  >&5
configure:3577: $? = 0
configure:3599: result: 
configure:3621: checking whether we are cross compiling
configure:3629: /usr/bin/gcc -o conftest -O2 -I/home/erion/Projects/buildroot/output/host/include       -L/home/erion/Projects/buildroot/output/host/lib -Wl,-rpath,/home/erion/Projects/buildroot/output/host/lib conftest.c  >&5
configure:3633: $? = 0
configure:3640: ./conftest
configure:3644: $? = 0
configure:3659: result: no
configure:3665: checking for suffix of object files
configure:3687: /usr/bin/gcc -c -O2 -I/home/erion/Projects/buildroot/output/host/include      conftest.c >&5
configure:3691: $? = 0
configure:3712: result: o
configure:3716: checking whether we are using the GNU C compiler
configure:3735: /usr/bin/gcc -c -O2 -I/home/erion/Projects/buildroot/output/host/include      conftest.c >&5
configure:3735: $? = 0
configure:3744: result: yes
configure:3753: checking whether /usr/bin/gcc accepts -g
configure:3773: /usr/bin/gcc -c -g  conftest.c >&5
configure:3773: $? = 0
configure:3814: result: yes
configure:3831: checking for /usr/bin/gcc option to accept ISO C89
configure:3894: /usr/bin/gcc  -c -O2 -I/home/erion/Projects/buildroot/output/host/include      conftest.c >&5
configure:3894: $? = 0
configure:3907: result: none needed
configure:3932: checking whether /usr/bin/gcc understands -c and -o together
configure:3954: /usr/bin/gcc -c conftest.c -o conftest2.o
configure:3957: $? = 0
configure:3954: /usr/bin/gcc -c conftest.c -o conftest2.o
configure:3957: $? = 0
configure:3969: result: yes
configure:3997: checking for style of include used by /usr/bin/make
configure:4025: result: GNU
configure:4051: checking dependency style of /usr/bin/gcc
configure:4162: result: none
configure:4227: checking how to print strings
configure:4254: result: printf
configure:4275: checking for a sed that does not truncate output
configure:4339: result: /usr/bin/sed
configure:4357: checking for grep that handles long lines and -e
configure:4415: result: /usr/bin/grep
configure:4420: checking for egrep
configure:4482: result: /usr/bin/grep -E
configure:4487: checking for fgrep
configure:4549: result: /usr/bin/grep -F
configure:4584: checking for ld used by /usr/bin/gcc
configure:4651: result: /usr/bin/ld
configure:4658: checking if the linker (/usr/bin/ld) is GNU ld
configure:4673: result: yes
configure:4685: checking for BSD- or MS-compatible name lister (nm)
configure:4741: result: /usr/bin/nm -B
configure:4871: checking the name lister (/usr/bin/nm -B) interface
configure:4878: /usr/bin/gcc -c -O2 -I/home/erion/Projects/buildroot/output/host/include      conftest.c >&5
configure:4881: /usr/bin/nm -B "conftest.o"
configure:4884: output
0000000000000000 B some_variable
configure:4891: result: BSD nm
configure:4894: checking whether ln -s works
configure:4898: result: yes
configure:4906: checking the maximum length of command line arguments
configure:5031: result: 1572864
configure:5048: checking whether the shell understands some XSI constructs
configure:5058: result: yes
configure:5062: checking whether the shell understands "+="
configure:5068: result: yes
configure:5103: checking for /usr/bin/ld option to reload object files
configure:5110: result: -r
configure:5139: checking for x86_64-pc-linux-gnu-objdump
configure:5166: result: objdump
configure:5238: checking how to recognize dependent libraries
configure:5439: result: pass_all
configure:5472: checking for x86_64-pc-linux-gnu-ar
configure:5499: result: /usr/bin/ar --plugin /usr/lib/gcc/x86_64-pc-linux-gnu/14.1.1/liblto_plugin.so
configure:5590: checking for x86_64-pc-linux-gnu-strip
configure:5620: result: no
configure:5630: checking for strip
configure:5646: found /usr/bin/strip
configure:5657: result: strip
configure:5689: checking for x86_64-pc-linux-gnu-ranlib
configure:5716: result: /usr/bin/ranlib --plugin /usr/lib/gcc/x86_64-pc-linux-gnu/14.1.1/liblto_plugin.so
configure:5863: checking command to parse /usr/bin/nm -B output from /usr/bin/gcc object
configure:5981: /usr/bin/gcc -c -O2 -I/home/erion/Projects/buildroot/output/host/include      conftest.c >&5
configure:5984: $? = 0
configure:5988: /usr/bin/nm -B conftest.o \| sed -n -e 's/^.*[ ]\([ABCDGIRSTW][ABCDGIRSTW]*\)[ ][ ]*\([_A-Za-z][_A-Za-z0-9]*\)$/\1 \2 \2/p' \> conftest.nm
configure:5991: $? = 0
configure:6045: /usr/bin/gcc -o conftest -O2 -I/home/erion/Projects/buildroot/output/host/include       -L/home/erion/Projects/buildroot/output/host/lib -Wl,-rpath,/home/erion/Projects/buildroot/output/host/lib conftest.c conftstm.o >&5
configure:6048: $? = 0
configure:6086: result: ok
configure:6182: /usr/bin/gcc -c -O2 -I/home/erion/Projects/buildroot/output/host/include      conftest.c >&5
configure:6185: $? = 0
configure:6944: checking how to run the C preprocessor
configure:6975: /usr/bin/gcc -E  conftest.c
configure:6975: $? = 0
configure:6989: /usr/bin/gcc -E  conftest.c
conftest.c:11:10: fatal error: ac_nonexistent.h: No such file or directory
   11 | #include <ac_nonexistent.h>
      |          ^~~~~~~~~~~~~~~~~~
compilation terminated.
configure:6989: $? = 1
configure: failed program was:
| /* confdefs.h */
| #define PACKAGE_NAME "zlib"
| #define PACKAGE_TARNAME "zlib"
| #define PACKAGE_VERSION "1.1.4"
| #define PACKAGE_STRING "zlib 1.1.4"
| #define PACKAGE_BUGREPORT ""
| #define PACKAGE_URL ""
| #define PACKAGE "zlib"
| #define VERSION "1.1.4"
| /* end confdefs.h.  */
| #include <ac_nonexistent.h>
configure:7014: result: /usr/bin/gcc -E
configure:7034: /usr/bin/gcc -E  conftest.c
configure:7034: $? = 0
configure:7048: /usr/bin/gcc -E  conftest.c
conftest.c:11:10: fatal error: ac_nonexistent.h: No such file or directory
   11 | #include <ac_nonexistent.h>
      |          ^~~~~~~~~~~~~~~~~~
compilation terminated.
configure:7048: $? = 1
configure: failed program was:
| /* confdefs.h */
| #define PACKAGE_NAME "zlib"
| #define PACKAGE_TARNAME "zlib"
| #define PACKAGE_VERSION "1.1.4"
| #define PACKAGE_STRING "zlib 1.1.4"
| #define PACKAGE_BUGREPORT ""
| #define PACKAGE_URL ""
| #define PACKAGE "zlib"
| #define VERSION "1.1.4"
| /* end confdefs.h.  */
| #include <ac_nonexistent.h>
configure:7077: checking for ANSI C header files
configure:7097: /usr/bin/gcc -c -O2 -I/home/erion/Projects/buildroot/output/host/include      conftest.c >&5
configure:7097: $? = 0
configure:7170: /usr/bin/gcc -o conftest -O2 -I/home/erion/Projects/buildroot/output/host/include       -L/home/erion/Projects/buildroot/output/host/lib -Wl,-rpath,/home/erion/Projects/buildroot/output/host/lib conftest.c  >&5
configure:7170: $? = 0
configure:7170: ./conftest
configure:7170: $? = 0
configure:7181: result: yes
configure:7194: checking for sys/types.h
configure:7194: /usr/bin/gcc -c -O2 -I/home/erion/Projects/buildroot/output/host/include      conftest.c >&5
configure:7194: $? = 0
configure:7194: result: yes
configure:7194: checking for sys/stat.h
configure:7194: /usr/bin/gcc -c -O2 -I/home/erion/Projects/buildroot/output/host/include      conftest.c >&5
configure:7194: $? = 0
configure:7194: result: yes
configure:7194: checking for stdlib.h
configure:7194: /usr/bin/gcc -c -O2 -I/home/erion/Projects/buildroot/output/host/include      conftest.c >&5
configure:7194: $? = 0
configure:7194: result: yes
configure:7194: checking for string.h
configure:7194: /usr/bin/gcc -c -O2 -I/home/erion/Projects/buildroot/output/host/include      conftest.c >&5
configure:7194: $? = 0
configure:7194: result: yes
configure:7194: checking for memory.h
configure:7194: /usr/bin/gcc -c -O2 -I/home/erion/Projects/buildroot/output/host/include      conftest.c >&5
configure:7194: $? = 0
configure:7194: result: yes
configure:7194: checking for strings.h
configure:7194: /usr/bin/gcc -c -O2 -I/home/erion/Projects/buildroot/output/host/include      conftest.c >&5
configure:7194: $? = 0
configure:7194: result: yes
configure:7194: checking for inttypes.h
configure:7194: /usr/bin/gcc -c -O2 -I/home/erion/Projects/buildroot/output/host/include      conftest.c >&5
configure:7194: $? = 0
configure:7194: result: yes
configure:7194: checking for stdint.h
configure:7194: /usr/bin/gcc -c -O2 -I/home/erion/Projects/buildroot/output/host/include      conftest.c >&5
configure:7194: $? = 0
configure:7194: result: yes
configure:7194: checking for unistd.h
configure:7194: /usr/bin/gcc -c -O2 -I/home/erion/Projects/buildroot/output/host/include      conftest.c >&5
configure:7194: $? = 0
configure:7194: result: yes
configure:7208: checking for dlfcn.h
configure:7208: /usr/bin/gcc -c -O2 -I/home/erion/Projects/buildroot/output/host/include      conftest.c >&5
configure:7208: $? = 0
configure:7208: result: yes
configure:7395: checking for objdir
configure:7410: result: .libs
configure:7681: checking if /usr/bin/gcc supports -fno-rtti -fno-exceptions
configure:7699: /usr/bin/gcc -c -O2 -I/home/erion/Projects/buildroot/output/host/include      -fno-rtti -fno-exceptions conftest.c >&5
cc1: warning: command-line option '-fno-rtti' is valid for C++/D/ObjC++ but not for C
configure:7703: $? = 0
configure:7716: result: no
configure:7736: checking for /usr/bin/gcc option to produce PIC
configure:8022: result: -fPIC -DPIC
configure:8034: checking if /usr/bin/gcc PIC flag -fPIC -DPIC works
configure:8052: /usr/bin/gcc -c -O2 -I/home/erion/Projects/buildroot/output/host/include      -fPIC -DPIC -DPIC conftest.c >&5
configure:8056: $? = 0
configure:8069: result: yes
configure:8093: checking if /usr/bin/gcc static flag -static works
configure:8121: result: yes
configure:8136: checking if /usr/bin/gcc supports -c -o file.o
configure:8157: /usr/bin/gcc -c -O2 -I/home/erion/Projects/buildroot/output/host/include      -o out/conftest2.o conftest.c >&5
configure:8161: $? = 0
configure:8183: result: yes
configure:8191: checking if /usr/bin/gcc supports -c -o file.o
configure:8238: result: yes
configure:8271: checking whether the /usr/bin/gcc linker (/usr/bin/ld -m elf_x86_64) supports shared libraries
configure:9351: result: yes
configure:9596: checking dynamic linker characteristics
configure:10040: /usr/bin/gcc -o conftest -O2 -I/home/erion/Projects/buildroot/output/host/include       -L/home/erion/Projects/buildroot/output/host/lib -Wl,-rpath,/home/erion/Projects/buildroot/output/host/lib -Wl,-rpath -Wl,/foo conftest.c  >&5
configure:10040: $? = 0
configure:10262: result: GNU/Linux ld.so
configure:10369: checking how to hardcode library paths into programs
configure:10394: result: immediate
configure:10949: checking whether stripping libraries is possible
configure:10954: result: yes
configure:10989: checking if libtool supports shared libraries
configure:10991: result: yes
configure:10994: checking whether to build shared libraries
configure:11015: result: no
configure:11018: checking whether to build static libraries
configure:11022: result: yes
configure:11065: checking how to run the C preprocessor
configure:11135: result: /usr/bin/gcc -E
configure:11155: /usr/bin/gcc -E  conftest.c
configure:11155: $? = 0
configure:11169: /usr/bin/gcc -E  conftest.c
conftest.c:23:10: fatal error: ac_nonexistent.h: No such file or directory
   23 | #include <ac_nonexistent.h>
      |          ^~~~~~~~~~~~~~~~~~
compilation terminated.
configure:11169: $? = 1
configure: failed program was:
| /* confdefs.h */
| #define PACKAGE_NAME "zlib"
| #define PACKAGE_TARNAME "zlib"
| #define PACKAGE_VERSION "1.1.4"
| #define PACKAGE_STRING "zlib 1.1.4"
| #define PACKAGE_BUGREPORT ""
| #define PACKAGE_URL ""
| #define PACKAGE "zlib"
| #define VERSION "1.1.4"
| #define STDC_HEADERS 1
| #define HAVE_SYS_TYPES_H 1
| #define HAVE_SYS_STAT_H 1
| #define HAVE_STDLIB_H 1
| #define HAVE_STRING_H 1
| #define HAVE_MEMORY_H 1
| #define HAVE_STRINGS_H 1
| #define HAVE_INTTYPES_H 1
| #define HAVE_STDINT_H 1
| #define HAVE_UNISTD_H 1
| #define HAVE_DLFCN_H 1
| #define LT_OBJDIR ".libs/"
| /* end confdefs.h.  */
| #include <ac_nonexistent.h>
configure:11225: checking for stdlib.h
configure:11225: result: yes
configure:11225: checking for unistd.h
configure:11225: result: yes
configure:11225: checking for sys/param.h
configure:11225: /usr/bin/gcc -c -O2 -I/home/erion/Projects/buildroot/output/host/include      conftest.c >&5
configure:11225: $? = 0
configure:11225: result: yes
configure:11245: checking for getpagesize
configure:11245: /usr/bin/gcc -o conftest -O2 -I/home/erion/Projects/buildroot/output/host/include       -L/home/erion/Projects/buildroot/output/host/lib -Wl,-rpath,/home/erion/Projects/buildroot/output/host/lib conftest.c  >&5
configure:11245: $? = 0
configure:11245: result: yes
configure:11254: checking for working mmap
configure:11401: /usr/bin/gcc -o conftest -O2 -I/home/erion/Projects/buildroot/output/host/include       -L/home/erion/Projects/buildroot/output/host/lib -Wl,-rpath,/home/erion/Projects/buildroot/output/host/lib conftest.c  >&5
configure:11401: $? = 0
configure:11401: ./conftest
configure:11401: $? = 0
configure:11411: result: yes
configure:11424: checking for memcpy
configure:11424: /usr/bin/gcc -o conftest -O2 -I/home/erion/Projects/buildroot/output/host/include       -L/home/erion/Projects/buildroot/output/host/lib -Wl,-rpath,/home/erion/Projects/buildroot/output/host/lib conftest.c  >&5
conftest.c:51:6: warning: conflicting types for built-in function 'memcpy'; expected 'void *(void *, const void *, long unsigned int)' [-Wbuiltin-declaration-mismatch]
   51 | char memcpy ();
      |      ^~~~~~
conftest.c:39:1: note: 'memcpy' is declared in header '<string.h>'
   38 | # include <limits.h>
   39 | #else
configure:11424: $? = 0
configure:11424: result: yes
configure:11424: checking for strerror
configure:11424: /usr/bin/gcc -o conftest -O2 -I/home/erion/Projects/buildroot/output/host/include       -L/home/erion/Projects/buildroot/output/host/lib -Wl,-rpath,/home/erion/Projects/buildroot/output/host/lib conftest.c  >&5
configure:11424: $? = 0
configure:11424: result: yes
configure:11489: checking for unistd.h
configure:11489: result: yes
configure:11603: updating cache ./config.cache
configure:11683: checking that generated files are newer than configure
configure:11689: result: done
configure:11720: creating ./config.status

## ---------------------- ##
## Running config.status. ##
## ---------------------- ##

This file was extended by zlib config.status 1.1.4, which was
generated by GNU Autoconf 2.69.  Invocation command line was

  CONFIG_FILES    = 
  CONFIG_HEADERS  = 
  CONFIG_LINKS    = 
  CONFIG_COMMANDS = 
  $ ./config.status 

on archlinux

config.status:1021: creating Makefile
config.status:1193: executing depfiles commands
config.status:1193: executing libtool commands

## ---------------- ##
## Cache variables. ##
## ---------------- ##

ac_cv_build=x86_64-pc-linux-gnu
ac_cv_c_compiler_gnu=yes
ac_cv_env_CPPFLAGS_set=
ac_cv_env_CPPFLAGS_value=
ac_cv_env_CPP_set=
ac_cv_env_CPP_value=
ac_cv_env_build_alias_set=set
ac_cv_env_build_alias_value=x86_64-pc-linux-gnu
ac_cv_env_host_alias_set=set
ac_cv_env_host_alias_value=x86_64-pc-linux-gnu
ac_cv_env_target_alias_set=set
ac_cv_env_target_alias_value=aarch64-buildroot-linux-gnu
ac_cv_func_getpagesize=yes
ac_cv_func_memcpy=yes
ac_cv_func_mmap_fixed_mapped=yes
ac_cv_func_strerror=yes
ac_cv_header_dlfcn_h=yes
ac_cv_header_inttypes_h=yes
ac_cv_header_memory_h=yes
ac_cv_header_stdc=yes
ac_cv_header_stdint_h=yes
ac_cv_header_stdlib_h=yes
ac_cv_header_string_h=yes
ac_cv_header_strings_h=yes
ac_cv_header_sys_param_h=yes
ac_cv_header_sys_stat_h=yes
ac_cv_header_sys_types_h=yes
ac_cv_header_unistd_h=yes
ac_cv_host=x86_64-pc-linux-gnu
ac_cv_objext=o
ac_cv_path_EGREP='/usr/bin/grep -E'
ac_cv_path_FGREP='/usr/bin/grep -F'
ac_cv_path_GREP=/usr/bin/grep
ac_cv_path_SED=/usr/bin/sed
ac_cv_path_mkdir=/usr/bin/mkdir
ac_cv_prog_AR='/usr/bin/ar --plugin /usr/lib/gcc/x86_64-pc-linux-gnu/14.1.1/liblto_plugin.so'
ac_cv_prog_AWK=gawk
ac_cv_prog_CC=/usr/bin/gcc
ac_cv_prog_CPP='/usr/bin/gcc -E'
ac_cv_prog_OBJDUMP=objdump
ac_cv_prog_RANLIB='/usr/bin/ranlib --plugin /usr/lib/gcc/x86_64-pc-linux-gnu/14.1.1/liblto_plugin.so'
ac_cv_prog_ac_ct_STRIP=strip
ac_cv_prog_cc_c89=
ac_cv_prog_cc_g=yes
ac_cv_prog_make__usr_bin_make_set=yes
ac_cv_target=aarch64-buildroot-linux-gnu
am_cv_CC_dependencies_compiler_type=none
am_cv_make_support_nested_variables=yes
am_cv_prog_cc_c_o=yes
lt_cv_deplibs_check_method=pass_all
lt_cv_file_magic_cmd='$MAGIC_CMD'
lt_cv_file_magic_test_file=
lt_cv_ld_reload_flag=-r
lt_cv_nm_interface='BSD nm'
lt_cv_objdir=.libs
lt_cv_path_LD=/usr/bin/ld
lt_cv_path_NM='/usr/bin/nm -B'
lt_cv_prog_compiler_c_o=yes
lt_cv_prog_compiler_pic_works=yes
lt_cv_prog_compiler_rtti_exceptions=no
lt_cv_prog_compiler_static_works=yes
lt_cv_prog_gnu_ld=yes
lt_cv_shlibpath_overrides_runpath=yes
lt_cv_sys_global_symbol_pipe='sed -n -e '\''s/^.*[	 ]\([ABCDGIRSTW][ABCDGIRSTW]*\)[	 ][	 ]*\([_A-Za-z][_A-Za-z0-9]*\)$/\1 \2 \2/p'\'''
lt_cv_sys_global_symbol_to_c_name_address='sed -n -e '\''s/^: \([^ ]*\) $/  {\"\1\", (void *) 0},/p'\'' -e '\''s/^[ABCDGIRSTW]* \([^ ]*\) \([^ ]*\)$/  {"\2", (void *) \&\2},/p'\'''
lt_cv_sys_global_symbol_to_c_name_address_lib_prefix='sed -n -e '\''s/^: \([^ ]*\) $/  {\"\1\", (void *) 0},/p'\'' -e '\''s/^[ABCDGIRSTW]* \([^ ]*\) \(lib[^ ]*\)$/  {"\2", (void *) \&\2},/p'\'' -e '\''s/^[ABCDGIRSTW]* \([^ ]*\) \([^ ]*\)$/  {"lib\2", (void *) \&\2},/p'\'''
lt_cv_sys_global_symbol_to_cdecl='sed -n -e '\''s/^T .* \(.*\)$/extern int \1();/p'\'' -e '\''s/^[ABCDGIRSTW]* .* \(.*\)$/extern char \1;/p'\'''
lt_cv_sys_max_cmd_len=1572864

## ----------------- ##
## Output variables. ##
## ----------------- ##

ACLOCAL='${SHELL} /home/erion/Projects/buildroot/output/build/host-binutils-2.40/missing aclocal-1.15'
AMDEPBACKSLASH=''
AMDEP_FALSE=''
AMDEP_TRUE='#'
AMTAR='$${TAR-tar}'
AM_BACKSLASH='\'
AM_DEFAULT_V='$(AM_DEFAULT_VERBOSITY)'
AM_DEFAULT_VERBOSITY='0'
AM_V='$(V)'
AR='/usr/bin/ar --plugin /usr/lib/gcc/x86_64-pc-linux-gnu/14.1.1/liblto_plugin.so --plugin /usr/lib/gcc/x86_64-pc-linux-gnu/14.1.1/liblto_plugin.so'
AUTOCONF='${SHELL} /home/erion/Projects/buildroot/output/build/host-binutils-2.40/missing autoconf'
AUTOHEADER='${SHELL} /home/erion/Projects/buildroot/output/build/host-binutils-2.40/missing autoheader'
AUTOMAKE='${SHELL} /home/erion/Projects/buildroot/output/build/host-binutils-2.40/missing automake-1.15'
AWK='gawk'
CC='/usr/bin/gcc'
CCDEPMODE='depmode=none'
CFLAGS='-O2 -I/home/erion/Projects/buildroot/output/host/include    '
COMPPATH='.'
CPP='/usr/bin/gcc -E'
CPPFLAGS=''
CYGPATH_W='echo'
DEFS='-DPACKAGE_NAME=\"zlib\" -DPACKAGE_TARNAME=\"zlib\" -DPACKAGE_VERSION=\"1.1.4\" -DPACKAGE_STRING=\"zlib\ 1.1.4\" -DPACKAGE_BUGREPORT=\"\" -DPACKAGE_URL=\"\" -DPACKAGE=\"zlib\" -DVERSION=\"1.1.4\" -DSTDC_HEADERS=1 -DHAVE_SYS_TYPES_H=1 -DHAVE_SYS_STAT_H=1 -DHAVE_STDLIB_H=1 -DHAVE_STRING_H=1 -DHAVE_MEMORY_H=1 -DHAVE_STRINGS_H=1 -DHAVE_INTTYPES_H=1 -DHAVE_STDINT_H=1 -DHAVE_UNISTD_H=1 -DHAVE_DLFCN_H=1 -DLT_OBJDIR=\".libs/\" -DHAVE_STDLIB_H=1 -DHAVE_UNISTD_H=1 -DHAVE_SYS_PARAM_H=1 -DHAVE_GETPAGESIZE=1 -DHAVE_MMAP=1 -DHAVE_MEMCPY=1 -DHAVE_STRERROR=1 -DHAVE_UNISTD_H=1'
DEPDIR='.deps'
DSYMUTIL='dsymutil'
DUMPBIN=''
ECHO_C=''
ECHO_N='-n'
ECHO_T=''
EGREP='/usr/bin/grep -E'
EXEEXT=''
FGREP='/usr/bin/grep -F'
GREP='/usr/bin/grep'
INSTALL_DATA='/usr/bin/install -c -m 644'
INSTALL_PROGRAM='/usr/bin/install -c'
INSTALL_SCRIPT='/usr/bin/install -c'
INSTALL_STRIP_PROGRAM='$(install_sh) -c -s'
LD='/usr/bin/ld -m elf_x86_64'
LDFLAGS=' -L/home/erion/Projects/buildroot/output/host/lib -Wl,-rpath,/home/erion/Projects/buildroot/output/host/lib'
LIBOBJS=''
LIBS=''
LIBTOOL='$(SHELL) $(top_builddir)/libtool'
LIPO=''
LN_S='ln -s'
LTLIBOBJS=''
MAINT='#'
MAINTAINER_MODE_FALSE=''
MAINTAINER_MODE_TRUE='#'
MAKEINFO='true --split-size=5000000'
MKDIR_P='/usr/bin/mkdir -p'
NM='/usr/bin/nm -B'
NMEDIT=''
OBJDUMP='objdump'
OBJEXT='o'
OTOOL64=''
OTOOL='otool'
PACKAGE='zlib'
PACKAGE_BUGREPORT=''
PACKAGE_NAME='zlib'
PACKAGE_STRING='zlib 1.1.4'
PACKAGE_TARNAME='zlib'
PACKAGE_URL=''
PACKAGE_VERSION='1.1.4'
PATH_SEPARATOR=':'
PICFLAG=''
RANLIB='/usr/bin/ranlib --plugin /usr/lib/gcc/x86_64-pc-linux-gnu/14.1.1/liblto_plugin.so --plugin /usr/lib/gcc/x86_64-pc-linux-gnu/14.1.1/liblto_plugin.so'
SED='/usr/bin/sed'
SET_MAKE=''
SHELL='/bin/sh'
STRIP='strip'
TARGET_LIBRARY_FALSE=''
TARGET_LIBRARY_TRUE='#'
VERSION='1.1.4'
ac_ct_CC=''
ac_ct_DUMPBIN=''
am__EXEEXT_FALSE=''
am__EXEEXT_TRUE='#'
am__fastdepCC_FALSE=''
am__fastdepCC_TRUE='#'
am__include='include'
am__isrc=''
am__leading_dot='.'
am__nodep=''
am__quote=''
am__tar='$${TAR-tar} chof - "$$tardir"'
am__untar='$${TAR-tar} xf -'
bindir='${exec_prefix}/bin'
build='x86_64-pc-linux-gnu'
build_alias='x86_64-pc-linux-gnu'
build_cpu='x86_64'
build_os='linux-gnu'
build_vendor='pc'
datadir='${datarootdir}'
datarootdir='${prefix}/share'
docdir='${datarootdir}/doc/${PACKAGE_TARNAME}'
dvidir='${docdir}'
exec_prefix='${prefix}'
host='x86_64-pc-linux-gnu'
host_alias='x86_64-pc-linux-gnu'
host_cpu='x86_64'
host_os='linux-gnu'
host_vendor='pc'
htmldir='${docdir}'
includedir='${prefix}/include'
infodir='${datarootdir}/info'
install_sh='${SHELL} /home/erion/Projects/buildroot/output/build/host-binutils-2.40/install-sh'
libdir='${exec_prefix}/lib'
libexecdir='${exec_prefix}/libexec'
localedir='${datarootdir}/locale'
localstatedir='/home/erion/Projects/buildroot/output/host/var'
mandir='${datarootdir}/man'
mkdir_p='$(MKDIR_P)'
mkinstalldirs='/home/erion/Projects/buildroot/output/build/host-binutils-2.40/mkinstalldirs'
multi_basedir=''
oldincludedir='/usr/include'
pdfdir='${docdir}'
prefix='/home/erion/Projects/buildroot/output/host'
program_transform_name='s&^&aarch64-buildroot-linux-gnu-&'
psdir='${docdir}'
sbindir='${exec_prefix}/sbin'
sharedstatedir='${prefix}/com'
sysconfdir='/home/erion/Projects/buildroot/output/host/etc'
target='aarch64-buildroot-linux-gnu'
target_alias='aarch64-buildroot-linux-gnu'
target_all='libzgcj.la'
target_cpu='aarch64'
target_os='linux-gnu'
target_vendor='buildroot'
toolexecdir='$(libdir)/gcc-lib/$(target_alias)'
toolexeclibdir='$(libdir)/../lib'

## ----------- ##
## confdefs.h. ##
## ----------- ##

/* confdefs.h */
#define PACKAGE_NAME "zlib"
#define PACKAGE_TARNAME "zlib"
#define PACKAGE_VERSION "1.1.4"
#define PACKAGE_STRING "zlib 1.1.4"
#define PACKAGE_BUGREPORT ""
#define PACKAGE_URL ""
#define PACKAGE "zlib"
#define VERSION "1.1.4"
#define STDC_HEADERS 1
#define HAVE_SYS_TYPES_H 1
#define HAVE_SYS_STAT_H 1
#define HAVE_STDLIB_H 1
#define HAVE_STRING_H 1
#define HAVE_MEMORY_H 1
#define HAVE_STRINGS_H 1
#define HAVE_INTTYPES_H 1
#define HAVE_STDINT_H 1
#define HAVE_UNISTD_H 1
#define HAVE_DLFCN_H 1
#define LT_OBJDIR ".libs/"
#define HAVE_STDLIB_H 1
#define HAVE_UNISTD_H 1
#define HAVE_SYS_PARAM_H 1
#define HAVE_GETPAGESIZE 1
#define HAVE_MMAP 1
#define HAVE_MEMCPY 1
#define HAVE_STRERROR 1
#define HAVE_UNISTD_H 1

configure: exit 0
