This file contains any messages produced by compilers while
running configure, to aid debugging if configure makes a mistake.

It was created by configure, which was
generated by GNU Autoconf 2.69.  Invocation command line was

  $ ./configure --prefix=/home/erion/Projects/buildroot/output/host --sysconfdir=/home/erion/Projects/buildroot/output/host/etc --localstatedir=/home/erion/Projects/buildroot/output/host/var --enable-shared --disable-static --disable-gtk-doc --disable-gtk-doc-html --disable-doc --disable-docs --disable-documentation --disable-debug --with-xmlto=no --with-fop=no --disable-nls --disable-dependency-tracking --disable-multilib --disable-werror --target=aarch64-buildroot-linux-gnu --disable-shared --enable-static --with-sysroot=/home/erion/Projects/buildroot/output/host/aarch64-buildroot-linux-gnu/sysroot --enable-poison-system-directories --without-debuginfod --enable-plugins --enable-lto --disable-sim --disable-gdb --without-zstd --disable-gprofng

## --------- ##
## Platform. ##
## --------- ##

hostname = archlinux
uname -m = x86_64
uname -r = 6.9.9-arch1-1
uname -s = Linux
uname -v = #1 SMP PREEMPT_DYNAMIC Fri, 12 Jul 2024 00:06:53 +0000

/usr/bin/uname -p = unknown
/bin/uname -X     = unknown

/bin/arch              = unknown
/usr/bin/arch -k       = unknown
/usr/convex/getsysinfo = unknown
/usr/bin/hostinfo      = unknown
/bin/machine           = unknown
/usr/bin/oslevel       = unknown
/bin/universe          = unknown

PATH: /home/erion/Projects/buildroot/output/host/bin
PATH: /home/erion/Projects/buildroot/output/host/sbin
PATH: /home/erion/Apps/miniconda3/condabin
PATH: /opt/devkitpro/tools/bin
PATH: /usr/local/sbin
PATH: /usr/local/bin
PATH: /usr/bin
PATH: /var/lib/flatpak/exports/bin
PATH: /usr/lib/jvm/default/bin
PATH: /usr/bin/site_perl
PATH: /usr/bin/vendor_perl
PATH: /usr/bin/core_perl


## ----------- ##
## Core tests. ##
## ----------- ##

configure:2392: checking build system type
configure:2406: result: x86_64-pc-linux-gnu
configure:2453: checking host system type
configure:2466: result: x86_64-pc-linux-gnu
configure:2486: checking target system type
configure:2499: result: aarch64-buildroot-linux-gnu
configure:2553: checking for a BSD-compatible install
configure:2621: result: /usr/bin/install -c
configure:2632: checking whether ln works
configure:2654: result: yes
configure:2658: checking whether ln -s works
configure:2662: result: yes
configure:2669: checking for a sed that does not truncate output
configure:2733: result: /usr/bin/sed
configure:2742: checking for gawk
configure:2758: found /home/erion/Projects/buildroot/output/host/bin/gawk
configure:2769: result: gawk
configure:4250: checking for gcc
configure:4277: result: /usr/bin/gcc
configure:4506: checking for C compiler version
configure:4515: /usr/bin/gcc --version >&5
gcc (GCC) 14.1.1 20240522
Copyright (C) 2024 Free Software Foundation, Inc.
This is free software; see the source for copying conditions.  There is NO
warranty; not even for MERCHANTABILITY or FITNESS FOR A PARTICULAR PURPOSE.

configure:4526: $? = 0
configure:4515: /usr/bin/gcc -v >&5
Using built-in specs.
COLLECT_GCC=/usr/bin/gcc
COLLECT_LTO_WRAPPER=/usr/lib/gcc/x86_64-pc-linux-gnu/14.1.1/lto-wrapper
Target: x86_64-pc-linux-gnu
Configured with: /build/gcc/src/gcc/configure --enable-languages=ada,c,c++,d,fortran,go,lto,m2,objc,obj-c++,rust --enable-bootstrap --prefix=/usr --libdir=/usr/lib --libexecdir=/usr/lib --mandir=/usr/share/man --infodir=/usr/share/info --with-bugurl=https://gitlab.archlinux.org/archlinux/packaging/packages/gcc/-/issues --with-build-config=bootstrap-lto --with-linker-hash-style=gnu --with-system-zlib --enable-__cxa_atexit --enable-cet=auto --enable-checking=release --enable-clocale=gnu --enable-default-pie --enable-default-ssp --enable-gnu-indirect-function --enable-gnu-unique-object --enable-libstdcxx-backtrace --enable-link-serialization=1 --enable-linker-build-id --enable-lto --enable-multilib --enable-plugin --enable-shared --enable-threads=posix --disable-libssp --disable-libstdcxx-pch --disable-werror
Thread model: posix
Supported LTO compression algorithms: zlib zstd
gcc version 14.1.1 20240522 (GCC) 
configure:4526: $? = 0
configure:4515: /usr/bin/gcc -V >&5
gcc: error: unrecognized command-line option '-V'
gcc: fatal error: no input files
compilation terminated.
configure:4526: $? = 1
configure:4515: /usr/bin/gcc -qversion >&5
gcc: error: unrecognized command-line option '-qversion'; did you mean '--version'?
gcc: fatal error: no input files
compilation terminated.
configure:4526: $? = 1
configure:4546: checking whether the C compiler works
configure:4568: /usr/bin/gcc -O2 -I/home/erion/Projects/buildroot/output/host/include -I/home/erion/Projects/buildroot/output/host/include -L/home/erion/Projects/buildroot/output/host/lib -Wl,-rpath,/home/erion/Projects/buildroot/output/host/lib conftest.c  >&5
configure:4572: $? = 0
configure:4620: result: yes
configure:4623: checking for C compiler default output file name
configure:4625: result: a.out
configure:4631: checking for suffix of executables
configure:4638: /usr/bin/gcc -o conftest -O2 -I/home/erion/Projects/buildroot/output/host/include -I/home/erion/Projects/buildroot/output/host/include -L/home/erion/Projects/buildroot/output/host/lib -Wl,-rpath,/home/erion/Projects/buildroot/output/host/lib conftest.c  >&5
configure:4642: $? = 0
configure:4664: result: 
configure:4686: checking whether we are cross compiling
configure:4694: /usr/bin/gcc -o conftest -O2 -I/home/erion/Projects/buildroot/output/host/include -I/home/erion/Projects/buildroot/output/host/include -L/home/erion/Projects/buildroot/output/host/lib -Wl,-rpath,/home/erion/Projects/buildroot/output/host/lib conftest.c  >&5
configure:4698: $? = 0
configure:4705: ./conftest
configure:4709: $? = 0
configure:4724: result: no
configure:4729: checking for suffix of object files
configure:4751: /usr/bin/gcc -c -O2 -I/home/erion/Projects/buildroot/output/host/include -I/home/erion/Projects/buildroot/output/host/include conftest.c >&5
configure:4755: $? = 0
configure:4776: result: o
configure:4780: checking whether we are using the GNU C compiler
configure:4799: /usr/bin/gcc -c -O2 -I/home/erion/Projects/buildroot/output/host/include -I/home/erion/Projects/buildroot/output/host/include conftest.c >&5
configure:4799: $? = 0
configure:4808: result: yes
configure:4817: checking whether /usr/bin/gcc accepts -g
configure:4837: /usr/bin/gcc -c -g -I/home/erion/Projects/buildroot/output/host/include conftest.c >&5
configure:4837: $? = 0
configure:4878: result: yes
configure:4895: checking for /usr/bin/gcc option to accept ISO C89
configure:4958: /usr/bin/gcc  -c -O2 -I/home/erion/Projects/buildroot/output/host/include -I/home/erion/Projects/buildroot/output/host/include conftest.c >&5
configure:4958: $? = 0
configure:4971: result: none needed
configure:4991: checking for /usr/bin/gcc option to accept ISO C99
configure:5140: /usr/bin/gcc  -c -O2 -I/home/erion/Projects/buildroot/output/host/include -I/home/erion/Projects/buildroot/output/host/include conftest.c >&5
configure:5140: $? = 0
configure:5153: result: none needed
configure:5280: checking for C++ compiler version
configure:5289: /usr/bin/g++ --version >&5
g++ (GCC) 14.1.1 20240522
Copyright (C) 2024 Free Software Foundation, Inc.
This is free software; see the source for copying conditions.  There is NO
warranty; not even for MERCHANTABILITY or FITNESS FOR A PARTICULAR PURPOSE.

configure:5300: $? = 0
configure:5289: /usr/bin/g++ -v >&5
Using built-in specs.
COLLECT_GCC=/usr/bin/g++
COLLECT_LTO_WRAPPER=/usr/lib/gcc/x86_64-pc-linux-gnu/14.1.1/lto-wrapper
Target: x86_64-pc-linux-gnu
Configured with: /build/gcc/src/gcc/configure --enable-languages=ada,c,c++,d,fortran,go,lto,m2,objc,obj-c++,rust --enable-bootstrap --prefix=/usr --libdir=/usr/lib --libexecdir=/usr/lib --mandir=/usr/share/man --infodir=/usr/share/info --with-bugurl=https://gitlab.archlinux.org/archlinux/packaging/packages/gcc/-/issues --with-build-config=bootstrap-lto --with-linker-hash-style=gnu --with-system-zlib --enable-__cxa_atexit --enable-cet=auto --enable-checking=release --enable-clocale=gnu --enable-default-pie --enable-default-ssp --enable-gnu-indirect-function --enable-gnu-unique-object --enable-libstdcxx-backtrace --enable-link-serialization=1 --enable-linker-build-id --enable-lto --enable-multilib --enable-plugin --enable-shared --enable-threads=posix --disable-libssp --disable-libstdcxx-pch --disable-werror
Thread model: posix
Supported LTO compression algorithms: zlib zstd
gcc version 14.1.1 20240522 (GCC) 
configure:5300: $? = 0
configure:5289: /usr/bin/g++ -V >&5
g++: error: unrecognized command-line option '-V'
g++: fatal error: no input files
compilation terminated.
configure:5300: $? = 1
configure:5289: /usr/bin/g++ -qversion >&5
g++: error: unrecognized command-line option '-qversion'; did you mean '--version'?
g++: fatal error: no input files
compilation terminated.
configure:5300: $? = 1
configure:5304: checking whether we are using the GNU C++ compiler
configure:5323: /usr/bin/g++ -c -O2 -I/home/erion/Projects/buildroot/output/host/include -I/home/erion/Projects/buildroot/output/host/include conftest.cpp >&5
configure:5323: $? = 0
configure:5332: result: yes
configure:5341: checking whether /usr/bin/g++ accepts -g
configure:5361: /usr/bin/g++ -c -g -I/home/erion/Projects/buildroot/output/host/include conftest.cpp >&5
configure:5361: $? = 0
configure:5402: result: yes
configure:5451: checking whether g++ accepts -static-libstdc++ -static-libgcc
configure:5468: /usr/bin/g++ -o conftest -O2 -I/home/erion/Projects/buildroot/output/host/include -I/home/erion/Projects/buildroot/output/host/include -L/home/erion/Projects/buildroot/output/host/lib -Wl,-rpath,/home/erion/Projects/buildroot/output/host/lib -static-libstdc++ -static-libgcc conftest.cpp  >&5
configure:5468: $? = 0
configure:5469: result: yes
configure:5533: checking for gnatbind
configure:5563: result: no
configure:5625: checking for gnatmake
configure:5655: result: no
configure:5674: checking whether compiler driver understands Ada and is recent enough
configure:5701: result: no
configure:5755: checking for gdc
configure:5785: result: no
configure:5804: checking whether the D compiler works
configure:5821: result: no
configure:5829: checking how to compare bootstrapped objects
configure:5854: result: cmp --ignore-initial=16 $$f1 $$f2
configure:7998: checking for objdir
configure:8013: result: .libs
configure:8613: checking for isl 0.15 or later
configure:8626: /usr/bin/gcc -o conftest -O2 -I/home/erion/Projects/buildroot/output/host/include   -I/home/erion/Projects/buildroot/output/host/include -L/home/erion/Projects/buildroot/output/host/lib -Wl,-rpath,/home/erion/Projects/buildroot/output/host/lib  -lisl -lmpfr -lgmp conftest.c  -lisl -lgmp >&5
configure:8626: $? = 0
configure:8633: result: yes
configure:9780: checking for default BUILD_CONFIG
configure:9812: result: 
configure:9817: checking for --enable-vtable-verify
configure:9830: result: no
configure:10483: checking for bison
configure:10499: found /home/erion/Projects/buildroot/output/host/bin/bison
configure:10510: result: bison -y
configure:10530: checking for bison
configure:10546: found /home/erion/Projects/buildroot/output/host/bin/bison
configure:10557: result: bison
configure:10577: checking for gm4
configure:10607: result: no
configure:10577: checking for gnum4
configure:10607: result: no
configure:10577: checking for m4
configure:10593: found /home/erion/Projects/buildroot/output/host/bin/m4
configure:10604: result: m4
configure:10624: checking for flex
configure:10640: found /usr/bin/flex
configure:10651: result: flex
configure:10672: checking for flex
configure:10688: found /usr/bin/flex
configure:10699: result: flex
configure:10719: checking for makeinfo
configure:10746: result: true
configure:10780: checking for expect
configure:10810: result: no
configure:10829: checking for runtest
configure:10859: result: no
configure:10893: checking for ar
configure:10920: result: /usr/bin/ar
configure:11034: checking for as
configure:11061: result: /usr/bin/as
configure:11256: checking for dlltool
configure:11286: result: no
configure:11397: checking for dsymutil
configure:11427: result: no
configure:11457: checking for ld
configure:11484: result: /usr/bin/ld
configure:11679: checking for lipo
configure:11709: result: no
configure:11739: checking for nm
configure:11766: result: /usr/bin/nm
configure:11880: checking for ranlib
configure:11907: result: /usr/bin/ranlib
configure:12097: checking for strip
configure:12113: found /usr/bin/strip
configure:12124: result: strip
configure:12233: checking for windres
configure:12263: result: no
configure:12374: checking for windmc
configure:12404: result: no
configure:12434: checking for objcopy
configure:12461: result: /usr/bin/objcopy
configure:12656: checking for objdump
configure:12672: found /usr/bin/objdump
configure:12683: result: objdump
configure:12797: checking for otool
configure:12827: result: no
configure:12938: checking for readelf
configure:12954: found /usr/bin/readelf
configure:12965: result: readelf
configure:12994: checking for -plugin option
configure:13114: result: --plugin /usr/lib/gcc/x86_64-pc-linux-gnu/14.1.1/liblto_plugin.so
configure:13222: checking for aarch64-buildroot-linux-gnu-cc
configure:13252: result: no
configure:13222: checking for aarch64-buildroot-linux-gnu-gcc
configure:13252: result: no
configure:13383: checking for aarch64-buildroot-linux-gnu-c++
configure:13413: result: no
configure:13383: checking for aarch64-buildroot-linux-gnu-g++
configure:13413: result: no
configure:13383: checking for aarch64-buildroot-linux-gnu-cxx
configure:13413: result: no
configure:13383: checking for aarch64-buildroot-linux-gnu-gxx
configure:13413: result: no
configure:13544: checking for aarch64-buildroot-linux-gnu-gcc
configure:13574: result: no
configure:13700: checking for aarch64-buildroot-linux-gnu-gfortran
configure:13730: result: no
configure:13861: checking for aarch64-buildroot-linux-gnu-gccgo
configure:13891: result: no
configure:14022: checking for aarch64-buildroot-linux-gnu-gdc
configure:14052: result: no
configure:14263: checking for aarch64-buildroot-linux-gnu-ar
configure:14293: result: no
configure:14493: checking for aarch64-buildroot-linux-gnu-as
configure:14523: result: no
configure:14723: checking for aarch64-buildroot-linux-gnu-dlltool
configure:14753: result: no
configure:14953: checking for aarch64-buildroot-linux-gnu-dsymutil
configure:14983: result: no
configure:15183: checking for aarch64-buildroot-linux-gnu-ld
configure:15213: result: no
configure:15413: checking for aarch64-buildroot-linux-gnu-lipo
configure:15443: result: no
configure:15643: checking for aarch64-buildroot-linux-gnu-nm
configure:15673: result: no
configure:15873: checking for aarch64-buildroot-linux-gnu-objcopy
configure:15903: result: no
configure:16103: checking for aarch64-buildroot-linux-gnu-objdump
configure:16133: result: no
configure:16333: checking for aarch64-buildroot-linux-gnu-otool
configure:16363: result: no
configure:16563: checking for aarch64-buildroot-linux-gnu-ranlib
configure:16593: result: no
configure:16793: checking for aarch64-buildroot-linux-gnu-readelf
configure:16823: result: no
configure:17023: checking for aarch64-buildroot-linux-gnu-strip
configure:17053: result: no
configure:17253: checking for aarch64-buildroot-linux-gnu-windres
configure:17283: result: no
configure:17483: checking for aarch64-buildroot-linux-gnu-windmc
configure:17513: result: no
configure:17580: checking where to find the target ar
configure:17603: result: just compiled
configure:17622: checking where to find the target as
configure:17645: result: just compiled
configure:17664: checking where to find the target cc
configure:17701: result: pre-installed
configure:17706: checking where to find the target c++
configure:17746: result: pre-installed
configure:17751: checking where to find the target c++ for libstdc++
configure:17791: result: pre-installed
configure:17796: checking where to find the target dlltool
configure:17819: result: just compiled
configure:17838: checking where to find the target dsymutil
configure:17864: result: pre-installed
configure:17869: checking where to find the target gcc
configure:17906: result: pre-installed
configure:17911: checking where to find the target gfortran
configure:17951: result: pre-installed
configure:17956: checking where to find the target gccgo
configure:17996: result: pre-installed
configure:18001: checking where to find the target gdc
configure:18041: result: pre-installed
configure:18046: checking where to find the target ld
configure:18069: result: just compiled
configure:18088: checking where to find the target lipo
configure:18114: result: pre-installed
configure:18119: checking where to find the target nm
configure:18142: result: just compiled
configure:18161: checking where to find the target objcopy
configure:18184: result: just compiled
configure:18203: checking where to find the target objdump
configure:18226: result: just compiled
configure:18245: checking where to find the target otool
configure:18271: result: pre-installed
configure:18276: checking where to find the target ranlib
configure:18299: result: just compiled
configure:18318: checking where to find the target readelf
configure:18341: result: just compiled
configure:18360: checking where to find the target strip
configure:18383: result: just compiled
configure:18402: checking where to find the target windres
configure:18425: result: just compiled
configure:18444: checking where to find the target windmc
configure:18467: result: just compiled
configure:18514: checking whether to enable maintainer-specific portions of Makefiles
configure:18523: result: no
configure:18758: creating ./config.status

## ---------------------- ##
## Running config.status. ##
## ---------------------- ##

This file was extended by config.status, which was
generated by GNU Autoconf 2.69.  Invocation command line was

  CONFIG_FILES    = 
  CONFIG_HEADERS  = 
  CONFIG_LINKS    = 
  CONFIG_COMMANDS = 
  $ ./config.status 

on archlinux

config.status:1019: creating Makefile

## ---------------- ##
## Cache variables. ##
## ---------------- ##

ac_cv_build=x86_64-pc-linux-gnu
ac_cv_c_compiler_gnu=yes
ac_cv_cxx_compiler_gnu=yes
ac_cv_env_AR_FOR_TARGET_set=
ac_cv_env_AR_FOR_TARGET_value=
ac_cv_env_AR_set=set
ac_cv_env_AR_value=/usr/bin/ar
ac_cv_env_AS_FOR_TARGET_set=
ac_cv_env_AS_FOR_TARGET_value=
ac_cv_env_AS_set=set
ac_cv_env_AS_value=/usr/bin/as
ac_cv_env_CCC_set=
ac_cv_env_CCC_value=
ac_cv_env_CC_FOR_TARGET_set=
ac_cv_env_CC_FOR_TARGET_value=
ac_cv_env_CC_set=set
ac_cv_env_CC_value=/usr/bin/gcc
ac_cv_env_CFLAGS_set=set
ac_cv_env_CFLAGS_value='-O2 -I/home/erion/Projects/buildroot/output/host/include'
ac_cv_env_CPPFLAGS_set=set
ac_cv_env_CPPFLAGS_value=-I/home/erion/Projects/buildroot/output/host/include
ac_cv_env_CXXFLAGS_set=set
ac_cv_env_CXXFLAGS_value='-O2 -I/home/erion/Projects/buildroot/output/host/include'
ac_cv_env_CXX_FOR_TARGET_set=
ac_cv_env_CXX_FOR_TARGET_value=
ac_cv_env_CXX_set=set
ac_cv_env_CXX_value=/usr/bin/g++
ac_cv_env_DLLTOOL_FOR_TARGET_set=
ac_cv_env_DLLTOOL_FOR_TARGET_value=
ac_cv_env_DLLTOOL_set=
ac_cv_env_DLLTOOL_value=
ac_cv_env_DSYMUTIL_FOR_TARGET_set=
ac_cv_env_DSYMUTIL_FOR_TARGET_value=
ac_cv_env_DSYMUTIL_set=
ac_cv_env_DSYMUTIL_value=
ac_cv_env_GCC_FOR_TARGET_set=
ac_cv_env_GCC_FOR_TARGET_value=
ac_cv_env_GDC_FOR_TARGET_set=
ac_cv_env_GDC_FOR_TARGET_value=
ac_cv_env_GFORTRAN_FOR_TARGET_set=
ac_cv_env_GFORTRAN_FOR_TARGET_value=
ac_cv_env_GOC_FOR_TARGET_set=
ac_cv_env_GOC_FOR_TARGET_value=
ac_cv_env_LDFLAGS_set=set
ac_cv_env_LDFLAGS_value='-L/home/erion/Projects/buildroot/output/host/lib -Wl,-rpath,/home/erion/Projects/buildroot/output/host/lib'
ac_cv_env_LD_FOR_TARGET_set=
ac_cv_env_LD_FOR_TARGET_value=
ac_cv_env_LD_set=set
ac_cv_env_LD_value=/usr/bin/ld
ac_cv_env_LIBS_set=
ac_cv_env_LIBS_value=
ac_cv_env_LIPO_FOR_TARGET_set=
ac_cv_env_LIPO_FOR_TARGET_value=
ac_cv_env_LIPO_set=
ac_cv_env_LIPO_value=
ac_cv_env_NM_FOR_TARGET_set=
ac_cv_env_NM_FOR_TARGET_value=
ac_cv_env_NM_set=set
ac_cv_env_NM_value=/usr/bin/nm
ac_cv_env_OBJCOPY_FOR_TARGET_set=
ac_cv_env_OBJCOPY_FOR_TARGET_value=
ac_cv_env_OBJCOPY_set=set
ac_cv_env_OBJCOPY_value=/usr/bin/objcopy
ac_cv_env_OBJDUMP_FOR_TARGET_set=
ac_cv_env_OBJDUMP_FOR_TARGET_value=
ac_cv_env_OBJDUMP_set=
ac_cv_env_OBJDUMP_value=
ac_cv_env_OTOOL_FOR_TARGET_set=
ac_cv_env_OTOOL_FOR_TARGET_value=
ac_cv_env_OTOOL_set=
ac_cv_env_OTOOL_value=
ac_cv_env_RANLIB_FOR_TARGET_set=
ac_cv_env_RANLIB_FOR_TARGET_value=
ac_cv_env_RANLIB_set=set
ac_cv_env_RANLIB_value=/usr/bin/ranlib
ac_cv_env_READELF_FOR_TARGET_set=
ac_cv_env_READELF_FOR_TARGET_value=
ac_cv_env_READELF_set=
ac_cv_env_READELF_value=
ac_cv_env_STRIP_FOR_TARGET_set=
ac_cv_env_STRIP_FOR_TARGET_value=
ac_cv_env_STRIP_set=
ac_cv_env_STRIP_value=
ac_cv_env_WINDMC_FOR_TARGET_set=
ac_cv_env_WINDMC_FOR_TARGET_value=
ac_cv_env_WINDMC_set=
ac_cv_env_WINDMC_value=
ac_cv_env_WINDRES_FOR_TARGET_set=
ac_cv_env_WINDRES_FOR_TARGET_value=
ac_cv_env_WINDRES_set=
ac_cv_env_WINDRES_value=
ac_cv_env_build_alias_set=
ac_cv_env_build_alias_value=
ac_cv_env_build_configargs_set=
ac_cv_env_build_configargs_value=
ac_cv_env_host_alias_set=
ac_cv_env_host_alias_value=
ac_cv_env_host_configargs_set=
ac_cv_env_host_configargs_value=
ac_cv_env_target_alias_set=set
ac_cv_env_target_alias_value=aarch64-buildroot-linux-gnu
ac_cv_env_target_configargs_set=
ac_cv_env_target_configargs_value=
ac_cv_host=x86_64-pc-linux-gnu
ac_cv_objext=o
ac_cv_path_SED=/usr/bin/sed
ac_cv_path_install='/usr/bin/install -c'
ac_cv_prog_AR=/usr/bin/ar
ac_cv_prog_AS=/usr/bin/as
ac_cv_prog_AWK=gawk
ac_cv_prog_BISON=bison
ac_cv_prog_FLEX=flex
ac_cv_prog_LD=/usr/bin/ld
ac_cv_prog_LEX=flex
ac_cv_prog_M4=m4
ac_cv_prog_MAKEINFO=true
ac_cv_prog_NM=/usr/bin/nm
ac_cv_prog_OBJCOPY=/usr/bin/objcopy
ac_cv_prog_OBJDUMP=objdump
ac_cv_prog_RANLIB=/usr/bin/ranlib
ac_cv_prog_READELF=readelf
ac_cv_prog_STRIP=strip
ac_cv_prog_YACC='bison -y'
ac_cv_prog_ac_ct_CC=/usr/bin/gcc
ac_cv_prog_cc_c89=
ac_cv_prog_cc_c99=
ac_cv_prog_cc_g=yes
ac_cv_prog_cxx_g=yes
ac_cv_target=aarch64-buildroot-linux-gnu
acx_cv_cc_gcc_supports_ada=no
acx_cv_d_compiler_works=no
acx_cv_prog_LN=ln
gcc_cv_isl=yes
gcc_cv_prog_cmp_skip='cmp --ignore-initial=16 $$f1 $$f2'
gcc_cv_tool_dirs=
gcc_cv_tool_prefix=/home/erion/Projects/buildroot/output/host
lt_cv_objdir=.libs

## ----------------- ##
## Output variables. ##
## ----------------- ##

AR='/usr/bin/ar'
AR_FOR_BUILD='$(AR)'
AR_FOR_TARGET='$$r/$(HOST_SUBDIR)/binutils/ar'
AR_PLUGIN_OPTION='--plugin /usr/lib/gcc/x86_64-pc-linux-gnu/14.1.1/liblto_plugin.so'
AS='/usr/bin/as'
AS_FOR_BUILD='$(AS)'
AS_FOR_TARGET='$$r/$(HOST_SUBDIR)/gas/as-new'
AWK='gawk'
BISON='bison'
BUILD_CONFIG=''
CC='/usr/bin/gcc'
CC_FOR_BUILD='$(CC)'
CC_FOR_TARGET='aarch64-buildroot-linux-gnu-cc'
CFLAGS='-O2 -I/home/erion/Projects/buildroot/output/host/include'
CFLAGS_FOR_BUILD='-O2 -I/home/erion/Projects/buildroot/output/host/include'
CFLAGS_FOR_TARGET='-g -O2'
COMPILER_AS_FOR_TARGET='$(AS_FOR_TARGET)'
COMPILER_LD_FOR_TARGET='$(LD_FOR_TARGET)'
COMPILER_NM_FOR_TARGET='$(NM_FOR_TARGET)'
CONFIGURE_GDB_TK=''
CPPFLAGS='-I/home/erion/Projects/buildroot/output/host/include'
CPPFLAGS_FOR_BUILD='-I/home/erion/Projects/buildroot/output/host/include'
CPP_FOR_BUILD=''
CXX='/usr/bin/g++'
CXXFLAGS='-O2 -I/home/erion/Projects/buildroot/output/host/include'
CXXFLAGS_FOR_BUILD='-O2 -I/home/erion/Projects/buildroot/output/host/include'
CXXFLAGS_FOR_TARGET='-g -O2'
CXX_FOR_BUILD='$(CXX)'
CXX_FOR_TARGET='aarch64-buildroot-linux-gnu-c++'
DEBUG_PREFIX_CFLAGS_FOR_TARGET=''
DEFS='-DPACKAGE_NAME=\"\" -DPACKAGE_TARNAME=\"\" -DPACKAGE_VERSION=\"\" -DPACKAGE_STRING=\"\" -DPACKAGE_BUGREPORT=\"\" -DPACKAGE_URL=\"\" -DLT_OBJDIR=\".libs/\"'
DLLTOOL='dlltool'
DLLTOOL_FOR_BUILD='$(DLLTOOL)'
DLLTOOL_FOR_TARGET='$$r/$(HOST_SUBDIR)/binutils/dlltool'
DSYMUTIL='dsymutil'
DSYMUTIL_FOR_BUILD='$(DSYMUTIL)'
DSYMUTIL_FOR_TARGET='aarch64-buildroot-linux-gnu-dsymutil'
ECHO_C=''
ECHO_N='-n'
ECHO_T=''
EXEEXT=''
EXPECT='expect'
FLAGS_FOR_TARGET=' -L$$r/$(HOST_SUBDIR)/ld'
FLEX='flex'
GCC_FOR_TARGET='aarch64-buildroot-linux-gnu-gcc'
GCC_SHLIB_SUBDIR=''
GDB_TK=''
GDC='no'
GDCFLAGS=''
GDC_FOR_BUILD='$(GDC)'
GDC_FOR_TARGET='aarch64-buildroot-linux-gnu-gdc'
GFORTRAN_FOR_BUILD='$(GFORTRAN)'
GFORTRAN_FOR_TARGET='aarch64-buildroot-linux-gnu-gfortran'
GNATBIND='no'
GNATMAKE='no'
GOC_FOR_BUILD='$(GOC)'
GOC_FOR_TARGET='aarch64-buildroot-linux-gnu-gccgo'
HAVE_CXX11=''
HAVE_CXX11_FOR_BUILD=''
INSTALL_DATA='${INSTALL} -m 644'
INSTALL_GDB_TK=''
INSTALL_PROGRAM='${INSTALL}'
INSTALL_SCRIPT='${INSTALL}'
LD='/usr/bin/ld'
LDFLAGS='-L/home/erion/Projects/buildroot/output/host/lib -Wl,-rpath,/home/erion/Projects/buildroot/output/host/lib'
LDFLAGS_FOR_BUILD='-L/home/erion/Projects/buildroot/output/host/lib -Wl,-rpath,/home/erion/Projects/buildroot/output/host/lib'
LDFLAGS_FOR_TARGET=''
LD_FOR_BUILD='$(LD)'
LD_FOR_TARGET='$$r/$(HOST_SUBDIR)/ld/ld-new'
LEX='flex'
LIBOBJS=''
LIBS=''
LIPO='lipo'
LIPO_FOR_TARGET='aarch64-buildroot-linux-gnu-lipo'
LN='ln'
LN_S='ln -s'
LTLIBOBJS=''
M4='m4'
MAINT='#'
MAINTAINER_MODE_FALSE=''
MAINTAINER_MODE_TRUE='#'
MAKEINFO='/home/erion/Projects/buildroot/output/build/host-binutils-2.40/missing makeinfo'
NM='/usr/bin/nm'
NM_FOR_BUILD='$(NM)'
NM_FOR_TARGET='$$r/$(HOST_SUBDIR)/binutils/nm-new'
OBJCOPY='/usr/bin/objcopy'
OBJCOPY_FOR_TARGET='$$r/$(HOST_SUBDIR)/binutils/objcopy'
OBJDUMP='objdump'
OBJDUMP_FOR_TARGET='$$r/$(HOST_SUBDIR)/binutils/objdump'
OBJEXT='o'
OTOOL='otool'
OTOOL_FOR_TARGET='aarch64-buildroot-linux-gnu-otool'
PACKAGE_BUGREPORT=''
PACKAGE_NAME=''
PACKAGE_STRING=''
PACKAGE_TARNAME=''
PACKAGE_URL=''
PACKAGE_VERSION=''
PATH_SEPARATOR=':'
PGO_BUILD_GEN_CFLAGS=''
PGO_BUILD_LTO_CFLAGS=''
PGO_BUILD_USE_CFLAGS=''
PKG_CONFIG_PATH=''
RANLIB='/usr/bin/ranlib'
RANLIB_FOR_BUILD='$(RANLIB)'
RANLIB_FOR_TARGET='$$r/$(HOST_SUBDIR)/binutils/ranlib'
RANLIB_PLUGIN_OPTION='--plugin /usr/lib/gcc/x86_64-pc-linux-gnu/14.1.1/liblto_plugin.so'
RAW_CXX_FOR_TARGET='aarch64-buildroot-linux-gnu-c++'
READELF='readelf'
READELF_FOR_TARGET='$$r/$(HOST_SUBDIR)/binutils/readelf'
RPATH_ENVVAR='LD_LIBRARY_PATH'
RUNTEST='runtest'
SED='/usr/bin/sed'
SHELL='/bin/sh'
STRIP='strip'
STRIP_FOR_TARGET='$$r/$(HOST_SUBDIR)/binutils/strip-new'
SYSROOT_CFLAGS_FOR_TARGET=''
TOPLEVEL_CONFIGURE_ARGUMENTS='./configure --prefix=/home/erion/Projects/buildroot/output/host --sysconfdir=/home/erion/Projects/buildroot/output/host/etc --localstatedir=/home/erion/Projects/buildroot/output/host/var --enable-shared --disable-static --disable-gtk-doc --disable-gtk-doc-html --disable-doc --disable-docs --disable-documentation --disable-debug --with-xmlto=no --with-fop=no --disable-nls --disable-dependency-tracking --disable-multilib --disable-werror --target=aarch64-buildroot-linux-gnu --disable-shared --enable-static --with-sysroot=/home/erion/Projects/buildroot/output/host/aarch64-buildroot-linux-gnu/sysroot --enable-poison-system-directories --without-debuginfod --enable-plugins --enable-lto --disable-sim --disable-gdb --without-zstd --disable-gprofng'
WINDMC='windmc'
WINDMC_FOR_BUILD='$(WINDMC)'
WINDMC_FOR_TARGET='$$r/$(HOST_SUBDIR)/binutils/windmc'
WINDRES='windres'
WINDRES_FOR_BUILD='$(WINDRES)'
WINDRES_FOR_TARGET='$$r/$(HOST_SUBDIR)/binutils/windres'
YACC='bison -y'
ac_ct_CC='/usr/bin/gcc'
ac_ct_CXX=''
bindir='${exec_prefix}/bin'
build='x86_64-pc-linux-gnu'
build_alias=''
build_configargs=' --cache-file=./config.cache '\''--prefix=/home/erion/Projects/buildroot/output/host'\'' '\''--sysconfdir=/home/erion/Projects/buildroot/output/host/etc'\'' '\''--localstatedir=/home/erion/Projects/buildroot/output/host/var'\'' '\''--enable-shared'\'' '\''--disable-static'\'' '\''--disable-gtk-doc'\'' '\''--disable-gtk-doc-html'\'' '\''--disable-doc'\'' '\''--disable-docs'\'' '\''--disable-documentation'\'' '\''--disable-debug'\'' '\''--with-xmlto=no'\'' '\''--with-fop=no'\'' '\''--disable-nls'\'' '\''--disable-dependency-tracking'\'' '\''--disable-multilib'\'' '\''--disable-werror'\'' '\''--disable-shared'\'' '\''--enable-static'\'' '\''--with-sysroot=/home/erion/Projects/buildroot/output/host/aarch64-buildroot-linux-gnu/sysroot'\'' '\''--enable-poison-system-directories'\'' '\''--without-debuginfod'\'' '\''--enable-plugins'\'' '\''--enable-lto'\'' '\''--disable-sim'\'' '\''--disable-gdb'\'' '\''--without-zstd'\'' '\''--disable-gprofng'\'' --program-transform-name='\''s&^&aarch64-buildroot-linux-gnu-&'\'' --disable-option-checking --disable-year2038'
build_configdirs=' libiberty'
build_cpu='x86_64'
build_libsubdir='build-x86_64-pc-linux-gnu'
build_noncanonical='x86_64-pc-linux-gnu'
build_os='linux-gnu'
build_subdir='build-x86_64-pc-linux-gnu'
build_tooldir='${exec_prefix}/aarch64-buildroot-linux-gnu'
build_vendor='pc'
compare_exclusions='gcc/cc*-checksum$(objext) | gcc/ada/*tools/*'
configdirs=' intl libiberty opcodes bfd zlib libctf libsframe binutils gas ld gprof etc'
datadir='${datarootdir}'
datarootdir='${prefix}/share'
do_compare='cmp --ignore-initial=16 $$f1 $$f2'
docdir='${datarootdir}/doc/${PACKAGE}'
dvidir='${docdir}'
exec_prefix='${prefix}'
extra_host_libiberty_configure_flags=''
extra_host_zlib_configure_flags=''
extra_isl_gmp_configure_flags=''
extra_liboffloadmic_configure_flags=''
extra_linker_plugin_configure_flags=''
extra_linker_plugin_flags=''
extra_mpc_gmp_configure_flags=''
extra_mpc_mpfr_configure_flags=''
extra_mpfr_configure_flags=''
get_gcc_base_ver='cat'
gmpinc=''
gmplibs='-lmpfr -lgmp'
host='x86_64-pc-linux-gnu'
host_alias=''
host_configargs=' --cache-file=./config.cache  --with-gnu-as --with-gnu-ld '\''--prefix=/home/erion/Projects/buildroot/output/host'\'' '\''--sysconfdir=/home/erion/Projects/buildroot/output/host/etc'\'' '\''--localstatedir=/home/erion/Projects/buildroot/output/host/var'\'' '\''--enable-shared'\'' '\''--disable-static'\'' '\''--disable-gtk-doc'\'' '\''--disable-gtk-doc-html'\'' '\''--disable-doc'\'' '\''--disable-docs'\'' '\''--disable-documentation'\'' '\''--disable-debug'\'' '\''--with-xmlto=no'\'' '\''--with-fop=no'\'' '\''--disable-nls'\'' '\''--disable-dependency-tracking'\'' '\''--disable-multilib'\'' '\''--disable-werror'\'' '\''--disable-shared'\'' '\''--enable-static'\'' '\''--with-sysroot=/home/erion/Projects/buildroot/output/host/aarch64-buildroot-linux-gnu/sysroot'\'' '\''--enable-poison-system-directories'\'' '\''--without-debuginfod'\'' '\''--enable-plugins'\'' '\''--enable-lto'\'' '\''--disable-sim'\'' '\''--disable-gdb'\'' '\''--without-zstd'\'' '\''--disable-gprofng'\'' --program-transform-name='\''s&^&aarch64-buildroot-linux-gnu-&'\'' --disable-option-checking --disable-year2038'
host_cpu='x86_64'
host_noncanonical='x86_64-pc-linux-gnu'
host_os='linux-gnu'
host_shared='no'
host_subdir='.'
host_vendor='pc'
htmldir='${docdir}'
includedir='${prefix}/include'
infodir='${datarootdir}/info'
islinc=''
isllibs=' -lisl'
libdir='${exec_prefix}/lib'
libexecdir='${exec_prefix}/libexec'
localedir='${datarootdir}/locale'
localstatedir='/home/erion/Projects/buildroot/output/host/var'
mandir='${datarootdir}/man'
oldincludedir='/usr/include'
pdfdir='${docdir}'
poststage1_ldflags='-static-libstdc++ -static-libgcc'
poststage1_libs=''
prefix='/home/erion/Projects/buildroot/output/host'
program_transform_name='s&^&aarch64-buildroot-linux-gnu-&'
psdir='${docdir}'
sbindir='${exec_prefix}/sbin'
sharedstatedir='${prefix}/com'
stage1_cflags='-g'
stage1_checking='--enable-checking=yes,types'
stage1_languages=',c,'
stage1_ldflags=''
stage1_libs=''
stage2_werror_flag=''
sysconfdir='/home/erion/Projects/buildroot/output/host/etc'
target='aarch64-buildroot-linux-gnu'
target_alias='aarch64-buildroot-linux-gnu'
target_configargs='--cache-file=./config.cache --with-cross-host=x86_64-pc-linux-gnu   '\''--prefix=/home/erion/Projects/buildroot/output/host'\'' '\''--sysconfdir=/home/erion/Projects/buildroot/output/host/etc'\'' '\''--localstatedir=/home/erion/Projects/buildroot/output/host/var'\'' '\''--enable-shared'\'' '\''--disable-static'\'' '\''--disable-gtk-doc'\'' '\''--disable-gtk-doc-html'\'' '\''--disable-doc'\'' '\''--disable-docs'\'' '\''--disable-documentation'\'' '\''--disable-debug'\'' '\''--with-xmlto=no'\'' '\''--with-fop=no'\'' '\''--disable-nls'\'' '\''--disable-dependency-tracking'\'' '\''--disable-multilib'\'' '\''--disable-werror'\'' '\''--disable-shared'\'' '\''--enable-static'\'' '\''--with-sysroot=/home/erion/Projects/buildroot/output/host/aarch64-buildroot-linux-gnu/sysroot'\'' '\''--enable-poison-system-directories'\'' '\''--without-debuginfod'\'' '\''--enable-plugins'\'' '\''--enable-lto'\'' '\''--disable-sim'\'' '\''--disable-gdb'\'' '\''--without-zstd'\'' '\''--disable-gprofng'\'' --program-transform-name='\''s&^&aarch64-buildroot-linux-gnu-&'\'' --disable-option-checking --disable-year2038'
target_configdirs=''
target_cpu='aarch64'
target_noncanonical='aarch64-buildroot-linux-gnu'
target_os='linux-gnu'
target_subdir='aarch64-buildroot-linux-gnu'
target_vendor='buildroot'
tooldir='${exec_prefix}/aarch64-buildroot-linux-gnu'

## ------------------- ##
## File substitutions. ##
## ------------------- ##

alphaieee_frag='/dev/null'
host_makefile_frag='/dev/null'
ospace_frag='/dev/null'
serialization_dependencies='serdep.tmp'
target_makefile_frag='./config/mt-gnu'

## ----------- ##
## confdefs.h. ##
## ----------- ##

/* confdefs.h */
#define PACKAGE_NAME ""
#define PACKAGE_TARNAME ""
#define PACKAGE_VERSION ""
#define PACKAGE_STRING ""
#define PACKAGE_BUGREPORT ""
#define PACKAGE_URL ""
#define LT_OBJDIR ".libs/"

configure: exit 0
