
## ---------------------- ##
## Running config.status. ##
## ---------------------- ##

This file was extended by GRUB config.status 2.12, which was
generated by GNU Autoconf 2.69.  Invocation command line was

  CONFIG_FILES    = 
  CONFIG_HEADERS  = 
  CONFIG_LINKS    = 
  CONFIG_COMMANDS = 
  $ ../config.status --file=gensyminfo.sh:-

on archlinux



## ---------------------- ##
## Running config.status. ##
## ---------------------- ##
## ---------------------- ##
## Running config.status. ##
## ---------------------- ##

This file was extended by GRUB config.status 2.12, which was
generated by GNU Autoconf 2.69.  Invocation command line was

  CONFIG_FILES    = 
  CONFIG_HEADERS  = 
  CONFIG_LINKS    = 
  CONFIG_COMMANDS = 
  $ ../config.status --file=modinfo.sh:-

on archlinux


This file was extended by GRUB config.status 2.12, which was
generated by GNU Autoconf 2.69.  Invocation command line was

  CONFIG_FILES    = 
  CONFIG_HEADERS  = 
  CONFIG_LINKS    = 
  CONFIG_COMMANDS = 
  $ ../config.status --file=genmod.sh:-

on archlinux


## ---------------------- ##
## Running config.status. ##
## ---------------------- ##

This file was extended by GRUB config.status 2.12, which was
generated by GNU Autoconf 2.69.  Invocation command line was

  CONFIG_FILES    = 
  CONFIG_HEADERS  = 
  CONFIG_LINKS    = 
  CONFIG_COMMANDS = 
  $ ../config.status --file=gdb_helper.py:-

on archlinux

config.status:2532: creating gensyminfo.sh
config.status:2532: creating modinfo.sh
config.status:2532: creating genmod.sh

## ---------------------- ##
## Running config.status. ##
## ---------------------- ##

This file was extended by GRUB config.status 2.12, which was
generated by GNU Autoconf 2.69.  Invocation command line was

  CONFIG_FILES    = 
  CONFIG_HEADERS  = 
  CONFIG_LINKS    = 
  CONFIG_COMMANDS = 
  $ ../config.status --file=gdb_grub:-

on archlinux

config.status:2532: creating gdb_helper.py
config.status:2532: creating gdb_grub
