This file contains any messages produced by compilers while
running configure, to aid debugging if configure makes a mistake.

It was created by bfd configure 2.40, which was
generated by GNU Autoconf 2.69.  Invocation command line was

  $ /home/erion/Projects/buildroot/output/build/host-binutils-2.40/bfd/configure --srcdir=.././bfd --cache-file=./config.cache --with-gnu-as --with-gnu-ld --prefix=/home/erion/Projects/buildroot/output/host --sysconfdir=/home/erion/Projects/buildroot/output/host/etc --localstatedir=/home/erion/Projects/buildroot/output/host/var --enable-shared --disable-static --disable-gtk-doc --disable-gtk-doc-html --disable-doc --disable-docs --disable-documentation --disable-debug --with-xmlto=no --with-fop=no --disable-nls --disable-dependency-tracking --disable-multilib --disable-werror --disable-shared --enable-static --with-sysroot=/home/erion/Projects/buildroot/output/host/aarch64-buildroot-linux-gnu/sysroot --enable-poison-system-directories --without-debuginfod --enable-plugins --enable-lto --disable-sim --disable-gdb --without-zstd --disable-gprofng --program-transform-name=s&^&aarch64-buildroot-linux-gnu-& --disable-option-checking --disable-year2038 --build=x86_64-pc-linux-gnu --host=x86_64-pc-linux-gnu --target=aarch64-buildroot-linux-gnu

## --------- ##
## Platform. ##
## --------- ##

hostname = archlinux
uname -m = x86_64
uname -r = 6.9.9-arch1-1
uname -s = Linux
uname -v = #1 SMP PREEMPT_DYNAMIC Fri, 12 Jul 2024 00:06:53 +0000

/usr/bin/uname -p = unknown
/bin/uname -X     = unknown

/bin/arch              = unknown
/usr/bin/arch -k       = unknown
/usr/convex/getsysinfo = unknown
/usr/bin/hostinfo      = unknown
/bin/machine           = unknown
/usr/bin/oslevel       = unknown
/bin/universe          = unknown

PATH: /home/erion/Projects/buildroot/output/host/bin
PATH: /home/erion/Projects/buildroot/output/host/sbin
PATH: /home/erion/Apps/miniconda3/condabin
PATH: /opt/devkitpro/tools/bin
PATH: /usr/local/sbin
PATH: /usr/local/bin
PATH: /usr/bin
PATH: /var/lib/flatpak/exports/bin
PATH: /usr/lib/jvm/default/bin
PATH: /usr/bin/site_perl
PATH: /usr/bin/vendor_perl
PATH: /usr/bin/core_perl


## ----------- ##
## Core tests. ##
## ----------- ##

configure:2480: creating cache ./config.cache
configure:2594: checking build system type
configure:2608: result: x86_64-pc-linux-gnu
configure:2628: checking host system type
configure:2641: result: x86_64-pc-linux-gnu
configure:2661: checking target system type
configure:2674: result: aarch64-buildroot-linux-gnu
configure:2717: checking for a BSD-compatible install
configure:2785: result: /usr/bin/install -c
configure:2796: checking whether build environment is sane
configure:2851: result: yes
configure:3002: checking for a thread-safe mkdir -p
configure:3041: result: /usr/bin/mkdir -p
configure:3048: checking for gawk
configure:3075: result: gawk
configure:3086: checking whether /usr/bin/make sets $(MAKE)
configure:3108: result: yes
configure:3137: checking whether /usr/bin/make supports nested variables
configure:3154: result: yes
configure:3291: checking whether /usr/bin/make supports nested variables
configure:3308: result: yes
configure:3323: checking for x86_64-pc-linux-gnu-ar
configure:3350: result: /usr/bin/ar --plugin /usr/lib/gcc/x86_64-pc-linux-gnu/14.1.1/liblto_plugin.so
configure:3415: checking for x86_64-pc-linux-gnu-ranlib
configure:3442: result: /usr/bin/ranlib --plugin /usr/lib/gcc/x86_64-pc-linux-gnu/14.1.1/liblto_plugin.so
configure:3545: checking for x86_64-pc-linux-gnu-gcc
configure:3572: result: /usr/bin/gcc
configure:3841: checking for C compiler version
configure:3850: /usr/bin/gcc --version >&5
gcc (GCC) 14.1.1 20240522
Copyright (C) 2024 Free Software Foundation, Inc.
This is free software; see the source for copying conditions.  There is NO
warranty; not even for MERCHANTABILITY or FITNESS FOR A PARTICULAR PURPOSE.

configure:3861: $? = 0
configure:3850: /usr/bin/gcc -v >&5
Using built-in specs.
COLLECT_GCC=/usr/bin/gcc
COLLECT_LTO_WRAPPER=/usr/lib/gcc/x86_64-pc-linux-gnu/14.1.1/lto-wrapper
Target: x86_64-pc-linux-gnu
Configured with: /build/gcc/src/gcc/configure --enable-languages=ada,c,c++,d,fortran,go,lto,m2,objc,obj-c++,rust --enable-bootstrap --prefix=/usr --libdir=/usr/lib --libexecdir=/usr/lib --mandir=/usr/share/man --infodir=/usr/share/info --with-bugurl=https://gitlab.archlinux.org/archlinux/packaging/packages/gcc/-/issues --with-build-config=bootstrap-lto --with-linker-hash-style=gnu --with-system-zlib --enable-__cxa_atexit --enable-cet=auto --enable-checking=release --enable-clocale=gnu --enable-default-pie --enable-default-ssp --enable-gnu-indirect-function --enable-gnu-unique-object --enable-libstdcxx-backtrace --enable-link-serialization=1 --enable-linker-build-id --enable-lto --enable-multilib --enable-plugin --enable-shared --enable-threads=posix --disable-libssp --disable-libstdcxx-pch --disable-werror
Thread model: posix
Supported LTO compression algorithms: zlib zstd
gcc version 14.1.1 20240522 (GCC) 
configure:3861: $? = 0
configure:3850: /usr/bin/gcc -V >&5
gcc: error: unrecognized command-line option '-V'
gcc: fatal error: no input files
compilation terminated.
configure:3861: $? = 1
configure:3850: /usr/bin/gcc -qversion >&5
gcc: error: unrecognized command-line option '-qversion'; did you mean '--version'?
gcc: fatal error: no input files
compilation terminated.
configure:3861: $? = 1
configure:3881: checking whether the C compiler works
configure:3903: /usr/bin/gcc -O2 -I/home/erion/Projects/buildroot/output/host/include       -L/home/erion/Projects/buildroot/output/host/lib -Wl,-rpath,/home/erion/Projects/buildroot/output/host/lib conftest.c  >&5
configure:3907: $? = 0
configure:3955: result: yes
configure:3958: checking for C compiler default output file name
configure:3960: result: a.out
configure:3966: checking for suffix of executables
configure:3973: /usr/bin/gcc -o conftest -O2 -I/home/erion/Projects/buildroot/output/host/include       -L/home/erion/Projects/buildroot/output/host/lib -Wl,-rpath,/home/erion/Projects/buildroot/output/host/lib conftest.c  >&5
configure:3977: $? = 0
configure:3999: result: 
configure:4021: checking whether we are cross compiling
configure:4029: /usr/bin/gcc -o conftest -O2 -I/home/erion/Projects/buildroot/output/host/include       -L/home/erion/Projects/buildroot/output/host/lib -Wl,-rpath,/home/erion/Projects/buildroot/output/host/lib conftest.c  >&5
configure:4033: $? = 0
configure:4040: ./conftest
configure:4044: $? = 0
configure:4059: result: no
configure:4064: checking for suffix of object files
configure:4086: /usr/bin/gcc -c -O2 -I/home/erion/Projects/buildroot/output/host/include      conftest.c >&5
configure:4090: $? = 0
configure:4111: result: o
configure:4115: checking whether we are using the GNU C compiler
configure:4134: /usr/bin/gcc -c -O2 -I/home/erion/Projects/buildroot/output/host/include      conftest.c >&5
configure:4134: $? = 0
configure:4143: result: yes
configure:4152: checking whether /usr/bin/gcc accepts -g
configure:4172: /usr/bin/gcc -c -g  conftest.c >&5
configure:4172: $? = 0
configure:4213: result: yes
configure:4230: checking for /usr/bin/gcc option to accept ISO C89
configure:4293: /usr/bin/gcc  -c -O2 -I/home/erion/Projects/buildroot/output/host/include      conftest.c >&5
configure:4293: $? = 0
configure:4306: result: none needed
configure:4331: checking whether /usr/bin/gcc understands -c and -o together
configure:4353: /usr/bin/gcc -c conftest.c -o conftest2.o
configure:4356: $? = 0
configure:4353: /usr/bin/gcc -c conftest.c -o conftest2.o
configure:4356: $? = 0
configure:4368: result: yes
configure:4396: checking for style of include used by /usr/bin/make
configure:4424: result: GNU
configure:4450: checking dependency style of /usr/bin/gcc
configure:4561: result: none
configure:4582: checking how to run the C preprocessor
configure:4613: /usr/bin/gcc -E  conftest.c
configure:4613: $? = 0
configure:4627: /usr/bin/gcc -E  conftest.c
conftest.c:11:10: fatal error: ac_nonexistent.h: No such file or directory
   11 | #include <ac_nonexistent.h>
      |          ^~~~~~~~~~~~~~~~~~
compilation terminated.
configure:4627: $? = 1
configure: failed program was:
| /* confdefs.h */
| #define PACKAGE_NAME "bfd"
| #define PACKAGE_TARNAME "bfd"
| #define PACKAGE_VERSION "2.40"
| #define PACKAGE_STRING "bfd 2.40"
| #define PACKAGE_BUGREPORT ""
| #define PACKAGE_URL ""
| #define PACKAGE "bfd"
| #define VERSION "2.40"
| /* end confdefs.h.  */
| #include <ac_nonexistent.h>
configure:4652: result: /usr/bin/gcc -E
configure:4672: /usr/bin/gcc -E  conftest.c
configure:4672: $? = 0
configure:4686: /usr/bin/gcc -E  conftest.c
conftest.c:11:10: fatal error: ac_nonexistent.h: No such file or directory
   11 | #include <ac_nonexistent.h>
      |          ^~~~~~~~~~~~~~~~~~
compilation terminated.
configure:4686: $? = 1
configure: failed program was:
| /* confdefs.h */
| #define PACKAGE_NAME "bfd"
| #define PACKAGE_TARNAME "bfd"
| #define PACKAGE_VERSION "2.40"
| #define PACKAGE_STRING "bfd 2.40"
| #define PACKAGE_BUGREPORT ""
| #define PACKAGE_URL ""
| #define PACKAGE "bfd"
| #define VERSION "2.40"
| /* end confdefs.h.  */
| #include <ac_nonexistent.h>
configure:4715: checking for grep that handles long lines and -e
configure:4773: result: /usr/bin/grep
configure:4778: checking for egrep
configure:4840: result: /usr/bin/grep -E
configure:4845: checking for ANSI C header files
configure:4865: /usr/bin/gcc -c -O2 -I/home/erion/Projects/buildroot/output/host/include      conftest.c >&5
configure:4865: $? = 0
configure:4938: /usr/bin/gcc -o conftest -O2 -I/home/erion/Projects/buildroot/output/host/include       -L/home/erion/Projects/buildroot/output/host/lib -Wl,-rpath,/home/erion/Projects/buildroot/output/host/lib conftest.c  >&5
configure:4938: $? = 0
configure:4938: ./conftest
configure:4938: $? = 0
configure:4949: result: yes
configure:4962: checking for sys/types.h
configure:4962: /usr/bin/gcc -c -O2 -I/home/erion/Projects/buildroot/output/host/include      conftest.c >&5
configure:4962: $? = 0
configure:4962: result: yes
configure:4962: checking for sys/stat.h
configure:4962: /usr/bin/gcc -c -O2 -I/home/erion/Projects/buildroot/output/host/include      conftest.c >&5
configure:4962: $? = 0
configure:4962: result: yes
configure:4962: checking for stdlib.h
configure:4962: /usr/bin/gcc -c -O2 -I/home/erion/Projects/buildroot/output/host/include      conftest.c >&5
configure:4962: $? = 0
configure:4962: result: yes
configure:4962: checking for string.h
configure:4962: /usr/bin/gcc -c -O2 -I/home/erion/Projects/buildroot/output/host/include      conftest.c >&5
configure:4962: $? = 0
configure:4962: result: yes
configure:4962: checking for memory.h
configure:4962: /usr/bin/gcc -c -O2 -I/home/erion/Projects/buildroot/output/host/include      conftest.c >&5
configure:4962: $? = 0
configure:4962: result: yes
configure:4962: checking for strings.h
configure:4962: /usr/bin/gcc -c -O2 -I/home/erion/Projects/buildroot/output/host/include      conftest.c >&5
configure:4962: $? = 0
configure:4962: result: yes
configure:4962: checking for inttypes.h
configure:4962: /usr/bin/gcc -c -O2 -I/home/erion/Projects/buildroot/output/host/include      conftest.c >&5
configure:4962: $? = 0
configure:4962: result: yes
configure:4962: checking for stdint.h
configure:4962: /usr/bin/gcc -c -O2 -I/home/erion/Projects/buildroot/output/host/include      conftest.c >&5
configure:4962: $? = 0
configure:4962: result: yes
configure:4962: checking for unistd.h
configure:4962: /usr/bin/gcc -c -O2 -I/home/erion/Projects/buildroot/output/host/include      conftest.c >&5
configure:4962: $? = 0
configure:4962: result: yes
configure:4975: checking minix/config.h usability
configure:4975: /usr/bin/gcc -c -O2 -I/home/erion/Projects/buildroot/output/host/include      conftest.c >&5
conftest.c:54:10: fatal error: minix/config.h: No such file or directory
   54 | #include <minix/config.h>
      |          ^~~~~~~~~~~~~~~~
compilation terminated.
configure:4975: $? = 1
configure: failed program was:
| /* confdefs.h */
| #define PACKAGE_NAME "bfd"
| #define PACKAGE_TARNAME "bfd"
| #define PACKAGE_VERSION "2.40"
| #define PACKAGE_STRING "bfd 2.40"
| #define PACKAGE_BUGREPORT ""
| #define PACKAGE_URL ""
| #define PACKAGE "bfd"
| #define VERSION "2.40"
| #define STDC_HEADERS 1
| #define HAVE_SYS_TYPES_H 1
| #define HAVE_SYS_STAT_H 1
| #define HAVE_STDLIB_H 1
| #define HAVE_STRING_H 1
| #define HAVE_MEMORY_H 1
| #define HAVE_STRINGS_H 1
| #define HAVE_INTTYPES_H 1
| #define HAVE_STDINT_H 1
| #define HAVE_UNISTD_H 1
| /* end confdefs.h.  */
| #include <stdio.h>
| #ifdef HAVE_SYS_TYPES_H
| # include <sys/types.h>
| #endif
| #ifdef HAVE_SYS_STAT_H
| # include <sys/stat.h>
| #endif
| #ifdef STDC_HEADERS
| # include <stdlib.h>
| # include <stddef.h>
| #else
| # ifdef HAVE_STDLIB_H
| #  include <stdlib.h>
| # endif
| #endif
| #ifdef HAVE_STRING_H
| # if !defined STDC_HEADERS && defined HAVE_MEMORY_H
| #  include <memory.h>
| # endif
| # include <string.h>
| #endif
| #ifdef HAVE_STRINGS_H
| # include <strings.h>
| #endif
| #ifdef HAVE_INTTYPES_H
| # include <inttypes.h>
| #endif
| #ifdef HAVE_STDINT_H
| # include <stdint.h>
| #endif
| #ifdef HAVE_UNISTD_H
| # include <unistd.h>
| #endif
| #include <minix/config.h>
configure:4975: result: no
configure:4975: checking minix/config.h presence
configure:4975: /usr/bin/gcc -E  conftest.c
conftest.c:21:10: fatal error: minix/config.h: No such file or directory
   21 | #include <minix/config.h>
      |          ^~~~~~~~~~~~~~~~
compilation terminated.
configure:4975: $? = 1
configure: failed program was:
| /* confdefs.h */
| #define PACKAGE_NAME "bfd"
| #define PACKAGE_TARNAME "bfd"
| #define PACKAGE_VERSION "2.40"
| #define PACKAGE_STRING "bfd 2.40"
| #define PACKAGE_BUGREPORT ""
| #define PACKAGE_URL ""
| #define PACKAGE "bfd"
| #define VERSION "2.40"
| #define STDC_HEADERS 1
| #define HAVE_SYS_TYPES_H 1
| #define HAVE_SYS_STAT_H 1
| #define HAVE_STDLIB_H 1
| #define HAVE_STRING_H 1
| #define HAVE_MEMORY_H 1
| #define HAVE_STRINGS_H 1
| #define HAVE_INTTYPES_H 1
| #define HAVE_STDINT_H 1
| #define HAVE_UNISTD_H 1
| /* end confdefs.h.  */
| #include <minix/config.h>
configure:4975: result: no
configure:4975: checking for minix/config.h
configure:4975: result: no
configure:4996: checking whether it is safe to define __EXTENSIONS__
configure:5014: /usr/bin/gcc -c -O2 -I/home/erion/Projects/buildroot/output/host/include      conftest.c >&5
configure:5014: $? = 0
configure:5021: result: yes
configure:5084: checking how to print strings
configure:5111: result: printf
configure:5132: checking for a sed that does not truncate output
configure:5196: result: /usr/bin/sed
configure:5214: checking for fgrep
configure:5276: result: /usr/bin/grep -F
configure:5311: checking for ld used by /usr/bin/gcc
configure:5378: result: /usr/bin/ld
configure:5385: checking if the linker (/usr/bin/ld) is GNU ld
configure:5400: result: yes
configure:5412: checking for BSD- or MS-compatible name lister (nm)
configure:5468: result: /usr/bin/nm -B
configure:5598: checking the name lister (/usr/bin/nm -B) interface
configure:5605: /usr/bin/gcc -c -O2 -I/home/erion/Projects/buildroot/output/host/include      conftest.c >&5
configure:5608: /usr/bin/nm -B "conftest.o"
configure:5611: output
0000000000000000 B some_variable
configure:5618: result: BSD nm
configure:5621: checking whether ln -s works
configure:5625: result: yes
configure:5633: checking the maximum length of command line arguments
configure:5758: result: 1572864
configure:5775: checking whether the shell understands some XSI constructs
configure:5785: result: yes
configure:5789: checking whether the shell understands "+="
configure:5795: result: yes
configure:5830: checking for /usr/bin/ld option to reload object files
configure:5837: result: -r
configure:5866: checking for x86_64-pc-linux-gnu-objdump
configure:5893: result: objdump
configure:5965: checking how to recognize dependent libraries
configure:6166: result: pass_all
configure:6199: checking for x86_64-pc-linux-gnu-ar
configure:6226: result: /usr/bin/ar --plugin /usr/lib/gcc/x86_64-pc-linux-gnu/14.1.1/liblto_plugin.so
configure:6317: checking for x86_64-pc-linux-gnu-strip
configure:6347: result: no
configure:6357: checking for strip
configure:6373: found /usr/bin/strip
configure:6384: result: strip
configure:6416: checking for x86_64-pc-linux-gnu-ranlib
configure:6443: result: /usr/bin/ranlib --plugin /usr/lib/gcc/x86_64-pc-linux-gnu/14.1.1/liblto_plugin.so
configure:6590: checking command to parse /usr/bin/nm -B output from /usr/bin/gcc object
configure:6708: /usr/bin/gcc -c -O2 -I/home/erion/Projects/buildroot/output/host/include      conftest.c >&5
configure:6711: $? = 0
configure:6715: /usr/bin/nm -B conftest.o \| sed -n -e 's/^.*[ ]\([ABCDGIRSTW][ABCDGIRSTW]*\)[ ][ ]*\([_A-Za-z][_A-Za-z0-9]*\)$/\1 \2 \2/p' \> conftest.nm
configure:6718: $? = 0
configure:6772: /usr/bin/gcc -o conftest -O2 -I/home/erion/Projects/buildroot/output/host/include       -L/home/erion/Projects/buildroot/output/host/lib -Wl,-rpath,/home/erion/Projects/buildroot/output/host/lib conftest.c conftstm.o >&5
configure:6775: $? = 0
configure:6813: result: ok
configure:6908: /usr/bin/gcc -c -O2 -I/home/erion/Projects/buildroot/output/host/include      conftest.c >&5
configure:6911: $? = 0
configure:7661: checking for dlfcn.h
configure:7661: /usr/bin/gcc -c -O2 -I/home/erion/Projects/buildroot/output/host/include      conftest.c >&5
configure:7661: $? = 0
configure:7661: result: yes
configure:7817: checking for objdir
configure:7832: result: .libs
configure:8103: checking if /usr/bin/gcc supports -fno-rtti -fno-exceptions
configure:8121: /usr/bin/gcc -c -O2 -I/home/erion/Projects/buildroot/output/host/include      -fno-rtti -fno-exceptions conftest.c >&5
cc1: warning: command-line option '-fno-rtti' is valid for C++/D/ObjC++ but not for C
configure:8125: $? = 0
configure:8138: result: no
configure:8158: checking for /usr/bin/gcc option to produce PIC
configure:8444: result: -fPIC -DPIC
configure:8456: checking if /usr/bin/gcc PIC flag -fPIC -DPIC works
configure:8474: /usr/bin/gcc -c -O2 -I/home/erion/Projects/buildroot/output/host/include      -fPIC -DPIC -DPIC conftest.c >&5
configure:8478: $? = 0
configure:8491: result: yes
configure:8515: checking if /usr/bin/gcc static flag -static works
configure:8543: result: yes
configure:8558: checking if /usr/bin/gcc supports -c -o file.o
configure:8579: /usr/bin/gcc -c -O2 -I/home/erion/Projects/buildroot/output/host/include      -o out/conftest2.o conftest.c >&5
configure:8583: $? = 0
configure:8605: result: yes
configure:8613: checking if /usr/bin/gcc supports -c -o file.o
configure:8660: result: yes
configure:8693: checking whether the /usr/bin/gcc linker (/usr/bin/ld -m elf_x86_64) supports shared libraries
configure:9764: result: yes
configure:10009: checking dynamic linker characteristics
configure:10450: /usr/bin/gcc -o conftest -O2 -I/home/erion/Projects/buildroot/output/host/include       -L/home/erion/Projects/buildroot/output/host/lib -Wl,-rpath,/home/erion/Projects/buildroot/output/host/lib -Wl,-rpath -Wl,/foo conftest.c  >&5
configure:10450: $? = 0
configure:10672: result: GNU/Linux ld.so
configure:10779: checking how to hardcode library paths into programs
configure:10804: result: immediate
configure:10898: checking for shl_load
configure:10898: /usr/bin/gcc -o conftest -O2 -I/home/erion/Projects/buildroot/output/host/include       -L/home/erion/Projects/buildroot/output/host/lib -Wl,-rpath,/home/erion/Projects/buildroot/output/host/lib conftest.c  >&5
/usr/bin/ld: /tmp/ccU6wjee.o: in function `main':
conftest.c:(.text.startup+0x7): undefined reference to `shl_load'
collect2: error: ld returned 1 exit status
configure:10898: $? = 1
configure: failed program was:
| /* confdefs.h */
| #define PACKAGE_NAME "bfd"
| #define PACKAGE_TARNAME "bfd"
| #define PACKAGE_VERSION "2.40"
| #define PACKAGE_STRING "bfd 2.40"
| #define PACKAGE_BUGREPORT ""
| #define PACKAGE_URL ""
| #define PACKAGE "bfd"
| #define VERSION "2.40"
| #define STDC_HEADERS 1
| #define HAVE_SYS_TYPES_H 1
| #define HAVE_SYS_STAT_H 1
| #define HAVE_STDLIB_H 1
| #define HAVE_STRING_H 1
| #define HAVE_MEMORY_H 1
| #define HAVE_STRINGS_H 1
| #define HAVE_INTTYPES_H 1
| #define HAVE_STDINT_H 1
| #define HAVE_UNISTD_H 1
| #define __EXTENSIONS__ 1
| #define _ALL_SOURCE 1
| #define _GNU_SOURCE 1
| #define _POSIX_PTHREAD_SEMANTICS 1
| #define _TANDEM_SOURCE 1
| #define HAVE_DLFCN_H 1
| #define LT_OBJDIR ".libs/"
| /* end confdefs.h.  */
| /* Define shl_load to an innocuous variant, in case <limits.h> declares shl_load.
|    For example, HP-UX 11i <limits.h> declares gettimeofday.  */
| #define shl_load innocuous_shl_load
| 
| /* System header to define __stub macros and hopefully few prototypes,
|     which can conflict with char shl_load (); below.
|     Prefer <limits.h> to <assert.h> if __STDC__ is defined, since
|     <limits.h> exists even on freestanding compilers.  */
| 
| #ifdef __STDC__
| # include <limits.h>
| #else
| # include <assert.h>
| #endif
| 
| #undef shl_load
| 
| /* Override any GCC internal prototype to avoid an error.
|    Use char because int might match the return type of a GCC
|    builtin and then its argument prototype would still apply.  */
| #ifdef __cplusplus
| extern "C"
| #endif
| char shl_load ();
| /* The GNU C library defines this for functions which it implements
|     to always fail with ENOSYS.  Some functions are actually named
|     something starting with __ and the normal name is an alias.  */
| #if defined __stub_shl_load || defined __stub___shl_load
| choke me
| #endif
| 
| int
| main ()
| {
| return shl_load ();
|   ;
|   return 0;
| }
configure:10898: result: no
configure:10902: checking for shl_load in -ldld
configure:10927: /usr/bin/gcc -o conftest -O2 -I/home/erion/Projects/buildroot/output/host/include       -L/home/erion/Projects/buildroot/output/host/lib -Wl,-rpath,/home/erion/Projects/buildroot/output/host/lib conftest.c -ldld   >&5
/usr/bin/ld: cannot find -ldld: No such file or directory
collect2: error: ld returned 1 exit status
configure:10927: $? = 1
configure: failed program was:
| /* confdefs.h */
| #define PACKAGE_NAME "bfd"
| #define PACKAGE_TARNAME "bfd"
| #define PACKAGE_VERSION "2.40"
| #define PACKAGE_STRING "bfd 2.40"
| #define PACKAGE_BUGREPORT ""
| #define PACKAGE_URL ""
| #define PACKAGE "bfd"
| #define VERSION "2.40"
| #define STDC_HEADERS 1
| #define HAVE_SYS_TYPES_H 1
| #define HAVE_SYS_STAT_H 1
| #define HAVE_STDLIB_H 1
| #define HAVE_STRING_H 1
| #define HAVE_MEMORY_H 1
| #define HAVE_STRINGS_H 1
| #define HAVE_INTTYPES_H 1
| #define HAVE_STDINT_H 1
| #define HAVE_UNISTD_H 1
| #define __EXTENSIONS__ 1
| #define _ALL_SOURCE 1
| #define _GNU_SOURCE 1
| #define _POSIX_PTHREAD_SEMANTICS 1
| #define _TANDEM_SOURCE 1
| #define HAVE_DLFCN_H 1
| #define LT_OBJDIR ".libs/"
| /* end confdefs.h.  */
| 
| /* Override any GCC internal prototype to avoid an error.
|    Use char because int might match the return type of a GCC
|    builtin and then its argument prototype would still apply.  */
| #ifdef __cplusplus
| extern "C"
| #endif
| char shl_load ();
| int
| main ()
| {
| return shl_load ();
|   ;
|   return 0;
| }
configure:10936: result: no
configure:10941: checking for dlopen
configure:10941: /usr/bin/gcc -o conftest -O2 -I/home/erion/Projects/buildroot/output/host/include       -L/home/erion/Projects/buildroot/output/host/lib -Wl,-rpath,/home/erion/Projects/buildroot/output/host/lib conftest.c  >&5
configure:10941: $? = 0
configure:10941: result: yes
configure:11098: checking whether a program can dlopen itself
configure:11178: /usr/bin/gcc -o conftest -O2 -I/home/erion/Projects/buildroot/output/host/include      -DHAVE_DLFCN_H  -L/home/erion/Projects/buildroot/output/host/lib -Wl,-rpath,/home/erion/Projects/buildroot/output/host/lib -Wl,--export-dynamic conftest.c   >&5
configure:11181: $? = 0
configure:11199: result: yes
configure:11204: checking whether a statically linked program can dlopen itself
configure:11284: /usr/bin/gcc -o conftest -O2 -I/home/erion/Projects/buildroot/output/host/include      -DHAVE_DLFCN_H  -L/home/erion/Projects/buildroot/output/host/lib -Wl,-rpath,/home/erion/Projects/buildroot/output/host/lib -Wl,--export-dynamic -static conftest.c   >&5
/usr/bin/ld: /tmp/ccYyULSb.o: in function `main':
conftest.c:(.text.startup+0x9): warning: Using 'dlopen' in statically linked applications requires at runtime the shared libraries from the glibc version used for linking
configure:11287: $? = 0
conftest: undefined symbol: _fnord
configure:11305: result: no
configure:11344: checking whether stripping libraries is possible
configure:11349: result: yes
configure:11384: checking if libtool supports shared libraries
configure:11386: result: yes
configure:11389: checking whether to build shared libraries
configure:11410: result: no
configure:11413: checking whether to build static libraries
configure:11417: result: yes
configure:11467: checking for dlfcn.h
configure:11467: result: yes
configure:11480: checking for windows.h
configure:11480: /usr/bin/gcc -c -O2 -I/home/erion/Projects/buildroot/output/host/include      conftest.c >&5
conftest.c:63:10: fatal error: windows.h: No such file or directory
   63 | #include <windows.h>
      |          ^~~~~~~~~~~
compilation terminated.
configure:11480: $? = 1
configure: failed program was:
| /* confdefs.h */
| #define PACKAGE_NAME "bfd"
| #define PACKAGE_TARNAME "bfd"
| #define PACKAGE_VERSION "2.40"
| #define PACKAGE_STRING "bfd 2.40"
| #define PACKAGE_BUGREPORT ""
| #define PACKAGE_URL ""
| #define PACKAGE "bfd"
| #define VERSION "2.40"
| #define STDC_HEADERS 1
| #define HAVE_SYS_TYPES_H 1
| #define HAVE_SYS_STAT_H 1
| #define HAVE_STDLIB_H 1
| #define HAVE_STRING_H 1
| #define HAVE_MEMORY_H 1
| #define HAVE_STRINGS_H 1
| #define HAVE_INTTYPES_H 1
| #define HAVE_STDINT_H 1
| #define HAVE_UNISTD_H 1
| #define __EXTENSIONS__ 1
| #define _ALL_SOURCE 1
| #define _GNU_SOURCE 1
| #define _POSIX_PTHREAD_SEMANTICS 1
| #define _TANDEM_SOURCE 1
| #define HAVE_DLFCN_H 1
| #define LT_OBJDIR ".libs/"
| #define HAVE_DLFCN_H 1
| /* end confdefs.h.  */
| #include <stdio.h>
| #ifdef HAVE_SYS_TYPES_H
| # include <sys/types.h>
| #endif
| #ifdef HAVE_SYS_STAT_H
| # include <sys/stat.h>
| #endif
| #ifdef STDC_HEADERS
| # include <stdlib.h>
| # include <stddef.h>
| #else
| # ifdef HAVE_STDLIB_H
| #  include <stdlib.h>
| # endif
| #endif
| #ifdef HAVE_STRING_H
| # if !defined STDC_HEADERS && defined HAVE_MEMORY_H
| #  include <memory.h>
| # endif
| # include <string.h>
| #endif
| #ifdef HAVE_STRINGS_H
| # include <strings.h>
| #endif
| #ifdef HAVE_INTTYPES_H
| # include <inttypes.h>
| #endif
| #ifdef HAVE_STDINT_H
| # include <stdint.h>
| #endif
| #ifdef HAVE_UNISTD_H
| # include <unistd.h>
| #endif
| 
| #include <windows.h>
configure:11480: result: no
configure:11507: checking for library containing dlsym
configure:11538: /usr/bin/gcc -o conftest -O2 -I/home/erion/Projects/buildroot/output/host/include       -L/home/erion/Projects/buildroot/output/host/lib -Wl,-rpath,/home/erion/Projects/buildroot/output/host/lib conftest.c  >&5
configure:11538: $? = 0
configure:11555: result: none required
configure:11627: checking for special C compiler options needed for large files
configure:11672: result: no
configure:11678: checking for _FILE_OFFSET_BITS value needed for large files
configure:11703: /usr/bin/gcc -c -O2 -I/home/erion/Projects/buildroot/output/host/include      conftest.c >&5
configure:11703: $? = 0
configure:11735: result: no
configure:11890: checking size of void *
configure:11895: /usr/bin/gcc -o conftest -O2 -I/home/erion/Projects/buildroot/output/host/include       -L/home/erion/Projects/buildroot/output/host/lib -Wl,-rpath,/home/erion/Projects/buildroot/output/host/lib conftest.c  >&5
configure:11895: $? = 0
configure:11895: ./conftest
configure:11895: $? = 0
configure:11909: result: 8
configure:12264: checking whether to enable maintainer-specific portions of Makefiles
configure:12273: result: no
configure:12309: checking whether to install libbfd
configure:12322: result: no
configure:12372: checking whether NLS is requested
configure:12375: result: no
configure:12443: checking whether NLS is requested
configure:12452: result: no
configure:12490: checking for msgfmt
configure:12521: result: /usr/bin/msgfmt
configure:12530: checking for gmsgfmt
configure:12561: result: /usr/bin/msgfmt
configure:12601: checking for xgettext
configure:12632: result: /usr/bin/xgettext
configure:12672: checking for msgmerge
configure:12702: result: /usr/bin/msgmerge
configure:12748: checking size of long long
configure:12753: /usr/bin/gcc -o conftest -O2 -I/home/erion/Projects/buildroot/output/host/include       -L/home/erion/Projects/buildroot/output/host/lib -Wl,-rpath,/home/erion/Projects/buildroot/output/host/lib conftest.c  >&5
configure:12753: $? = 0
configure:12753: ./conftest
configure:12753: $? = 0
configure:12767: result: 8
configure:12781: checking size of void *
configure:12800: result: 8
configure:12814: checking size of long
configure:12819: /usr/bin/gcc -o conftest -O2 -I/home/erion/Projects/buildroot/output/host/include       -L/home/erion/Projects/buildroot/output/host/lib -Wl,-rpath,/home/erion/Projects/buildroot/output/host/lib conftest.c  >&5
configure:12819: $? = 0
configure:12819: ./conftest
configure:12819: $? = 0
configure:12833: result: 8
configure:12847: checking size of int
configure:12852: /usr/bin/gcc -o conftest -O2 -I/home/erion/Projects/buildroot/output/host/include       -L/home/erion/Projects/buildroot/output/host/lib -Wl,-rpath,/home/erion/Projects/buildroot/output/host/lib conftest.c  >&5
configure:12852: $? = 0
configure:12852: ./conftest
configure:12852: $? = 0
configure:12866: result: 4
configure:12923: checking fcntl.h usability
configure:12923: /usr/bin/gcc -c -O2 -I/home/erion/Projects/buildroot/output/host/include      conftest.c >&5
configure:12923: $? = 0
configure:12923: result: yes
configure:12923: checking fcntl.h presence
configure:12923: /usr/bin/gcc -E  conftest.c
configure:12923: $? = 0
configure:12923: result: yes
configure:12923: checking for fcntl.h
configure:12923: result: yes
configure:12923: checking sys/file.h usability
configure:12923: /usr/bin/gcc -c -O2 -I/home/erion/Projects/buildroot/output/host/include      conftest.c >&5
configure:12923: $? = 0
configure:12923: result: yes
configure:12923: checking sys/file.h presence
configure:12923: /usr/bin/gcc -E  conftest.c
configure:12923: $? = 0
configure:12923: result: yes
configure:12923: checking for sys/file.h
configure:12923: result: yes
configure:12923: checking sys/resource.h usability
configure:12923: /usr/bin/gcc -c -O2 -I/home/erion/Projects/buildroot/output/host/include      conftest.c >&5
configure:12923: $? = 0
configure:12923: result: yes
configure:12923: checking sys/resource.h presence
configure:12923: /usr/bin/gcc -E  conftest.c
configure:12923: $? = 0
configure:12923: result: yes
configure:12923: checking for sys/resource.h
configure:12923: result: yes
configure:12923: checking for sys/stat.h
configure:12923: result: yes
configure:12923: checking for sys/types.h
configure:12923: result: yes
configure:12923: checking for unistd.h
configure:12923: result: yes
configure:12938: checking for fcntl
configure:12938: /usr/bin/gcc -o conftest -O2 -I/home/erion/Projects/buildroot/output/host/include       -L/home/erion/Projects/buildroot/output/host/lib -Wl,-rpath,/home/erion/Projects/buildroot/output/host/lib conftest.c  >&5
configure:12938: $? = 0
configure:12938: result: yes
configure:12938: checking for fdopen
configure:12938: /usr/bin/gcc -o conftest -O2 -I/home/erion/Projects/buildroot/output/host/include       -L/home/erion/Projects/buildroot/output/host/lib -Wl,-rpath,/home/erion/Projects/buildroot/output/host/lib conftest.c  >&5
configure:12938: $? = 0
configure:12938: result: yes
configure:12938: checking for fileno
configure:12938: /usr/bin/gcc -o conftest -O2 -I/home/erion/Projects/buildroot/output/host/include       -L/home/erion/Projects/buildroot/output/host/lib -Wl,-rpath,/home/erion/Projects/buildroot/output/host/lib conftest.c  >&5
configure:12938: $? = 0
configure:12938: result: yes
configure:12938: checking for fls
configure:12938: /usr/bin/gcc -o conftest -O2 -I/home/erion/Projects/buildroot/output/host/include       -L/home/erion/Projects/buildroot/output/host/lib -Wl,-rpath,/home/erion/Projects/buildroot/output/host/lib conftest.c  >&5
/usr/bin/ld: /tmp/ccTPImSg.o: in function `main':
conftest.c:(.text.startup+0x7): undefined reference to `fls'
collect2: error: ld returned 1 exit status
configure:12938: $? = 1
configure: failed program was:
| /* confdefs.h */
| #define PACKAGE_NAME "bfd"
| #define PACKAGE_TARNAME "bfd"
| #define PACKAGE_VERSION "2.40"
| #define PACKAGE_STRING "bfd 2.40"
| #define PACKAGE_BUGREPORT ""
| #define PACKAGE_URL ""
| #define PACKAGE "bfd"
| #define VERSION "2.40"
| #define STDC_HEADERS 1
| #define HAVE_SYS_TYPES_H 1
| #define HAVE_SYS_STAT_H 1
| #define HAVE_STDLIB_H 1
| #define HAVE_STRING_H 1
| #define HAVE_MEMORY_H 1
| #define HAVE_STRINGS_H 1
| #define HAVE_INTTYPES_H 1
| #define HAVE_STDINT_H 1
| #define HAVE_UNISTD_H 1
| #define __EXTENSIONS__ 1
| #define _ALL_SOURCE 1
| #define _GNU_SOURCE 1
| #define _POSIX_PTHREAD_SEMANTICS 1
| #define _TANDEM_SOURCE 1
| #define HAVE_DLFCN_H 1
| #define LT_OBJDIR ".libs/"
| #define HAVE_DLFCN_H 1
| #define SIZEOF_VOID_P 8
| #define USE_SECUREPLT 1
| #define DEFAULT_LD_Z_SEPARATE_CODE 0
| #define SIZEOF_LONG_LONG 8
| #define SIZEOF_VOID_P 8
| #define SIZEOF_LONG 8
| #define SIZEOF_INT 4
| #define HAVE_FCNTL_H 1
| #define HAVE_SYS_FILE_H 1
| #define HAVE_SYS_RESOURCE_H 1
| #define HAVE_SYS_STAT_H 1
| #define HAVE_SYS_TYPES_H 1
| #define HAVE_UNISTD_H 1
| #define HAVE_FCNTL 1
| #define HAVE_FDOPEN 1
| #define HAVE_FILENO 1
| /* end confdefs.h.  */
| /* Define fls to an innocuous variant, in case <limits.h> declares fls.
|    For example, HP-UX 11i <limits.h> declares gettimeofday.  */
| #define fls innocuous_fls
| 
| /* System header to define __stub macros and hopefully few prototypes,
|     which can conflict with char fls (); below.
|     Prefer <limits.h> to <assert.h> if __STDC__ is defined, since
|     <limits.h> exists even on freestanding compilers.  */
| 
| #ifdef __STDC__
| # include <limits.h>
| #else
| # include <assert.h>
| #endif
| 
| #undef fls
| 
| /* Override any GCC internal prototype to avoid an error.
|    Use char because int might match the return type of a GCC
|    builtin and then its argument prototype would still apply.  */
| #ifdef __cplusplus
| extern "C"
| #endif
| char fls ();
| /* The GNU C library defines this for functions which it implements
|     to always fail with ENOSYS.  Some functions are actually named
|     something starting with __ and the normal name is an alias.  */
| #if defined __stub_fls || defined __stub___fls
| choke me
| #endif
| 
| int
| main ()
| {
| return fls ();
|   ;
|   return 0;
| }
configure:12938: result: no
configure:12938: checking for getgid
configure:12938: /usr/bin/gcc -o conftest -O2 -I/home/erion/Projects/buildroot/output/host/include       -L/home/erion/Projects/buildroot/output/host/lib -Wl,-rpath,/home/erion/Projects/buildroot/output/host/lib conftest.c  >&5
configure:12938: $? = 0
configure:12938: result: yes
configure:12938: checking for getpagesize
configure:12938: /usr/bin/gcc -o conftest -O2 -I/home/erion/Projects/buildroot/output/host/include       -L/home/erion/Projects/buildroot/output/host/lib -Wl,-rpath,/home/erion/Projects/buildroot/output/host/lib conftest.c  >&5
configure:12938: $? = 0
configure:12938: result: yes
configure:12938: checking for getrlimit
configure:12938: /usr/bin/gcc -o conftest -O2 -I/home/erion/Projects/buildroot/output/host/include       -L/home/erion/Projects/buildroot/output/host/lib -Wl,-rpath,/home/erion/Projects/buildroot/output/host/lib conftest.c  >&5
configure:12938: $? = 0
configure:12938: result: yes
configure:12938: checking for getuid
configure:12938: /usr/bin/gcc -o conftest -O2 -I/home/erion/Projects/buildroot/output/host/include       -L/home/erion/Projects/buildroot/output/host/lib -Wl,-rpath,/home/erion/Projects/buildroot/output/host/lib conftest.c  >&5
configure:12938: $? = 0
configure:12938: result: yes
configure:12938: checking for sysconf
configure:12938: /usr/bin/gcc -o conftest -O2 -I/home/erion/Projects/buildroot/output/host/include       -L/home/erion/Projects/buildroot/output/host/lib -Wl,-rpath,/home/erion/Projects/buildroot/output/host/lib conftest.c  >&5
configure:12938: $? = 0
configure:12938: result: yes
configure:12948: checking whether basename is declared
configure:12948: /usr/bin/gcc -c -O2 -I/home/erion/Projects/buildroot/output/host/include      conftest.c >&5
configure:12948: $? = 0
configure:12948: result: yes
configure:12958: checking whether ffs is declared
configure:12958: /usr/bin/gcc -c -O2 -I/home/erion/Projects/buildroot/output/host/include      conftest.c >&5
configure:12958: $? = 0
configure:12958: result: yes
configure:12968: checking whether stpcpy is declared
configure:12968: /usr/bin/gcc -c -O2 -I/home/erion/Projects/buildroot/output/host/include      conftest.c >&5
configure:12968: $? = 0
configure:12968: result: yes
configure:12978: checking whether asprintf is declared
configure:12978: /usr/bin/gcc -c -O2 -I/home/erion/Projects/buildroot/output/host/include      conftest.c >&5
configure:12978: $? = 0
configure:12978: result: yes
configure:12988: checking whether vasprintf is declared
configure:12988: /usr/bin/gcc -c -O2 -I/home/erion/Projects/buildroot/output/host/include      conftest.c >&5
configure:12988: $? = 0
configure:12988: result: yes
configure:12998: checking whether strnlen is declared
configure:12998: /usr/bin/gcc -c -O2 -I/home/erion/Projects/buildroot/output/host/include      conftest.c >&5
configure:12998: $? = 0
configure:12998: result: yes
configure:13009: checking whether ___lc_codepage_func is declared
configure:13009: /usr/bin/gcc -c -O2 -I/home/erion/Projects/buildroot/output/host/include      conftest.c >&5
conftest.c: In function 'main':
conftest.c:65:10: error: '___lc_codepage_func' undeclared (first use in this function)
   65 |   (void) ___lc_codepage_func;
      |          ^~~~~~~~~~~~~~~~~~~
conftest.c:65:10: note: each undeclared identifier is reported only once for each function it appears in
configure:13009: $? = 1
configure: failed program was:
| /* confdefs.h */
| #define PACKAGE_NAME "bfd"
| #define PACKAGE_TARNAME "bfd"
| #define PACKAGE_VERSION "2.40"
| #define PACKAGE_STRING "bfd 2.40"
| #define PACKAGE_BUGREPORT ""
| #define PACKAGE_URL ""
| #define PACKAGE "bfd"
| #define VERSION "2.40"
| #define STDC_HEADERS 1
| #define HAVE_SYS_TYPES_H 1
| #define HAVE_SYS_STAT_H 1
| #define HAVE_STDLIB_H 1
| #define HAVE_STRING_H 1
| #define HAVE_MEMORY_H 1
| #define HAVE_STRINGS_H 1
| #define HAVE_INTTYPES_H 1
| #define HAVE_STDINT_H 1
| #define HAVE_UNISTD_H 1
| #define __EXTENSIONS__ 1
| #define _ALL_SOURCE 1
| #define _GNU_SOURCE 1
| #define _POSIX_PTHREAD_SEMANTICS 1
| #define _TANDEM_SOURCE 1
| #define HAVE_DLFCN_H 1
| #define LT_OBJDIR ".libs/"
| #define HAVE_DLFCN_H 1
| #define SIZEOF_VOID_P 8
| #define USE_SECUREPLT 1
| #define DEFAULT_LD_Z_SEPARATE_CODE 0
| #define SIZEOF_LONG_LONG 8
| #define SIZEOF_VOID_P 8
| #define SIZEOF_LONG 8
| #define SIZEOF_INT 4
| #define HAVE_FCNTL_H 1
| #define HAVE_SYS_FILE_H 1
| #define HAVE_SYS_RESOURCE_H 1
| #define HAVE_SYS_STAT_H 1
| #define HAVE_SYS_TYPES_H 1
| #define HAVE_UNISTD_H 1
| #define HAVE_FCNTL 1
| #define HAVE_FDOPEN 1
| #define HAVE_FILENO 1
| #define HAVE_GETGID 1
| #define HAVE_GETPAGESIZE 1
| #define HAVE_GETRLIMIT 1
| #define HAVE_GETUID 1
| #define HAVE_SYSCONF 1
| #define HAVE_DECL_BASENAME 1
| #define HAVE_DECL_FFS 1
| #define HAVE_DECL_STPCPY 1
| #define HAVE_DECL_ASPRINTF 1
| #define HAVE_DECL_VASPRINTF 1
| #define HAVE_DECL_STRNLEN 1
| /* end confdefs.h.  */
| #include <locale.h>
| 
| int
| main ()
| {
| #ifndef ___lc_codepage_func
| #ifdef __cplusplus
|   (void) ___lc_codepage_func;
| #else
|   (void) ___lc_codepage_func;
| #endif
| #endif
| 
|   ;
|   return 0;
| }
configure:13009: result: no
configure:13158: checking pkg-config is at least version 0.9.0
configure:13161: result: yes
configure:13293: checking compiler support for hidden visibility
configure:13311: /usr/bin/gcc -c -O2 -I/home/erion/Projects/buildroot/output/host/include     -Werror  conftest.c >&5
configure:13311: $? = 0
configure:13318: result: yes
configure:13328: checking linker --as-needed support
configure:13339: result: yes
configure:13430: checking for cos in -lm
configure:13455: /usr/bin/gcc -o conftest -O2 -I/home/erion/Projects/buildroot/output/host/include       -L/home/erion/Projects/buildroot/output/host/lib -Wl,-rpath,/home/erion/Projects/buildroot/output/host/lib conftest.c -lm   >&5
conftest.c:65:6: warning: conflicting types for built-in function 'cos'; expected 'double(double)' [-Wbuiltin-declaration-mismatch]
   65 | char cos ();
      |      ^~~
conftest.c:1:1: note: 'cos' is declared in header '<math.h>'
    1 | /* confdefs.h */
configure:13455: $? = 0
configure:13464: result: yes
configure:13969: checking for gcc version with buggy 64-bit support
configure:13982: result: no
configure:15020: checking for ftello
configure:15020: /usr/bin/gcc -o conftest -O2 -I/home/erion/Projects/buildroot/output/host/include       -L/home/erion/Projects/buildroot/output/host/lib -Wl,-rpath,/home/erion/Projects/buildroot/output/host/lib conftest.c  >&5
configure:15020: $? = 0
configure:15020: result: yes
configure:15020: checking for ftello64
configure:15020: /usr/bin/gcc -o conftest -O2 -I/home/erion/Projects/buildroot/output/host/include       -L/home/erion/Projects/buildroot/output/host/lib -Wl,-rpath,/home/erion/Projects/buildroot/output/host/lib conftest.c  >&5
configure:15020: $? = 0
configure:15020: result: yes
configure:15020: checking for fseeko
configure:15020: /usr/bin/gcc -o conftest -O2 -I/home/erion/Projects/buildroot/output/host/include       -L/home/erion/Projects/buildroot/output/host/lib -Wl,-rpath,/home/erion/Projects/buildroot/output/host/lib conftest.c  >&5
configure:15020: $? = 0
configure:15020: result: yes
configure:15020: checking for fseeko64
configure:15020: /usr/bin/gcc -o conftest -O2 -I/home/erion/Projects/buildroot/output/host/include       -L/home/erion/Projects/buildroot/output/host/lib -Wl,-rpath,/home/erion/Projects/buildroot/output/host/lib conftest.c  >&5
configure:15020: $? = 0
configure:15020: result: yes
configure:15020: checking for fopen64
configure:15020: /usr/bin/gcc -o conftest -O2 -I/home/erion/Projects/buildroot/output/host/include       -L/home/erion/Projects/buildroot/output/host/lib -Wl,-rpath,/home/erion/Projects/buildroot/output/host/lib conftest.c  >&5
configure:15020: $? = 0
configure:15020: result: yes
configure:15029: checking whether ftello is declared
configure:15029: /usr/bin/gcc -c -O2 -I/home/erion/Projects/buildroot/output/host/include      conftest.c >&5
configure:15029: $? = 0
configure:15029: result: yes
configure:15039: checking whether ftello64 is declared
configure:15039: /usr/bin/gcc -c -O2 -I/home/erion/Projects/buildroot/output/host/include      conftest.c >&5
configure:15039: $? = 0
configure:15039: result: yes
configure:15049: checking whether fseeko is declared
configure:15049: /usr/bin/gcc -c -O2 -I/home/erion/Projects/buildroot/output/host/include      conftest.c >&5
configure:15049: $? = 0
configure:15049: result: yes
configure:15059: checking whether fseeko64 is declared
configure:15059: /usr/bin/gcc -c -O2 -I/home/erion/Projects/buildroot/output/host/include      conftest.c >&5
configure:15059: $? = 0
configure:15059: result: yes
configure:15069: checking whether fopen64 is declared
configure:15069: /usr/bin/gcc -c -O2 -I/home/erion/Projects/buildroot/output/host/include      conftest.c >&5
configure:15069: $? = 0
configure:15069: result: yes
configure:15085: checking size of off_t
configure:15090: /usr/bin/gcc -o conftest -O2 -I/home/erion/Projects/buildroot/output/host/include       -L/home/erion/Projects/buildroot/output/host/lib -Wl,-rpath,/home/erion/Projects/buildroot/output/host/lib conftest.c  >&5
configure:15090: $? = 0
configure:15090: ./conftest
configure:15090: $? = 0
configure:15104: result: 8
configure:15115: checking file_ptr type
configure:15124: result: int64_t
configure:15135: checking for stdlib.h
configure:15135: result: yes
configure:15135: checking for unistd.h
configure:15135: result: yes
configure:15135: checking for sys/param.h
configure:15135: /usr/bin/gcc -c -O2 -I/home/erion/Projects/buildroot/output/host/include      conftest.c >&5
configure:15135: $? = 0
configure:15135: result: yes
configure:15155: checking for getpagesize
configure:15155: result: yes
configure:15164: checking for working mmap
configure:15311: /usr/bin/gcc -o conftest -O2 -I/home/erion/Projects/buildroot/output/host/include       -L/home/erion/Projects/buildroot/output/host/lib -Wl,-rpath,/home/erion/Projects/buildroot/output/host/lib conftest.c  >&5
configure:15311: $? = 0
configure:15311: ./conftest
configure:15311: $? = 0
configure:15321: result: yes
configure:15333: checking for madvise
configure:15333: /usr/bin/gcc -o conftest -O2 -I/home/erion/Projects/buildroot/output/host/include       -L/home/erion/Projects/buildroot/output/host/lib -Wl,-rpath,/home/erion/Projects/buildroot/output/host/lib conftest.c  >&5
configure:15333: $? = 0
configure:15333: result: yes
configure:15333: checking for mprotect
configure:15333: /usr/bin/gcc -o conftest -O2 -I/home/erion/Projects/buildroot/output/host/include       -L/home/erion/Projects/buildroot/output/host/lib -Wl,-rpath,/home/erion/Projects/buildroot/output/host/lib conftest.c  >&5
configure:15333: $? = 0
configure:15333: result: yes
configure:15416: updating cache ./config.cache
configure:15460: checking that generated files are newer than configure
configure:15466: result: done
configure:15509: creating ./config.status

## ---------------------- ##
## Running config.status. ##
## ---------------------- ##

This file was extended by bfd config.status 2.40, which was
generated by GNU Autoconf 2.69.  Invocation command line was

  CONFIG_FILES    = 
  CONFIG_HEADERS  = 
  CONFIG_LINKS    = 
  CONFIG_COMMANDS = 
  $ ./config.status 

on archlinux

config.status:1208: creating Makefile
config.status:1208: creating bfd-in3.h
config.status:1208: creating po/Makefile.in
config.status:1208: creating config.h
config.status:1437: executing depfiles commands
config.status:1437: executing libtool commands
config.status:1437: executing default-1 commands
config.status:1437: executing default commands

## ---------------- ##
## Cache variables. ##
## ---------------- ##

ac_cv_build=x86_64-pc-linux-gnu
ac_cv_c_compiler_gnu=yes
ac_cv_env_CC_set=set
ac_cv_env_CC_value=/usr/bin/gcc
ac_cv_env_CFLAGS_set=set
ac_cv_env_CFLAGS_value='-O2 -I/home/erion/Projects/buildroot/output/host/include    '
ac_cv_env_CPPFLAGS_set=
ac_cv_env_CPPFLAGS_value=
ac_cv_env_CPP_set=
ac_cv_env_CPP_value=
ac_cv_env_LDFLAGS_set=set
ac_cv_env_LDFLAGS_value=' -L/home/erion/Projects/buildroot/output/host/lib -Wl,-rpath,/home/erion/Projects/buildroot/output/host/lib'
ac_cv_env_LIBS_set=
ac_cv_env_LIBS_value=
ac_cv_env_PKG_CONFIG_LIBDIR_set=set
ac_cv_env_PKG_CONFIG_LIBDIR_value=/home/erion/Projects/buildroot/output/host/lib/pkgconfig:/home/erion/Projects/buildroot/output/host/share/pkgconfig
ac_cv_env_PKG_CONFIG_PATH_set=set
ac_cv_env_PKG_CONFIG_PATH_value=
ac_cv_env_PKG_CONFIG_set=set
ac_cv_env_PKG_CONFIG_value=/home/erion/Projects/buildroot/output/host/bin/pkg-config
ac_cv_env_ZSTD_CFLAGS_set=
ac_cv_env_ZSTD_CFLAGS_value=
ac_cv_env_ZSTD_LIBS_set=
ac_cv_env_ZSTD_LIBS_value=
ac_cv_env_build_alias_set=set
ac_cv_env_build_alias_value=x86_64-pc-linux-gnu
ac_cv_env_host_alias_set=set
ac_cv_env_host_alias_value=x86_64-pc-linux-gnu
ac_cv_env_target_alias_set=set
ac_cv_env_target_alias_value=aarch64-buildroot-linux-gnu
ac_cv_func_dlopen=yes
ac_cv_func_fcntl=yes
ac_cv_func_fdopen=yes
ac_cv_func_fileno=yes
ac_cv_func_fls=no
ac_cv_func_fopen64=yes
ac_cv_func_fseeko64=yes
ac_cv_func_fseeko=yes
ac_cv_func_ftello64=yes
ac_cv_func_ftello=yes
ac_cv_func_getgid=yes
ac_cv_func_getpagesize=yes
ac_cv_func_getrlimit=yes
ac_cv_func_getuid=yes
ac_cv_func_madvise=yes
ac_cv_func_mmap_fixed_mapped=yes
ac_cv_func_mprotect=yes
ac_cv_func_shl_load=no
ac_cv_func_sysconf=yes
ac_cv_have_decl____lc_codepage_func=no
ac_cv_have_decl_asprintf=yes
ac_cv_have_decl_basename=yes
ac_cv_have_decl_ffs=yes
ac_cv_have_decl_fopen64=yes
ac_cv_have_decl_fseeko64=yes
ac_cv_have_decl_fseeko=yes
ac_cv_have_decl_ftello64=yes
ac_cv_have_decl_ftello=yes
ac_cv_have_decl_stpcpy=yes
ac_cv_have_decl_strnlen=yes
ac_cv_have_decl_vasprintf=yes
ac_cv_header_dlfcn_h=yes
ac_cv_header_fcntl_h=yes
ac_cv_header_inttypes_h=yes
ac_cv_header_memory_h=yes
ac_cv_header_minix_config_h=no
ac_cv_header_stdc=yes
ac_cv_header_stdint_h=yes
ac_cv_header_stdlib_h=yes
ac_cv_header_string_h=yes
ac_cv_header_strings_h=yes
ac_cv_header_sys_file_h=yes
ac_cv_header_sys_param_h=yes
ac_cv_header_sys_resource_h=yes
ac_cv_header_sys_stat_h=yes
ac_cv_header_sys_types_h=yes
ac_cv_header_unistd_h=yes
ac_cv_header_windows_h=no
ac_cv_host=x86_64-pc-linux-gnu
ac_cv_lib_dld_shl_load=no
ac_cv_lib_m_cos=yes
ac_cv_objext=o
ac_cv_path_EGREP='/usr/bin/grep -E'
ac_cv_path_FGREP='/usr/bin/grep -F'
ac_cv_path_GMSGFMT=/usr/bin/msgfmt
ac_cv_path_GREP=/usr/bin/grep
ac_cv_path_MSGFMT=/usr/bin/msgfmt
ac_cv_path_MSGMERGE=/usr/bin/msgmerge
ac_cv_path_SED=/usr/bin/sed
ac_cv_path_XGETTEXT=/usr/bin/xgettext
ac_cv_path_mkdir=/usr/bin/mkdir
ac_cv_prog_AR='/usr/bin/ar --plugin /usr/lib/gcc/x86_64-pc-linux-gnu/14.1.1/liblto_plugin.so'
ac_cv_prog_AWK=gawk
ac_cv_prog_CC=/usr/bin/gcc
ac_cv_prog_CPP='/usr/bin/gcc -E'
ac_cv_prog_OBJDUMP=objdump
ac_cv_prog_RANLIB='/usr/bin/ranlib --plugin /usr/lib/gcc/x86_64-pc-linux-gnu/14.1.1/liblto_plugin.so'
ac_cv_prog_ac_ct_STRIP=strip
ac_cv_prog_cc_c89=
ac_cv_prog_cc_g=yes
ac_cv_prog_make__usr_bin_make_set=yes
ac_cv_safe_to_define___extensions__=yes
ac_cv_search_dlsym='none required'
ac_cv_sizeof_int=4
ac_cv_sizeof_long=8
ac_cv_sizeof_long_long=8
ac_cv_sizeof_off_t=8
ac_cv_sizeof_void_p=8
ac_cv_sys_file_offset_bits=no
ac_cv_sys_largefile_CC=no
ac_cv_target=aarch64-buildroot-linux-gnu
am_cv_CC_dependencies_compiler_type=none
am_cv_make_support_nested_variables=yes
am_cv_prog_cc_c_o=yes
bfd_cv_hidden=yes
bfd_cv_ld_as_needed=yes
lt_cv_deplibs_check_method=pass_all
lt_cv_dlopen=dlopen
lt_cv_dlopen_libs=
lt_cv_dlopen_self=yes
lt_cv_dlopen_self_static=no
lt_cv_file_magic_cmd='$MAGIC_CMD'
lt_cv_file_magic_test_file=
lt_cv_ld_reload_flag=-r
lt_cv_nm_interface='BSD nm'
lt_cv_objdir=.libs
lt_cv_path_LD=/usr/bin/ld
lt_cv_path_NM='/usr/bin/nm -B'
lt_cv_prog_compiler_c_o=yes
lt_cv_prog_compiler_pic_works=yes
lt_cv_prog_compiler_rtti_exceptions=no
lt_cv_prog_compiler_static_works=yes
lt_cv_prog_gnu_ld=yes
lt_cv_shlibpath_overrides_runpath=yes
lt_cv_sys_global_symbol_pipe='sed -n -e '\''s/^.*[	 ]\([ABCDGIRSTW][ABCDGIRSTW]*\)[	 ][	 ]*\([_A-Za-z][_A-Za-z0-9]*\)$/\1 \2 \2/p'\'''
lt_cv_sys_global_symbol_to_c_name_address='sed -n -e '\''s/^: \([^ ]*\) $/  {\"\1\", (void *) 0},/p'\'' -e '\''s/^[ABCDGIRSTW]* \([^ ]*\) \([^ ]*\)$/  {"\2", (void *) \&\2},/p'\'''
lt_cv_sys_global_symbol_to_c_name_address_lib_prefix='sed -n -e '\''s/^: \([^ ]*\) $/  {\"\1\", (void *) 0},/p'\'' -e '\''s/^[ABCDGIRSTW]* \([^ ]*\) \(lib[^ ]*\)$/  {"\2", (void *) \&\2},/p'\'' -e '\''s/^[ABCDGIRSTW]* \([^ ]*\) \([^ ]*\)$/  {"lib\2", (void *) \&\2},/p'\'''
lt_cv_sys_global_symbol_to_cdecl='sed -n -e '\''s/^T .* \(.*\)$/extern int \1();/p'\'' -e '\''s/^[ABCDGIRSTW]* .* \(.*\)$/extern char \1;/p'\'''
lt_cv_sys_max_cmd_len=1572864

## ----------------- ##
## Output variables. ##
## ----------------- ##

ACLOCAL='${SHELL} /home/erion/Projects/buildroot/output/build/host-binutils-2.40/missing aclocal-1.15'
AMDEPBACKSLASH=''
AMDEP_FALSE=''
AMDEP_TRUE='#'
AMTAR='$${TAR-tar}'
AM_BACKSLASH='\'
AM_DEFAULT_V='$(AM_DEFAULT_VERBOSITY)'
AM_DEFAULT_VERBOSITY='0'
AM_V='$(V)'
AR='/usr/bin/ar --plugin /usr/lib/gcc/x86_64-pc-linux-gnu/14.1.1/liblto_plugin.so --plugin /usr/lib/gcc/x86_64-pc-linux-gnu/14.1.1/liblto_plugin.so'
AUTOCONF='${SHELL} /home/erion/Projects/buildroot/output/build/host-binutils-2.40/missing autoconf'
AUTOHEADER='${SHELL} /home/erion/Projects/buildroot/output/build/host-binutils-2.40/missing autoheader'
AUTOMAKE='${SHELL} /home/erion/Projects/buildroot/output/build/host-binutils-2.40/missing automake-1.15'
AWK='gawk'
CATALOGS=''
CATOBJEXT=''
CC='/usr/bin/gcc'
CCDEPMODE='depmode=none'
CC_FOR_BUILD='/usr/bin/gcc'
CFLAGS='-O2 -I/home/erion/Projects/buildroot/output/host/include    '
COREFILE=''
COREFLAG=''
CPP='/usr/bin/gcc -E'
CPPFLAGS=''
CYGPATH_W='echo'
DATADIRNAME=''
DEBUGDIR='${exec_prefix}/lib/debug'
DEFS='-DHAVE_CONFIG_H'
DEPDIR='.deps'
DSYMUTIL='dsymutil'
DUMPBIN=''
ECHO_C=''
ECHO_N='-n'
ECHO_T=''
EGREP='/usr/bin/grep -E'
ENABLE_BFD_64_BIT_FALSE='#'
ENABLE_BFD_64_BIT_TRUE=''
EXEEXT=''
EXEEXT_FOR_BUILD='$(EXEEXT)'
FGREP='/usr/bin/grep -F'
GENCAT=''
GENINSRC_NEVER_FALSE=''
GENINSRC_NEVER_TRUE='#'
GMSGFMT='/usr/bin/msgfmt'
GREP='/usr/bin/grep'
HDEFINES=''
INCINTL=''
INSTALL_DATA='/usr/bin/install -c -m 644'
INSTALL_LIBBFD_FALSE=''
INSTALL_LIBBFD_TRUE='#'
INSTALL_PROGRAM='/usr/bin/install -c'
INSTALL_SCRIPT='/usr/bin/install -c'
INSTALL_STRIP_PROGRAM='$(install_sh) -c -s'
INSTOBJEXT=''
LARGEFILE_CPPFLAGS=''
LD='/usr/bin/ld -m elf_x86_64'
LDFLAGS=' -L/home/erion/Projects/buildroot/output/host/lib -Wl,-rpath,/home/erion/Projects/buildroot/output/host/lib'
LIBINTL=''
LIBINTL_DEP=''
LIBM='-lm'
LIBOBJS=''
LIBS=''
LIBTOOL='$(SHELL) $(top_builddir)/libtool'
LIPO=''
LN_S='ln -s'
LTLIBOBJS=''
MAINT='#'
MAINTAINER_MODE_FALSE=''
MAINTAINER_MODE_TRUE='#'
MAKEINFO='true --split-size=5000000'
MKDIR_P='/usr/bin/mkdir -p'
MKINSTALLDIRS='$(top_builddir)/./../mkinstalldirs'
MSGFMT='/usr/bin/msgfmt'
MSGMERGE='/usr/bin/msgmerge'
NM='/usr/bin/nm -B'
NMEDIT=''
NO_WERROR=''
OBJDUMP='objdump'
OBJEXT='o'
OTOOL64=''
OTOOL='otool'
PACKAGE='bfd'
PACKAGE_BUGREPORT=''
PACKAGE_NAME='bfd'
PACKAGE_STRING='bfd 2.40'
PACKAGE_TARNAME='bfd'
PACKAGE_URL=''
PACKAGE_VERSION='2.40'
PATH_SEPARATOR=':'
PKGVERSION='(GNU Binutils) '
PKG_CONFIG='/home/erion/Projects/buildroot/output/host/bin/pkg-config'
PKG_CONFIG_LIBDIR='/home/erion/Projects/buildroot/output/host/lib/pkgconfig:/home/erion/Projects/buildroot/output/host/share/pkgconfig'
PKG_CONFIG_PATH=''
PLUGINS_FALSE='#'
PLUGINS_TRUE=''
POSUB=''
RANLIB='/usr/bin/ranlib --plugin /usr/lib/gcc/x86_64-pc-linux-gnu/14.1.1/liblto_plugin.so --plugin /usr/lib/gcc/x86_64-pc-linux-gnu/14.1.1/liblto_plugin.so'
REPORT_BUGS_TEXI='@uref{https://sourceware.org/bugzilla/}'
REPORT_BUGS_TO='<https://sourceware.org/bugzilla/>'
SED='/usr/bin/sed'
SET_MAKE=''
SHARED_LDFLAGS=''
SHARED_LIBADD=' '
SHELL='/bin/sh'
STRIP='strip'
TDEFINES=' '
USE_NLS='no'
VERSION='2.40'
WARN_CFLAGS='-W -Wall -Wstrict-prototypes -Wmissing-prototypes -Wshadow -Wstack-usage=262144'
WARN_CFLAGS_FOR_BUILD='-W -Wall -Wstrict-prototypes -Wmissing-prototypes -Wshadow -Wstack-usage=262144'
WARN_WRITE_STRINGS='-Wwrite-strings'
XGETTEXT='/usr/bin/xgettext'
ZSTD_CFLAGS=''
ZSTD_LIBS=''
ac_ct_CC=''
ac_ct_DUMPBIN=''
all_backends='$(BFD64_BACKENDS) $(BFD32_BACKENDS)'
am__EXEEXT_FALSE=''
am__EXEEXT_TRUE='#'
am__fastdepCC_FALSE=''
am__fastdepCC_TRUE='#'
am__include='include'
am__isrc=''
am__leading_dot='.'
am__nodep=''
am__quote=''
am__tar='$${TAR-tar} chof - "$$tardir"'
am__untar='$${TAR-tar} xf -'
bfd64_libs='$(BFD64_LIBS)'
bfd_backends=' elf64-aarch64.lo elfxx-aarch64.lo elf-ifunc.lo elf64.lo elf.lo elflink.lo elf-attrs.lo elf-strtab.lo elf-eh-frame.lo elf-sframe.lo dwarf1.lo dwarf2.lo elf32-aarch64.lo elf32.lo elf32-arm.lo elf-nacl.lo elf-vxworks.lo pei-aarch64.lo pe-aarch64igen.lo cofflink.lo coffgen.lo pe-aarch64.lo elf64-gen.lo elf32-gen.lo plugin.lo'
bfd_default_target_size='64'
bfd_file_ptr='int64_t'
bfd_machines=' cpu-aarch64.lo cpu-arm.lo'
bfd_ufile_ptr='uint64_t'
bfdincludedir='$(exec_prefix)/$(host_noncanonical)/$(target_noncanonical)/include'
bfdlibdir='$(exec_prefix)/$(host_noncanonical)/$(target_noncanonical)/lib'
bindir='${exec_prefix}/bin'
build='x86_64-pc-linux-gnu'
build_alias='x86_64-pc-linux-gnu'
build_cpu='x86_64'
build_os='linux-gnu'
build_vendor='pc'
datadir='${datarootdir}'
datarootdir='${prefix}/share'
docdir='${datarootdir}/doc/${PACKAGE_TARNAME}'
dvidir='${docdir}'
exec_prefix='${prefix}'
havevecs='-DHAVE_aarch64_elf64_le_vec -DHAVE_aarch64_elf64_be_vec -DHAVE_aarch64_elf32_le_vec -DHAVE_aarch64_elf32_be_vec -DHAVE_arm_elf32_le_vec -DHAVE_arm_elf32_be_vec -DHAVE_aarch64_pei_le_vec -DHAVE_aarch64_pe_le_vec -DHAVE_elf64_le_vec -DHAVE_elf64_be_vec -DHAVE_elf32_le_vec -DHAVE_elf32_be_vec'
host='x86_64-pc-linux-gnu'
host_alias='x86_64-pc-linux-gnu'
host_cpu='x86_64'
host_noncanonical='x86_64-pc-linux-gnu'
host_os='linux-gnu'
host_vendor='pc'
htmldir='${docdir}'
includedir='${prefix}/include'
infodir='${datarootdir}/info'
install_sh='${SHELL} /home/erion/Projects/buildroot/output/build/host-binutils-2.40/install-sh'
libdir='${exec_prefix}/lib'
libexecdir='${exec_prefix}/libexec'
localedir='${datarootdir}/locale'
localstatedir='/home/erion/Projects/buildroot/output/host/var'
lt_cv_dlopen_libs=''
mandir='${datarootdir}/man'
mkdir_p='$(MKDIR_P)'
oldincludedir='/usr/include'
pdfdir='${docdir}'
prefix='/home/erion/Projects/buildroot/output/host'
program_transform_name='s&^&aarch64-buildroot-linux-gnu-&'
psdir='${docdir}'
sbindir='${exec_prefix}/sbin'
sharedstatedir='${prefix}/com'
supports_plugins='1'
sysconfdir='/home/erion/Projects/buildroot/output/host/etc'
target='aarch64-buildroot-linux-gnu'
target_alias='aarch64-buildroot-linux-gnu'
target_cpu='aarch64'
target_noncanonical='aarch64-buildroot-linux-gnu'
target_os='linux-gnu'
target_vendor='buildroot'
tdefaults=' -DDEFAULT_VECTOR=aarch64_elf64_le_vec -DSELECT_VECS='\''&aarch64_elf64_le_vec,&aarch64_elf64_be_vec,&aarch64_elf32_le_vec,&aarch64_elf32_be_vec,&arm_elf32_le_vec,&arm_elf32_be_vec,&aarch64_pei_le_vec,&aarch64_pe_le_vec,&elf64_le_vec,&elf64_be_vec,&elf32_le_vec,&elf32_be_vec'\'' -DSELECT_ARCHITECTURES='\''&bfd_aarch64_arch,&bfd_arm_arch'\'''
wordsize='64'
zlibdir='-L$(top_builddir)/../zlib'
zlibinc='-I$(top_srcdir)/../zlib'

## ----------- ##
## confdefs.h. ##
## ----------- ##

/* confdefs.h */
#define PACKAGE_NAME "bfd"
#define PACKAGE_TARNAME "bfd"
#define PACKAGE_VERSION "2.40"
#define PACKAGE_STRING "bfd 2.40"
#define PACKAGE_BUGREPORT ""
#define PACKAGE_URL ""
#define PACKAGE "bfd"
#define VERSION "2.40"
#define STDC_HEADERS 1
#define HAVE_SYS_TYPES_H 1
#define HAVE_SYS_STAT_H 1
#define HAVE_STDLIB_H 1
#define HAVE_STRING_H 1
#define HAVE_MEMORY_H 1
#define HAVE_STRINGS_H 1
#define HAVE_INTTYPES_H 1
#define HAVE_STDINT_H 1
#define HAVE_UNISTD_H 1
#define __EXTENSIONS__ 1
#define _ALL_SOURCE 1
#define _GNU_SOURCE 1
#define _POSIX_PTHREAD_SEMANTICS 1
#define _TANDEM_SOURCE 1
#define HAVE_DLFCN_H 1
#define LT_OBJDIR ".libs/"
#define HAVE_DLFCN_H 1
#define SIZEOF_VOID_P 8
#define USE_SECUREPLT 1
#define DEFAULT_LD_Z_SEPARATE_CODE 0
#define SIZEOF_LONG_LONG 8
#define SIZEOF_VOID_P 8
#define SIZEOF_LONG 8
#define SIZEOF_INT 4
#define HAVE_FCNTL_H 1
#define HAVE_SYS_FILE_H 1
#define HAVE_SYS_RESOURCE_H 1
#define HAVE_SYS_STAT_H 1
#define HAVE_SYS_TYPES_H 1
#define HAVE_UNISTD_H 1
#define HAVE_FCNTL 1
#define HAVE_FDOPEN 1
#define HAVE_FILENO 1
#define HAVE_GETGID 1
#define HAVE_GETPAGESIZE 1
#define HAVE_GETRLIMIT 1
#define HAVE_GETUID 1
#define HAVE_SYSCONF 1
#define HAVE_DECL_BASENAME 1
#define HAVE_DECL_FFS 1
#define HAVE_DECL_STPCPY 1
#define HAVE_DECL_ASPRINTF 1
#define HAVE_DECL_VASPRINTF 1
#define HAVE_DECL_STRNLEN 1
#define HAVE_DECL____LC_CODEPAGE_FUNC 0
#define HAVE_HIDDEN 1
#define HAVE_FTELLO 1
#define HAVE_FTELLO64 1
#define HAVE_FSEEKO 1
#define HAVE_FSEEKO64 1
#define HAVE_FOPEN64 1
#define HAVE_DECL_FTELLO 1
#define HAVE_DECL_FTELLO64 1
#define HAVE_DECL_FSEEKO 1
#define HAVE_DECL_FSEEKO64 1
#define HAVE_DECL_FOPEN64 1
#define SIZEOF_OFF_T 8
#define HAVE_STDLIB_H 1
#define HAVE_UNISTD_H 1
#define HAVE_SYS_PARAM_H 1
#define HAVE_GETPAGESIZE 1
#define HAVE_MMAP 1
#define HAVE_MADVISE 1
#define HAVE_MPROTECT 1

configure: exit 0

## ---------------------- ##
## Running config.status. ##
## ---------------------- ##

This file was extended by bfd config.status 2.40, which was
generated by GNU Autoconf 2.69.  Invocation command line was

  CONFIG_FILES    = po/Makefile.in:po/Make-in
  CONFIG_HEADERS  = 
  CONFIG_LINKS    = 
  CONFIG_COMMANDS = 
  $ ./config.status 

on archlinux

config.status:1208: creating po/Makefile.in
config.status:1437: executing depfiles commands
config.status:1437: executing libtool commands
config.status:1437: executing default-1 commands
config.status:1437: executing default commands
